#
# There is insufficient memory for the Java Runtime Environment to continue.
# Native memory allocation (mmap) failed to map 65536 bytes. Error detail: Failed to commit metaspace.
# Possible reasons:
#   The system is out of physical RAM or swap space
#   This process is running with CompressedOops enabled, and the Java Heap may be blocking the growth of the native heap
# Possible solutions:
#   Reduce memory load on the system
#   Increase physical memory or swap space
#   Check if swap backing store is full
#   Decrease Java heap size (-Xmx/-Xms)
#   Decrease number of Java threads
#   Decrease Java thread stack sizes (-Xss)
#   Set larger code cache with -XX:ReservedCodeCacheSize=
#   JVM is running with Unscaled Compressed Oops mode in which the Java heap is
#     placed in the first 4GB address space. The Java Heap base address is the
#     maximum limit for the native heap growth. Please use -XX:HeapBaseMinAddress
#     to set the Java Heap base and to place the Java Heap above 4GB virtual address.
# This output file may be truncated or incomplete.
#
#  Out of Memory Error (virtualSpaceNode.cpp:110), pid=11660, tid=3528
#
# JRE version: OpenJDK Runtime Environment Microsoft-9889599 (17.0.12+7) (build 17.0.12+7-LTS)
# Java VM: OpenJDK 64-Bit Server VM Microsoft-9889599 (17.0.12+7-LTS, mixed mode, sharing, tiered, compressed oops, compressed class ptrs, g1 gc, windows-amd64)
# No core dump will be written. Minidumps are not enabled by default on client versions of Windows
#

---------------  S U M M A R Y ------------

Command Line: -XX:MaxMetaspaceSize=512m --add-opens=java.base/java.util=ALL-UNNAMED --add-opens=java.base/java.lang=ALL-UNNAMED --add-opens=java.base/java.lang.invoke=ALL-UNNAMED --add-opens=java.prefs/java.util.prefs=ALL-UNNAMED --add-opens=java.base/java.nio.charset=ALL-UNNAMED --add-opens=java.base/java.net=ALL-UNNAMED --add-opens=java.base/java.util.concurrent.atomic=ALL-UNNAMED -Xmx2048m -Dfile.encoding=utf8 -Duser.country=MX -Duser.language=es -Duser.variant -javaagent:C:\Users\tiliw\.gradle\wrapper\dists\gradle-8.8-all\6gdy1pgp427xkqcjbxw3ylt6h\gradle-8.8\lib\agents\gradle-instrumentation-agent-8.8.jar org.gradle.launcher.daemon.bootstrap.GradleDaemon 8.8

Host: Intel(R) Core(TM) i5-1035G1 CPU @ 1.00GHz, 8 cores, 15G,  Windows 11 , 64 bit Build 22621 (10.0.22621.3958)
Time: Fri Oct  4 11:24:59 2024 Hora estándar central (México) elapsed time: 14.800272 seconds (0d 0h 0m 14s)

---------------  T H R E A D  ---------------

Current thread (0x0000017644075280):  JavaThread "C1 CompilerThread0" daemon [_thread_in_vm, id=3528, stack(0x000000563bf00000,0x000000563c000000)]


Current CompileTask:
C1:  14800 2184       3       java.lang.invoke.LambdaForm$Name::replaceNames (175 bytes)

Stack: [0x000000563bf00000,0x000000563c000000]
Native frames: (J=compiled Java code, j=interpreted, Vv=VM code, C=native code)
V  [jvm.dll+0x686d99]
V  [jvm.dll+0x83daf8]
V  [jvm.dll+0x83f5a3]
V  [jvm.dll+0x83fc13]
V  [jvm.dll+0x2492ef]
V  [jvm.dll+0x8398ad]
V  [jvm.dll+0x62b25e]
V  [jvm.dll+0x62b2ca]
V  [jvm.dll+0x62dab3]
V  [jvm.dll+0x62bc06]
V  [jvm.dll+0x63d1ea]
V  [jvm.dll+0x635e8a]
V  [jvm.dll+0x1cd980]
V  [jvm.dll+0x1cdb70]
V  [jvm.dll+0x135ece]
V  [jvm.dll+0x136208]
V  [jvm.dll+0x135671]
V  [jvm.dll+0x13736d]
V  [jvm.dll+0x229faa]
V  [jvm.dll+0x2280fb]
V  [jvm.dll+0x7f3508]
V  [jvm.dll+0x7ed87c]
V  [jvm.dll+0x685c77]
C  [ucrtbase.dll+0x29333]
C  [KERNEL32.DLL+0x1257d]
C  [ntdll.dll+0x5af28]


---------------  P R O C E S S  ---------------

Threads class SMR info:
_java_thread_list=0x000001764576a580, length=22, elements={
0x00000176068b3b10, 0x0000017624d680e0, 0x0000017624d6a0b0, 0x0000017644002320,
0x0000017644002bf0, 0x00000176440035b0, 0x0000017644005f80, 0x0000017644006d20,
0x0000017644075280, 0x0000017644077040, 0x00000176440a6b50, 0x0000017644281da0,
0x0000017645017c40, 0x0000017645014490, 0x0000017645014eb0, 0x00000176450149a0,
0x0000017645015de0, 0x0000017645017220, 0x0000017645017730, 0x00000176450153c0,
0x0000017645016d10, 0x0000017645016800
}

Java Threads: ( => current thread )
  0x00000176068b3b10 JavaThread "main" [_thread_blocked, id=696, stack(0x000000563b100000,0x000000563b200000)]
  0x0000017624d680e0 JavaThread "Reference Handler" daemon [_thread_blocked, id=23632, stack(0x000000563b800000,0x000000563b900000)]
  0x0000017624d6a0b0 JavaThread "Finalizer" daemon [_thread_blocked, id=11800, stack(0x000000563b900000,0x000000563ba00000)]
  0x0000017644002320 JavaThread "Signal Dispatcher" daemon [_thread_blocked, id=25216, stack(0x000000563ba00000,0x000000563bb00000)]
  0x0000017644002bf0 JavaThread "Attach Listener" daemon [_thread_blocked, id=10356, stack(0x000000563bb00000,0x000000563bc00000)]
  0x00000176440035b0 JavaThread "Service Thread" daemon [_thread_blocked, id=23860, stack(0x000000563bc00000,0x000000563bd00000)]
  0x0000017644005f80 JavaThread "Monitor Deflation Thread" daemon [_thread_blocked, id=14660, stack(0x000000563bd00000,0x000000563be00000)]
  0x0000017644006d20 JavaThread "C2 CompilerThread0" daemon [_thread_in_native, id=19940, stack(0x000000563be00000,0x000000563bf00000)]
=>0x0000017644075280 JavaThread "C1 CompilerThread0" daemon [_thread_in_vm, id=3528, stack(0x000000563bf00000,0x000000563c000000)]
  0x0000017644077040 JavaThread "Sweeper thread" daemon [_thread_blocked, id=16592, stack(0x000000563c000000,0x000000563c100000)]
  0x00000176440a6b50 JavaThread "Common-Cleaner" daemon [_thread_blocked, id=22472, stack(0x000000563c100000,0x000000563c200000)]
  0x0000017644281da0 JavaThread "Notification Thread" daemon [_thread_blocked, id=16200, stack(0x000000563c200000,0x000000563c300000)]
  0x0000017645017c40 JavaThread "Daemon health stats" [_thread_blocked, id=25352, stack(0x000000563c900000,0x000000563ca00000)]
  0x0000017645014490 JavaThread "Incoming local TCP Connector on port 50799" [_thread_in_native, id=18480, stack(0x000000563ca00000,0x000000563cb00000)]
  0x0000017645014eb0 JavaThread "Daemon periodic checks" [_thread_blocked, id=13828, stack(0x000000563cb00000,0x000000563cc00000)]
  0x00000176450149a0 JavaThread "Daemon" [_thread_blocked, id=19752, stack(0x000000563cc00000,0x000000563cd00000)]
  0x0000017645015de0 JavaThread "Handler for socket connection from /127.0.0.1:50799 to /127.0.0.1:50800" [_thread_in_native, id=21872, stack(0x000000563cd00000,0x000000563ce00000)]
  0x0000017645017220 JavaThread "Cancel handler" [_thread_blocked, id=15972, stack(0x000000563ce00000,0x000000563cf00000)]
  0x0000017645017730 JavaThread "Daemon worker" [_thread_in_vm, id=17964, stack(0x000000563cf00000,0x000000563d000000)]
  0x00000176450153c0 JavaThread "Asynchronous log dispatcher for DefaultDaemonConnection: socket connection from /127.0.0.1:50799 to /127.0.0.1:50800" [_thread_blocked, id=19480, stack(0x000000563d000000,0x000000563d100000)]
  0x0000017645016d10 JavaThread "Stdin handler" [_thread_blocked, id=25004, stack(0x000000563d100000,0x000000563d200000)]
  0x0000017645016800 JavaThread "Daemon client event forwarder" [_thread_blocked, id=24196, stack(0x000000563d200000,0x000000563d300000)]

Other Threads:
  0x0000017624d642e0 VMThread "VM Thread" [stack: 0x000000563b700000,0x000000563b800000] [id=5252]
  0x00000176441bfe50 WatcherThread [stack: 0x000000563c300000,0x000000563c400000] [id=6032]
  0x000001760690fa80 GCTaskThread "GC Thread#0" [stack: 0x000000563b200000,0x000000563b300000] [id=13628]
  0x0000017644b9fb20 GCTaskThread "GC Thread#1" [stack: 0x000000563c400000,0x000000563c500000] [id=19660]
  0x0000017644b9fde0 GCTaskThread "GC Thread#2" [stack: 0x000000563c500000,0x000000563c600000] [id=14244]
  0x0000017644ba00a0 GCTaskThread "GC Thread#3" [stack: 0x000000563c600000,0x000000563c700000] [id=21928]
  0x0000017644ba0360 GCTaskThread "GC Thread#4" [stack: 0x000000563c700000,0x000000563c800000] [id=9080]
  0x0000017644f58670 GCTaskThread "GC Thread#5" [stack: 0x000000563c800000,0x000000563c900000] [id=784]
  0x00000176069209d0 ConcurrentGCThread "G1 Main Marker" [stack: 0x000000563b300000,0x000000563b400000] [id=12776]
  0x0000017606922400 ConcurrentGCThread "G1 Conc#0" [stack: 0x000000563b400000,0x000000563b500000] [id=21316]
  0x000001760695e8b0 ConcurrentGCThread "G1 Refine#0" [stack: 0x000000563b500000,0x000000563b600000] [id=15068]
  0x0000017624c1e530 ConcurrentGCThread "G1 Service" [stack: 0x000000563b600000,0x000000563b700000] [id=25504]

Threads with active compile tasks:
C2 CompilerThread0    14883 2179       4       jdk.internal.org.objectweb.asm.Frame::execute (2305 bytes)
C1 CompilerThread0    14883 2184       3       java.lang.invoke.LambdaForm$Name::replaceNames (175 bytes)

VM state: not at safepoint (normal execution)

VM Mutex/Monitor currently owned by a thread:  ([mutex/lock_event])
[0x00000176068afe20] Metaspace_lock - owner thread: 0x0000017644075280
[0x00000176068af5b0] MethodData_lock - owner thread: 0x0000017644075280

Heap address: 0x0000000080000000, size: 2048 MB, Compressed Oops mode: 32-bit

CDS archive(s) mapped at: [0x0000017625000000-0x0000017625bb0000-0x0000017625bb0000), size 12255232, SharedBaseAddress: 0x0000017625000000, ArchiveRelocationMode: 1.
Compressed class space mapped at: 0x0000017626000000-0x0000017640000000, reserved size: 436207616
Narrow klass base: 0x0000017625000000, Narrow klass shift: 0, Narrow klass range: 0x100000000

GC Precious Log:
 CPUs: 8 total, 8 available
 Memory: 16165M
 Large Page Support: Disabled
 NUMA Support: Disabled
 Compressed Oops: Enabled (32-bit)
 Heap Region Size: 1M
 Heap Min Capacity: 8M
 Heap Initial Capacity: 254M
 Heap Max Capacity: 2G
 Pre-touch: Disabled
 Parallel Workers: 8
 Concurrent Workers: 2
 Concurrent Refinement Workers: 8
 Periodic GC: Disabled

Heap:
 garbage-first heap   total 260096K, used 79606K [0x0000000080000000, 0x0000000100000000)
  region size 1024K, 67 young (68608K), 2 survivors (2048K)
 Metaspace       used 13021K, committed 13248K, reserved 491520K
  class space    used 1791K, committed 1920K, reserved 425984K

Heap Regions: E=young(eden), S=young(survivor), O=old, HS=humongous(starts), HC=humongous(continues), CS=collection set, F=free, OA=open archive, CA=closed archive, TAMS=top-at-mark-start (previous, next)
|   0|0x0000000080000000, 0x0000000080100000, 0x0000000080100000|100%|HS|  |TAMS 0x0000000080000000, 0x0000000080000000| Complete 
|   1|0x0000000080100000, 0x0000000080200000, 0x0000000080200000|100%|HC|  |TAMS 0x0000000080100000, 0x0000000080100000| Complete 
|   2|0x0000000080200000, 0x0000000080300000, 0x0000000080300000|100%|HC|  |TAMS 0x0000000080200000, 0x0000000080200000| Complete 
|   3|0x0000000080300000, 0x0000000080400000, 0x0000000080400000|100%|HC|  |TAMS 0x0000000080300000, 0x0000000080300000| Complete 
|   4|0x0000000080400000, 0x0000000080500000, 0x0000000080500000|100%| O|  |TAMS 0x0000000080400000, 0x0000000080400000| Untracked 
|   5|0x0000000080500000, 0x0000000080600000, 0x0000000080600000|100%| O|  |TAMS 0x0000000080500000, 0x0000000080500000| Untracked 
|   6|0x0000000080600000, 0x0000000080700000, 0x0000000080700000|100%| O|  |TAMS 0x0000000080600000, 0x0000000080600000| Untracked 
|   7|0x0000000080700000, 0x0000000080800000, 0x0000000080800000|100%| O|  |TAMS 0x0000000080700000, 0x0000000080700000| Untracked 
|   8|0x0000000080800000, 0x0000000080900000, 0x0000000080900000|100%| O|  |TAMS 0x0000000080800000, 0x0000000080800000| Untracked 
|   9|0x0000000080900000, 0x0000000080a00000, 0x0000000080a00000|100%| O|  |TAMS 0x0000000080900000, 0x0000000080900000| Untracked 
|  10|0x0000000080a00000, 0x0000000080a95a00, 0x0000000080b00000| 58%| O|  |TAMS 0x0000000080a00000, 0x0000000080a00000| Untracked 
|  11|0x0000000080b00000, 0x0000000080c00000, 0x0000000080c00000|100%|HS|  |TAMS 0x0000000080b00000, 0x0000000080b00000| Complete 
|  12|0x0000000080c00000, 0x0000000080d00000, 0x0000000080d00000|100%|HS|  |TAMS 0x0000000080c00000, 0x0000000080c00000| Complete 
|  13|0x0000000080d00000, 0x0000000080d00000, 0x0000000080e00000|  0%| F|  |TAMS 0x0000000080d00000, 0x0000000080d00000| Untracked 
|  14|0x0000000080e00000, 0x0000000080e00000, 0x0000000080f00000|  0%| F|  |TAMS 0x0000000080e00000, 0x0000000080e00000| Untracked 
|  15|0x0000000080f00000, 0x0000000080f00000, 0x0000000081000000|  0%| F|  |TAMS 0x0000000080f00000, 0x0000000080f00000| Untracked 
|  16|0x0000000081000000, 0x0000000081000000, 0x0000000081100000|  0%| F|  |TAMS 0x0000000081000000, 0x0000000081000000| Untracked 
|  17|0x0000000081100000, 0x0000000081100000, 0x0000000081200000|  0%| F|  |TAMS 0x0000000081100000, 0x0000000081100000| Untracked 
|  18|0x0000000081200000, 0x0000000081200000, 0x0000000081300000|  0%| F|  |TAMS 0x0000000081200000, 0x0000000081200000| Untracked 
|  19|0x0000000081300000, 0x0000000081300000, 0x0000000081400000|  0%| F|  |TAMS 0x0000000081300000, 0x0000000081300000| Untracked 
|  20|0x0000000081400000, 0x0000000081400000, 0x0000000081500000|  0%| F|  |TAMS 0x0000000081400000, 0x0000000081400000| Untracked 
|  21|0x0000000081500000, 0x0000000081500000, 0x0000000081600000|  0%| F|  |TAMS 0x0000000081500000, 0x0000000081500000| Untracked 
|  22|0x0000000081600000, 0x0000000081600000, 0x0000000081700000|  0%| F|  |TAMS 0x0000000081600000, 0x0000000081600000| Untracked 
|  23|0x0000000081700000, 0x0000000081700000, 0x0000000081800000|  0%| F|  |TAMS 0x0000000081700000, 0x0000000081700000| Untracked 
|  24|0x0000000081800000, 0x0000000081800000, 0x0000000081900000|  0%| F|  |TAMS 0x0000000081800000, 0x0000000081800000| Untracked 
|  25|0x0000000081900000, 0x0000000081900000, 0x0000000081a00000|  0%| F|  |TAMS 0x0000000081900000, 0x0000000081900000| Untracked 
|  26|0x0000000081a00000, 0x0000000081a00000, 0x0000000081b00000|  0%| F|  |TAMS 0x0000000081a00000, 0x0000000081a00000| Untracked 
|  27|0x0000000081b00000, 0x0000000081b00000, 0x0000000081c00000|  0%| F|  |TAMS 0x0000000081b00000, 0x0000000081b00000| Untracked 
|  28|0x0000000081c00000, 0x0000000081c00000, 0x0000000081d00000|  0%| F|  |TAMS 0x0000000081c00000, 0x0000000081c00000| Untracked 
|  29|0x0000000081d00000, 0x0000000081d00000, 0x0000000081e00000|  0%| F|  |TAMS 0x0000000081d00000, 0x0000000081d00000| Untracked 
|  30|0x0000000081e00000, 0x0000000081e00000, 0x0000000081f00000|  0%| F|  |TAMS 0x0000000081e00000, 0x0000000081e00000| Untracked 
|  31|0x0000000081f00000, 0x0000000081f00000, 0x0000000082000000|  0%| F|  |TAMS 0x0000000081f00000, 0x0000000081f00000| Untracked 
|  32|0x0000000082000000, 0x0000000082000000, 0x0000000082100000|  0%| F|  |TAMS 0x0000000082000000, 0x0000000082000000| Untracked 
|  33|0x0000000082100000, 0x0000000082100000, 0x0000000082200000|  0%| F|  |TAMS 0x0000000082100000, 0x0000000082100000| Untracked 
|  34|0x0000000082200000, 0x0000000082200000, 0x0000000082300000|  0%| F|  |TAMS 0x0000000082200000, 0x0000000082200000| Untracked 
|  35|0x0000000082300000, 0x0000000082300000, 0x0000000082400000|  0%| F|  |TAMS 0x0000000082300000, 0x0000000082300000| Untracked 
|  36|0x0000000082400000, 0x0000000082400000, 0x0000000082500000|  0%| F|  |TAMS 0x0000000082400000, 0x0000000082400000| Untracked 
|  37|0x0000000082500000, 0x0000000082500000, 0x0000000082600000|  0%| F|  |TAMS 0x0000000082500000, 0x0000000082500000| Untracked 
|  38|0x0000000082600000, 0x0000000082600000, 0x0000000082700000|  0%| F|  |TAMS 0x0000000082600000, 0x0000000082600000| Untracked 
|  39|0x0000000082700000, 0x0000000082700000, 0x0000000082800000|  0%| F|  |TAMS 0x0000000082700000, 0x0000000082700000| Untracked 
|  40|0x0000000082800000, 0x0000000082800000, 0x0000000082900000|  0%| F|  |TAMS 0x0000000082800000, 0x0000000082800000| Untracked 
|  41|0x0000000082900000, 0x0000000082900000, 0x0000000082a00000|  0%| F|  |TAMS 0x0000000082900000, 0x0000000082900000| Untracked 
|  42|0x0000000082a00000, 0x0000000082a00000, 0x0000000082b00000|  0%| F|  |TAMS 0x0000000082a00000, 0x0000000082a00000| Untracked 
|  43|0x0000000082b00000, 0x0000000082b00000, 0x0000000082c00000|  0%| F|  |TAMS 0x0000000082b00000, 0x0000000082b00000| Untracked 
|  44|0x0000000082c00000, 0x0000000082c00000, 0x0000000082d00000|  0%| F|  |TAMS 0x0000000082c00000, 0x0000000082c00000| Untracked 
|  45|0x0000000082d00000, 0x0000000082d00000, 0x0000000082e00000|  0%| F|  |TAMS 0x0000000082d00000, 0x0000000082d00000| Untracked 
|  46|0x0000000082e00000, 0x0000000082e00000, 0x0000000082f00000|  0%| F|  |TAMS 0x0000000082e00000, 0x0000000082e00000| Untracked 
|  47|0x0000000082f00000, 0x0000000082f00000, 0x0000000083000000|  0%| F|  |TAMS 0x0000000082f00000, 0x0000000082f00000| Untracked 
|  48|0x0000000083000000, 0x0000000083000000, 0x0000000083100000|  0%| F|  |TAMS 0x0000000083000000, 0x0000000083000000| Untracked 
|  49|0x0000000083100000, 0x0000000083100000, 0x0000000083200000|  0%| F|  |TAMS 0x0000000083100000, 0x0000000083100000| Untracked 
|  50|0x0000000083200000, 0x0000000083200000, 0x0000000083300000|  0%| F|  |TAMS 0x0000000083200000, 0x0000000083200000| Untracked 
|  51|0x0000000083300000, 0x0000000083300000, 0x0000000083400000|  0%| F|  |TAMS 0x0000000083300000, 0x0000000083300000| Untracked 
|  52|0x0000000083400000, 0x0000000083400000, 0x0000000083500000|  0%| F|  |TAMS 0x0000000083400000, 0x0000000083400000| Untracked 
|  53|0x0000000083500000, 0x0000000083500000, 0x0000000083600000|  0%| F|  |TAMS 0x0000000083500000, 0x0000000083500000| Untracked 
|  54|0x0000000083600000, 0x0000000083600000, 0x0000000083700000|  0%| F|  |TAMS 0x0000000083600000, 0x0000000083600000| Untracked 
|  55|0x0000000083700000, 0x0000000083700000, 0x0000000083800000|  0%| F|  |TAMS 0x0000000083700000, 0x0000000083700000| Untracked 
|  56|0x0000000083800000, 0x0000000083800000, 0x0000000083900000|  0%| F|  |TAMS 0x0000000083800000, 0x0000000083800000| Untracked 
|  57|0x0000000083900000, 0x0000000083900000, 0x0000000083a00000|  0%| F|  |TAMS 0x0000000083900000, 0x0000000083900000| Untracked 
|  58|0x0000000083a00000, 0x0000000083a00000, 0x0000000083b00000|  0%| F|  |TAMS 0x0000000083a00000, 0x0000000083a00000| Untracked 
|  59|0x0000000083b00000, 0x0000000083b00000, 0x0000000083c00000|  0%| F|  |TAMS 0x0000000083b00000, 0x0000000083b00000| Untracked 
|  60|0x0000000083c00000, 0x0000000083c00000, 0x0000000083d00000|  0%| F|  |TAMS 0x0000000083c00000, 0x0000000083c00000| Untracked 
|  61|0x0000000083d00000, 0x0000000083d00000, 0x0000000083e00000|  0%| F|  |TAMS 0x0000000083d00000, 0x0000000083d00000| Untracked 
|  62|0x0000000083e00000, 0x0000000083e00000, 0x0000000083f00000|  0%| F|  |TAMS 0x0000000083e00000, 0x0000000083e00000| Untracked 
|  63|0x0000000083f00000, 0x0000000083f00000, 0x0000000084000000|  0%| F|  |TAMS 0x0000000083f00000, 0x0000000083f00000| Untracked 
|  64|0x0000000084000000, 0x0000000084000000, 0x0000000084100000|  0%| F|  |TAMS 0x0000000084000000, 0x0000000084000000| Untracked 
|  65|0x0000000084100000, 0x0000000084100000, 0x0000000084200000|  0%| F|  |TAMS 0x0000000084100000, 0x0000000084100000| Untracked 
|  66|0x0000000084200000, 0x0000000084200000, 0x0000000084300000|  0%| F|  |TAMS 0x0000000084200000, 0x0000000084200000| Untracked 
|  67|0x0000000084300000, 0x0000000084300000, 0x0000000084400000|  0%| F|  |TAMS 0x0000000084300000, 0x0000000084300000| Untracked 
|  68|0x0000000084400000, 0x0000000084400000, 0x0000000084500000|  0%| F|  |TAMS 0x0000000084400000, 0x0000000084400000| Untracked 
|  69|0x0000000084500000, 0x0000000084500000, 0x0000000084600000|  0%| F|  |TAMS 0x0000000084500000, 0x0000000084500000| Untracked 
|  70|0x0000000084600000, 0x0000000084600000, 0x0000000084700000|  0%| F|  |TAMS 0x0000000084600000, 0x0000000084600000| Untracked 
|  71|0x0000000084700000, 0x0000000084700000, 0x0000000084800000|  0%| F|  |TAMS 0x0000000084700000, 0x0000000084700000| Untracked 
|  72|0x0000000084800000, 0x0000000084800000, 0x0000000084900000|  0%| F|  |TAMS 0x0000000084800000, 0x0000000084800000| Untracked 
|  73|0x0000000084900000, 0x0000000084900000, 0x0000000084a00000|  0%| F|  |TAMS 0x0000000084900000, 0x0000000084900000| Untracked 
|  74|0x0000000084a00000, 0x0000000084a00000, 0x0000000084b00000|  0%| F|  |TAMS 0x0000000084a00000, 0x0000000084a00000| Untracked 
|  75|0x0000000084b00000, 0x0000000084b00000, 0x0000000084c00000|  0%| F|  |TAMS 0x0000000084b00000, 0x0000000084b00000| Untracked 
|  76|0x0000000084c00000, 0x0000000084c00000, 0x0000000084d00000|  0%| F|  |TAMS 0x0000000084c00000, 0x0000000084c00000| Untracked 
|  77|0x0000000084d00000, 0x0000000084d00000, 0x0000000084e00000|  0%| F|  |TAMS 0x0000000084d00000, 0x0000000084d00000| Untracked 
|  78|0x0000000084e00000, 0x0000000084e00000, 0x0000000084f00000|  0%| F|  |TAMS 0x0000000084e00000, 0x0000000084e00000| Untracked 
|  79|0x0000000084f00000, 0x0000000084f00000, 0x0000000085000000|  0%| F|  |TAMS 0x0000000084f00000, 0x0000000084f00000| Untracked 
|  80|0x0000000085000000, 0x0000000085000000, 0x0000000085100000|  0%| F|  |TAMS 0x0000000085000000, 0x0000000085000000| Untracked 
|  81|0x0000000085100000, 0x0000000085100000, 0x0000000085200000|  0%| F|  |TAMS 0x0000000085100000, 0x0000000085100000| Untracked 
|  82|0x0000000085200000, 0x0000000085200000, 0x0000000085300000|  0%| F|  |TAMS 0x0000000085200000, 0x0000000085200000| Untracked 
|  83|0x0000000085300000, 0x0000000085300000, 0x0000000085400000|  0%| F|  |TAMS 0x0000000085300000, 0x0000000085300000| Untracked 
|  84|0x0000000085400000, 0x0000000085400000, 0x0000000085500000|  0%| F|  |TAMS 0x0000000085400000, 0x0000000085400000| Untracked 
|  85|0x0000000085500000, 0x0000000085500000, 0x0000000085600000|  0%| F|  |TAMS 0x0000000085500000, 0x0000000085500000| Untracked 
|  86|0x0000000085600000, 0x0000000085600000, 0x0000000085700000|  0%| F|  |TAMS 0x0000000085600000, 0x0000000085600000| Untracked 
|  87|0x0000000085700000, 0x0000000085700000, 0x0000000085800000|  0%| F|  |TAMS 0x0000000085700000, 0x0000000085700000| Untracked 
|  88|0x0000000085800000, 0x0000000085800000, 0x0000000085900000|  0%| F|  |TAMS 0x0000000085800000, 0x0000000085800000| Untracked 
|  89|0x0000000085900000, 0x0000000085900000, 0x0000000085a00000|  0%| F|  |TAMS 0x0000000085900000, 0x0000000085900000| Untracked 
|  90|0x0000000085a00000, 0x0000000085a00000, 0x0000000085b00000|  0%| F|  |TAMS 0x0000000085a00000, 0x0000000085a00000| Untracked 
|  91|0x0000000085b00000, 0x0000000085b00000, 0x0000000085c00000|  0%| F|  |TAMS 0x0000000085b00000, 0x0000000085b00000| Untracked 
|  92|0x0000000085c00000, 0x0000000085c00000, 0x0000000085d00000|  0%| F|  |TAMS 0x0000000085c00000, 0x0000000085c00000| Untracked 
|  93|0x0000000085d00000, 0x0000000085d00000, 0x0000000085e00000|  0%| F|  |TAMS 0x0000000085d00000, 0x0000000085d00000| Untracked 
|  94|0x0000000085e00000, 0x0000000085e00000, 0x0000000085f00000|  0%| F|  |TAMS 0x0000000085e00000, 0x0000000085e00000| Untracked 
|  95|0x0000000085f00000, 0x0000000085f00000, 0x0000000086000000|  0%| F|  |TAMS 0x0000000085f00000, 0x0000000085f00000| Untracked 
|  96|0x0000000086000000, 0x0000000086000000, 0x0000000086100000|  0%| F|  |TAMS 0x0000000086000000, 0x0000000086000000| Untracked 
|  97|0x0000000086100000, 0x0000000086100000, 0x0000000086200000|  0%| F|  |TAMS 0x0000000086100000, 0x0000000086100000| Untracked 
|  98|0x0000000086200000, 0x0000000086200000, 0x0000000086300000|  0%| F|  |TAMS 0x0000000086200000, 0x0000000086200000| Untracked 
|  99|0x0000000086300000, 0x0000000086300000, 0x0000000086400000|  0%| F|  |TAMS 0x0000000086300000, 0x0000000086300000| Untracked 
| 100|0x0000000086400000, 0x0000000086400000, 0x0000000086500000|  0%| F|  |TAMS 0x0000000086400000, 0x0000000086400000| Untracked 
| 101|0x0000000086500000, 0x0000000086500000, 0x0000000086600000|  0%| F|  |TAMS 0x0000000086500000, 0x0000000086500000| Untracked 
| 102|0x0000000086600000, 0x0000000086600000, 0x0000000086700000|  0%| F|  |TAMS 0x0000000086600000, 0x0000000086600000| Untracked 
| 103|0x0000000086700000, 0x0000000086700000, 0x0000000086800000|  0%| F|  |TAMS 0x0000000086700000, 0x0000000086700000| Untracked 
| 104|0x0000000086800000, 0x0000000086800000, 0x0000000086900000|  0%| F|  |TAMS 0x0000000086800000, 0x0000000086800000| Untracked 
| 105|0x0000000086900000, 0x0000000086900000, 0x0000000086a00000|  0%| F|  |TAMS 0x0000000086900000, 0x0000000086900000| Untracked 
| 106|0x0000000086a00000, 0x0000000086a00000, 0x0000000086b00000|  0%| F|  |TAMS 0x0000000086a00000, 0x0000000086a00000| Untracked 
| 107|0x0000000086b00000, 0x0000000086b00000, 0x0000000086c00000|  0%| F|  |TAMS 0x0000000086b00000, 0x0000000086b00000| Untracked 
| 108|0x0000000086c00000, 0x0000000086c00000, 0x0000000086d00000|  0%| F|  |TAMS 0x0000000086c00000, 0x0000000086c00000| Untracked 
| 109|0x0000000086d00000, 0x0000000086d00000, 0x0000000086e00000|  0%| F|  |TAMS 0x0000000086d00000, 0x0000000086d00000| Untracked 
| 110|0x0000000086e00000, 0x0000000086e00000, 0x0000000086f00000|  0%| F|  |TAMS 0x0000000086e00000, 0x0000000086e00000| Untracked 
| 111|0x0000000086f00000, 0x0000000086f00000, 0x0000000087000000|  0%| F|  |TAMS 0x0000000086f00000, 0x0000000086f00000| Untracked 
| 112|0x0000000087000000, 0x0000000087000000, 0x0000000087100000|  0%| F|  |TAMS 0x0000000087000000, 0x0000000087000000| Untracked 
| 113|0x0000000087100000, 0x0000000087100000, 0x0000000087200000|  0%| F|  |TAMS 0x0000000087100000, 0x0000000087100000| Untracked 
| 114|0x0000000087200000, 0x0000000087200000, 0x0000000087300000|  0%| F|  |TAMS 0x0000000087200000, 0x0000000087200000| Untracked 
| 115|0x0000000087300000, 0x0000000087300000, 0x0000000087400000|  0%| F|  |TAMS 0x0000000087300000, 0x0000000087300000| Untracked 
| 116|0x0000000087400000, 0x0000000087400000, 0x0000000087500000|  0%| F|  |TAMS 0x0000000087400000, 0x0000000087400000| Untracked 
| 117|0x0000000087500000, 0x0000000087500000, 0x0000000087600000|  0%| F|  |TAMS 0x0000000087500000, 0x0000000087500000| Untracked 
| 118|0x0000000087600000, 0x0000000087600000, 0x0000000087700000|  0%| F|  |TAMS 0x0000000087600000, 0x0000000087600000| Untracked 
| 119|0x0000000087700000, 0x0000000087700000, 0x0000000087800000|  0%| F|  |TAMS 0x0000000087700000, 0x0000000087700000| Untracked 
| 120|0x0000000087800000, 0x0000000087800000, 0x0000000087900000|  0%| F|  |TAMS 0x0000000087800000, 0x0000000087800000| Untracked 
| 121|0x0000000087900000, 0x0000000087900000, 0x0000000087a00000|  0%| F|  |TAMS 0x0000000087900000, 0x0000000087900000| Untracked 
| 122|0x0000000087a00000, 0x0000000087a00000, 0x0000000087b00000|  0%| F|  |TAMS 0x0000000087a00000, 0x0000000087a00000| Untracked 
| 123|0x0000000087b00000, 0x0000000087b00000, 0x0000000087c00000|  0%| F|  |TAMS 0x0000000087b00000, 0x0000000087b00000| Untracked 
| 124|0x0000000087c00000, 0x0000000087c00000, 0x0000000087d00000|  0%| F|  |TAMS 0x0000000087c00000, 0x0000000087c00000| Untracked 
| 125|0x0000000087d00000, 0x0000000087d00000, 0x0000000087e00000|  0%| F|  |TAMS 0x0000000087d00000, 0x0000000087d00000| Untracked 
| 126|0x0000000087e00000, 0x0000000087e00000, 0x0000000087f00000|  0%| F|  |TAMS 0x0000000087e00000, 0x0000000087e00000| Untracked 
| 127|0x0000000087f00000, 0x0000000087f00000, 0x0000000088000000|  0%| F|  |TAMS 0x0000000087f00000, 0x0000000087f00000| Untracked 
| 128|0x0000000088000000, 0x0000000088000000, 0x0000000088100000|  0%| F|  |TAMS 0x0000000088000000, 0x0000000088000000| Untracked 
| 129|0x0000000088100000, 0x0000000088100000, 0x0000000088200000|  0%| F|  |TAMS 0x0000000088100000, 0x0000000088100000| Untracked 
| 130|0x0000000088200000, 0x0000000088200000, 0x0000000088300000|  0%| F|  |TAMS 0x0000000088200000, 0x0000000088200000| Untracked 
| 131|0x0000000088300000, 0x0000000088300000, 0x0000000088400000|  0%| F|  |TAMS 0x0000000088300000, 0x0000000088300000| Untracked 
| 132|0x0000000088400000, 0x0000000088400000, 0x0000000088500000|  0%| F|  |TAMS 0x0000000088400000, 0x0000000088400000| Untracked 
| 133|0x0000000088500000, 0x0000000088500000, 0x0000000088600000|  0%| F|  |TAMS 0x0000000088500000, 0x0000000088500000| Untracked 
| 134|0x0000000088600000, 0x0000000088600000, 0x0000000088700000|  0%| F|  |TAMS 0x0000000088600000, 0x0000000088600000| Untracked 
| 135|0x0000000088700000, 0x0000000088700000, 0x0000000088800000|  0%| F|  |TAMS 0x0000000088700000, 0x0000000088700000| Untracked 
| 136|0x0000000088800000, 0x0000000088800000, 0x0000000088900000|  0%| F|  |TAMS 0x0000000088800000, 0x0000000088800000| Untracked 
| 137|0x0000000088900000, 0x0000000088900000, 0x0000000088a00000|  0%| F|  |TAMS 0x0000000088900000, 0x0000000088900000| Untracked 
| 138|0x0000000088a00000, 0x0000000088a00000, 0x0000000088b00000|  0%| F|  |TAMS 0x0000000088a00000, 0x0000000088a00000| Untracked 
| 139|0x0000000088b00000, 0x0000000088b00000, 0x0000000088c00000|  0%| F|  |TAMS 0x0000000088b00000, 0x0000000088b00000| Untracked 
| 140|0x0000000088c00000, 0x0000000088c00000, 0x0000000088d00000|  0%| F|  |TAMS 0x0000000088c00000, 0x0000000088c00000| Untracked 
| 141|0x0000000088d00000, 0x0000000088d00000, 0x0000000088e00000|  0%| F|  |TAMS 0x0000000088d00000, 0x0000000088d00000| Untracked 
| 142|0x0000000088e00000, 0x0000000088e00000, 0x0000000088f00000|  0%| F|  |TAMS 0x0000000088e00000, 0x0000000088e00000| Untracked 
| 143|0x0000000088f00000, 0x0000000088f00000, 0x0000000089000000|  0%| F|  |TAMS 0x0000000088f00000, 0x0000000088f00000| Untracked 
| 144|0x0000000089000000, 0x0000000089000000, 0x0000000089100000|  0%| F|  |TAMS 0x0000000089000000, 0x0000000089000000| Untracked 
| 145|0x0000000089100000, 0x0000000089100000, 0x0000000089200000|  0%| F|  |TAMS 0x0000000089100000, 0x0000000089100000| Untracked 
| 146|0x0000000089200000, 0x0000000089200000, 0x0000000089300000|  0%| F|  |TAMS 0x0000000089200000, 0x0000000089200000| Untracked 
| 147|0x0000000089300000, 0x0000000089300000, 0x0000000089400000|  0%| F|  |TAMS 0x0000000089300000, 0x0000000089300000| Untracked 
| 148|0x0000000089400000, 0x0000000089400000, 0x0000000089500000|  0%| F|  |TAMS 0x0000000089400000, 0x0000000089400000| Untracked 
| 149|0x0000000089500000, 0x0000000089500000, 0x0000000089600000|  0%| F|  |TAMS 0x0000000089500000, 0x0000000089500000| Untracked 
| 150|0x0000000089600000, 0x0000000089600000, 0x0000000089700000|  0%| F|  |TAMS 0x0000000089600000, 0x0000000089600000| Untracked 
| 151|0x0000000089700000, 0x0000000089700000, 0x0000000089800000|  0%| F|  |TAMS 0x0000000089700000, 0x0000000089700000| Untracked 
| 152|0x0000000089800000, 0x0000000089800000, 0x0000000089900000|  0%| F|  |TAMS 0x0000000089800000, 0x0000000089800000| Untracked 
| 153|0x0000000089900000, 0x0000000089900000, 0x0000000089a00000|  0%| F|  |TAMS 0x0000000089900000, 0x0000000089900000| Untracked 
| 154|0x0000000089a00000, 0x0000000089a00000, 0x0000000089b00000|  0%| F|  |TAMS 0x0000000089a00000, 0x0000000089a00000| Untracked 
| 155|0x0000000089b00000, 0x0000000089b00000, 0x0000000089c00000|  0%| F|  |TAMS 0x0000000089b00000, 0x0000000089b00000| Untracked 
| 156|0x0000000089c00000, 0x0000000089c00000, 0x0000000089d00000|  0%| F|  |TAMS 0x0000000089c00000, 0x0000000089c00000| Untracked 
| 157|0x0000000089d00000, 0x0000000089d00000, 0x0000000089e00000|  0%| F|  |TAMS 0x0000000089d00000, 0x0000000089d00000| Untracked 
| 158|0x0000000089e00000, 0x0000000089e00000, 0x0000000089f00000|  0%| F|  |TAMS 0x0000000089e00000, 0x0000000089e00000| Untracked 
| 159|0x0000000089f00000, 0x0000000089f00000, 0x000000008a000000|  0%| F|  |TAMS 0x0000000089f00000, 0x0000000089f00000| Untracked 
| 160|0x000000008a000000, 0x000000008a000000, 0x000000008a100000|  0%| F|  |TAMS 0x000000008a000000, 0x000000008a000000| Untracked 
| 161|0x000000008a100000, 0x000000008a100000, 0x000000008a200000|  0%| F|  |TAMS 0x000000008a100000, 0x000000008a100000| Untracked 
| 162|0x000000008a200000, 0x000000008a200000, 0x000000008a300000|  0%| F|  |TAMS 0x000000008a200000, 0x000000008a200000| Untracked 
| 163|0x000000008a300000, 0x000000008a300000, 0x000000008a400000|  0%| F|  |TAMS 0x000000008a300000, 0x000000008a300000| Untracked 
| 164|0x000000008a400000, 0x000000008a400000, 0x000000008a500000|  0%| F|  |TAMS 0x000000008a400000, 0x000000008a400000| Untracked 
| 165|0x000000008a500000, 0x000000008a500000, 0x000000008a600000|  0%| F|  |TAMS 0x000000008a500000, 0x000000008a500000| Untracked 
| 166|0x000000008a600000, 0x000000008a600000, 0x000000008a700000|  0%| F|  |TAMS 0x000000008a600000, 0x000000008a600000| Untracked 
| 167|0x000000008a700000, 0x000000008a700000, 0x000000008a800000|  0%| F|  |TAMS 0x000000008a700000, 0x000000008a700000| Untracked 
| 168|0x000000008a800000, 0x000000008a800000, 0x000000008a900000|  0%| F|  |TAMS 0x000000008a800000, 0x000000008a800000| Untracked 
| 169|0x000000008a900000, 0x000000008a900000, 0x000000008aa00000|  0%| F|  |TAMS 0x000000008a900000, 0x000000008a900000| Untracked 
| 170|0x000000008aa00000, 0x000000008aa00000, 0x000000008ab00000|  0%| F|  |TAMS 0x000000008aa00000, 0x000000008aa00000| Untracked 
| 171|0x000000008ab00000, 0x000000008ab00000, 0x000000008ac00000|  0%| F|  |TAMS 0x000000008ab00000, 0x000000008ab00000| Untracked 
| 172|0x000000008ac00000, 0x000000008ac00000, 0x000000008ad00000|  0%| F|  |TAMS 0x000000008ac00000, 0x000000008ac00000| Untracked 
| 173|0x000000008ad00000, 0x000000008ad00000, 0x000000008ae00000|  0%| F|  |TAMS 0x000000008ad00000, 0x000000008ad00000| Untracked 
| 174|0x000000008ae00000, 0x000000008ae00000, 0x000000008af00000|  0%| F|  |TAMS 0x000000008ae00000, 0x000000008ae00000| Untracked 
| 175|0x000000008af00000, 0x000000008af00000, 0x000000008b000000|  0%| F|  |TAMS 0x000000008af00000, 0x000000008af00000| Untracked 
| 176|0x000000008b000000, 0x000000008b000000, 0x000000008b100000|  0%| F|  |TAMS 0x000000008b000000, 0x000000008b000000| Untracked 
| 177|0x000000008b100000, 0x000000008b100000, 0x000000008b200000|  0%| F|  |TAMS 0x000000008b100000, 0x000000008b100000| Untracked 
| 178|0x000000008b200000, 0x000000008b200000, 0x000000008b300000|  0%| F|  |TAMS 0x000000008b200000, 0x000000008b200000| Untracked 
| 179|0x000000008b300000, 0x000000008b300000, 0x000000008b400000|  0%| F|  |TAMS 0x000000008b300000, 0x000000008b300000| Untracked 
| 180|0x000000008b400000, 0x000000008b400000, 0x000000008b500000|  0%| F|  |TAMS 0x000000008b400000, 0x000000008b400000| Untracked 
| 181|0x000000008b500000, 0x000000008b500000, 0x000000008b600000|  0%| F|  |TAMS 0x000000008b500000, 0x000000008b500000| Untracked 
| 182|0x000000008b600000, 0x000000008b600000, 0x000000008b700000|  0%| F|  |TAMS 0x000000008b600000, 0x000000008b600000| Untracked 
| 183|0x000000008b700000, 0x000000008b700000, 0x000000008b800000|  0%| F|  |TAMS 0x000000008b700000, 0x000000008b700000| Untracked 
| 184|0x000000008b800000, 0x000000008b800000, 0x000000008b900000|  0%| F|  |TAMS 0x000000008b800000, 0x000000008b800000| Untracked 
| 185|0x000000008b900000, 0x000000008b900000, 0x000000008ba00000|  0%| F|  |TAMS 0x000000008b900000, 0x000000008b900000| Untracked 
| 186|0x000000008ba00000, 0x000000008ba00000, 0x000000008bb00000|  0%| F|  |TAMS 0x000000008ba00000, 0x000000008ba00000| Untracked 
| 187|0x000000008bb00000, 0x000000008bc00000, 0x000000008bc00000|100%| E|  |TAMS 0x000000008bb00000, 0x000000008bb00000| Complete 
| 188|0x000000008bc00000, 0x000000008bd00000, 0x000000008bd00000|100%| E|CS|TAMS 0x000000008bc00000, 0x000000008bc00000| Complete 
| 189|0x000000008bd00000, 0x000000008be00000, 0x000000008be00000|100%| E|CS|TAMS 0x000000008bd00000, 0x000000008bd00000| Complete 
| 190|0x000000008be00000, 0x000000008bf00000, 0x000000008bf00000|100%| E|CS|TAMS 0x000000008be00000, 0x000000008be00000| Complete 
| 191|0x000000008bf00000, 0x000000008c000000, 0x000000008c000000|100%| E|CS|TAMS 0x000000008bf00000, 0x000000008bf00000| Complete 
| 192|0x000000008c000000, 0x000000008c100000, 0x000000008c100000|100%| E|CS|TAMS 0x000000008c000000, 0x000000008c000000| Complete 
| 193|0x000000008c100000, 0x000000008c200000, 0x000000008c200000|100%| E|CS|TAMS 0x000000008c100000, 0x000000008c100000| Complete 
| 194|0x000000008c200000, 0x000000008c300000, 0x000000008c300000|100%| E|CS|TAMS 0x000000008c200000, 0x000000008c200000| Complete 
| 195|0x000000008c300000, 0x000000008c400000, 0x000000008c400000|100%| E|CS|TAMS 0x000000008c300000, 0x000000008c300000| Complete 
| 196|0x000000008c400000, 0x000000008c500000, 0x000000008c500000|100%| E|CS|TAMS 0x000000008c400000, 0x000000008c400000| Complete 
| 197|0x000000008c500000, 0x000000008c600000, 0x000000008c600000|100%| E|CS|TAMS 0x000000008c500000, 0x000000008c500000| Complete 
| 198|0x000000008c600000, 0x000000008c700000, 0x000000008c700000|100%| E|CS|TAMS 0x000000008c600000, 0x000000008c600000| Complete 
| 199|0x000000008c700000, 0x000000008c800000, 0x000000008c800000|100%| E|CS|TAMS 0x000000008c700000, 0x000000008c700000| Complete 
| 200|0x000000008c800000, 0x000000008c900000, 0x000000008c900000|100%| E|CS|TAMS 0x000000008c800000, 0x000000008c800000| Complete 
| 201|0x000000008c900000, 0x000000008ca00000, 0x000000008ca00000|100%| E|CS|TAMS 0x000000008c900000, 0x000000008c900000| Complete 
| 202|0x000000008ca00000, 0x000000008cb00000, 0x000000008cb00000|100%| E|CS|TAMS 0x000000008ca00000, 0x000000008ca00000| Complete 
| 203|0x000000008cb00000, 0x000000008cc00000, 0x000000008cc00000|100%| E|CS|TAMS 0x000000008cb00000, 0x000000008cb00000| Complete 
| 204|0x000000008cc00000, 0x000000008cd00000, 0x000000008cd00000|100%| E|CS|TAMS 0x000000008cc00000, 0x000000008cc00000| Complete 
| 205|0x000000008cd00000, 0x000000008ce00000, 0x000000008ce00000|100%| E|CS|TAMS 0x000000008cd00000, 0x000000008cd00000| Complete 
| 206|0x000000008ce00000, 0x000000008cf00000, 0x000000008cf00000|100%| E|CS|TAMS 0x000000008ce00000, 0x000000008ce00000| Complete 
| 207|0x000000008cf00000, 0x000000008d000000, 0x000000008d000000|100%| E|CS|TAMS 0x000000008cf00000, 0x000000008cf00000| Complete 
| 208|0x000000008d000000, 0x000000008d100000, 0x000000008d100000|100%| E|CS|TAMS 0x000000008d000000, 0x000000008d000000| Complete 
| 209|0x000000008d100000, 0x000000008d200000, 0x000000008d200000|100%| E|CS|TAMS 0x000000008d100000, 0x000000008d100000| Complete 
| 210|0x000000008d200000, 0x000000008d300000, 0x000000008d300000|100%| E|CS|TAMS 0x000000008d200000, 0x000000008d200000| Complete 
| 211|0x000000008d300000, 0x000000008d400000, 0x000000008d400000|100%| E|CS|TAMS 0x000000008d300000, 0x000000008d300000| Complete 
| 212|0x000000008d400000, 0x000000008d500000, 0x000000008d500000|100%| E|CS|TAMS 0x000000008d400000, 0x000000008d400000| Complete 
| 213|0x000000008d500000, 0x000000008d600000, 0x000000008d600000|100%| E|CS|TAMS 0x000000008d500000, 0x000000008d500000| Complete 
| 214|0x000000008d600000, 0x000000008d700000, 0x000000008d700000|100%| E|CS|TAMS 0x000000008d600000, 0x000000008d600000| Complete 
| 215|0x000000008d700000, 0x000000008d800000, 0x000000008d800000|100%| E|CS|TAMS 0x000000008d700000, 0x000000008d700000| Complete 
| 216|0x000000008d800000, 0x000000008d900000, 0x000000008d900000|100%| E|CS|TAMS 0x000000008d800000, 0x000000008d800000| Complete 
| 217|0x000000008d900000, 0x000000008da00000, 0x000000008da00000|100%| E|CS|TAMS 0x000000008d900000, 0x000000008d900000| Complete 
| 218|0x000000008da00000, 0x000000008db00000, 0x000000008db00000|100%| E|CS|TAMS 0x000000008da00000, 0x000000008da00000| Complete 
| 219|0x000000008db00000, 0x000000008dc00000, 0x000000008dc00000|100%| E|CS|TAMS 0x000000008db00000, 0x000000008db00000| Complete 
| 220|0x000000008dc00000, 0x000000008dd00000, 0x000000008dd00000|100%| E|CS|TAMS 0x000000008dc00000, 0x000000008dc00000| Complete 
| 221|0x000000008dd00000, 0x000000008de00000, 0x000000008de00000|100%| E|CS|TAMS 0x000000008dd00000, 0x000000008dd00000| Complete 
| 222|0x000000008de00000, 0x000000008de27f08, 0x000000008df00000| 15%| S|CS|TAMS 0x000000008de00000, 0x000000008de00000| Complete 
| 223|0x000000008df00000, 0x000000008e000000, 0x000000008e000000|100%| S|CS|TAMS 0x000000008df00000, 0x000000008df00000| Complete 
| 224|0x000000008e000000, 0x000000008e100000, 0x000000008e100000|100%| E|CS|TAMS 0x000000008e000000, 0x000000008e000000| Complete 
| 225|0x000000008e100000, 0x000000008e200000, 0x000000008e200000|100%| E|CS|TAMS 0x000000008e100000, 0x000000008e100000| Complete 
| 226|0x000000008e200000, 0x000000008e300000, 0x000000008e300000|100%| E|CS|TAMS 0x000000008e200000, 0x000000008e200000| Complete 
| 227|0x000000008e300000, 0x000000008e400000, 0x000000008e400000|100%| E|CS|TAMS 0x000000008e300000, 0x000000008e300000| Complete 
| 228|0x000000008e400000, 0x000000008e500000, 0x000000008e500000|100%| E|CS|TAMS 0x000000008e400000, 0x000000008e400000| Complete 
| 229|0x000000008e500000, 0x000000008e600000, 0x000000008e600000|100%| E|CS|TAMS 0x000000008e500000, 0x000000008e500000| Complete 
| 230|0x000000008e600000, 0x000000008e700000, 0x000000008e700000|100%| E|CS|TAMS 0x000000008e600000, 0x000000008e600000| Complete 
| 231|0x000000008e700000, 0x000000008e800000, 0x000000008e800000|100%| E|CS|TAMS 0x000000008e700000, 0x000000008e700000| Complete 
| 232|0x000000008e800000, 0x000000008e900000, 0x000000008e900000|100%| E|CS|TAMS 0x000000008e800000, 0x000000008e800000| Complete 
| 233|0x000000008e900000, 0x000000008ea00000, 0x000000008ea00000|100%| E|CS|TAMS 0x000000008e900000, 0x000000008e900000| Complete 
| 234|0x000000008ea00000, 0x000000008eb00000, 0x000000008eb00000|100%| E|CS|TAMS 0x000000008ea00000, 0x000000008ea00000| Complete 
| 235|0x000000008eb00000, 0x000000008ec00000, 0x000000008ec00000|100%| E|CS|TAMS 0x000000008eb00000, 0x000000008eb00000| Complete 
| 236|0x000000008ec00000, 0x000000008ed00000, 0x000000008ed00000|100%| E|CS|TAMS 0x000000008ec00000, 0x000000008ec00000| Complete 
| 237|0x000000008ed00000, 0x000000008ee00000, 0x000000008ee00000|100%| E|CS|TAMS 0x000000008ed00000, 0x000000008ed00000| Complete 
| 238|0x000000008ee00000, 0x000000008ef00000, 0x000000008ef00000|100%| E|CS|TAMS 0x000000008ee00000, 0x000000008ee00000| Complete 
| 239|0x000000008ef00000, 0x000000008f000000, 0x000000008f000000|100%| E|CS|TAMS 0x000000008ef00000, 0x000000008ef00000| Complete 
| 240|0x000000008f000000, 0x000000008f100000, 0x000000008f100000|100%| E|CS|TAMS 0x000000008f000000, 0x000000008f000000| Complete 
| 241|0x000000008f100000, 0x000000008f200000, 0x000000008f200000|100%| E|CS|TAMS 0x000000008f100000, 0x000000008f100000| Complete 
| 242|0x000000008f200000, 0x000000008f300000, 0x000000008f300000|100%| E|CS|TAMS 0x000000008f200000, 0x000000008f200000| Complete 
| 243|0x000000008f300000, 0x000000008f400000, 0x000000008f400000|100%| E|CS|TAMS 0x000000008f300000, 0x000000008f300000| Complete 
| 244|0x000000008f400000, 0x000000008f500000, 0x000000008f500000|100%| E|CS|TAMS 0x000000008f400000, 0x000000008f400000| Complete 
| 245|0x000000008f500000, 0x000000008f600000, 0x000000008f600000|100%| E|CS|TAMS 0x000000008f500000, 0x000000008f500000| Complete 
| 246|0x000000008f600000, 0x000000008f700000, 0x000000008f700000|100%| E|CS|TAMS 0x000000008f600000, 0x000000008f600000| Complete 
| 247|0x000000008f700000, 0x000000008f800000, 0x000000008f800000|100%| E|CS|TAMS 0x000000008f700000, 0x000000008f700000| Complete 
| 248|0x000000008f800000, 0x000000008f900000, 0x000000008f900000|100%| E|CS|TAMS 0x000000008f800000, 0x000000008f800000| Complete 
| 249|0x000000008f900000, 0x000000008fa00000, 0x000000008fa00000|100%| E|CS|TAMS 0x000000008f900000, 0x000000008f900000| Complete 
| 250|0x000000008fa00000, 0x000000008fb00000, 0x000000008fb00000|100%| E|CS|TAMS 0x000000008fa00000, 0x000000008fa00000| Complete 
| 251|0x000000008fb00000, 0x000000008fc00000, 0x000000008fc00000|100%| E|CS|TAMS 0x000000008fb00000, 0x000000008fb00000| Complete 
| 252|0x000000008fc00000, 0x000000008fd00000, 0x000000008fd00000|100%| E|CS|TAMS 0x000000008fc00000, 0x000000008fc00000| Complete 
| 253|0x000000008fd00000, 0x000000008fe00000, 0x000000008fe00000|100%| E|CS|TAMS 0x000000008fd00000, 0x000000008fd00000| Complete 

Card table byte_map: [0x000001761db00000,0x000001761df00000] _byte_map_base: 0x000001761d700000

Marking Bits (Prev, Next): (CMBitMap*) 0x00000176069100a0, (CMBitMap*) 0x00000176069100e0
 Prev Bits: [0x000001761e300000, 0x0000017620300000)
 Next Bits: [0x0000017620300000, 0x0000017622300000)

Polling page: 0x0000017606060000

Metaspace:

Usage:
  Non-class:     10.97 MB used.
      Class:      1.75 MB used.
       Both:     12.72 MB used.

Virtual space:
  Non-class space:       64.00 MB reserved,      11.06 MB ( 17%) committed,  1 nodes.
      Class space:      416.00 MB reserved,       1.88 MB ( <1%) committed,  1 nodes.
             Both:      480.00 MB reserved,      12.94 MB (  3%) committed. 

Chunk freelists:
   Non-Class:  4.52 MB
       Class:  14.10 MB
        Both:  18.62 MB

MaxMetaspaceSize: 512.00 MB
CompressedClassSpaceSize: 416.00 MB
Initial GC threshold: 21.00 MB
Current GC threshold: 21.00 MB
CDS: on
MetaspaceReclaimPolicy: balanced
 - commit_granule_bytes: 65536.
 - commit_granule_words: 8192.
 - virtual_space_node_default_size: 8388608.
 - enlarge_chunks_in_place: 1.
 - new_chunks_are_fully_committed: 0.
 - uncommit_free_chunks: 1.
 - use_allocation_guard: 0.
 - handle_deallocations: 1.


Internal statistics:

num_allocs_failed_limit: 0.
num_arena_births: 196.
num_arena_deaths: 0.
num_vsnodes_births: 2.
num_vsnodes_deaths: 0.
num_space_committed: 207.
num_space_uncommitted: 0.
num_chunks_returned_to_freelist: 0.
num_chunks_taken_from_freelist: 574.
num_chunk_merges: 0.
num_chunk_splits: 383.
num_chunks_enlarged: 287.
num_inconsistent_stats: 0.

CodeHeap 'non-profiled nmethods': size=120000Kb used=1082Kb max_used=1082Kb free=118918Kb
 bounds [0x0000017615ea0000, 0x0000017616110000, 0x000001761d3d0000]
CodeHeap 'profiled nmethods': size=120000Kb used=4346Kb max_used=4346Kb free=115654Kb
 bounds [0x000001760e3d0000, 0x000001760e810000, 0x0000017615900000]
CodeHeap 'non-nmethods': size=5760Kb used=1217Kb max_used=1238Kb free=4542Kb
 bounds [0x0000017615900000, 0x0000017615b70000, 0x0000017615ea0000]
 total_blobs=2694 nmethods=2180 adapters=427
 compilation: enabled
              stopped_count=0, restarted_count=0
 full_count=0

Compilation events (20 events):
Event: 14.721 Thread 0x0000017644075280 nmethod 2172 0x000001760e806b90 code [0x000001760e806d40, 0x000001760e806f28]
Event: 14.721 Thread 0x0000017644075280 2174       3       java.lang.invoke.InvokerBytecodeGenerator::emitPushArguments (45 bytes)
Event: 14.722 Thread 0x0000017644075280 nmethod 2174 0x000001760e807010 code [0x000001760e807200, 0x000001760e807678]
Event: 14.722 Thread 0x0000017644075280 2173       3       java.lang.invoke.LambdaForm$NamedFunction::intrinsicName (21 bytes)
Event: 14.722 Thread 0x0000017644075280 nmethod 2173 0x000001760e807910 code [0x000001760e807ac0, 0x000001760e807d08]
Event: 14.722 Thread 0x0000017644075280 2175       3       java.lang.invoke.DirectMethodHandle::make (275 bytes)
Event: 14.725 Thread 0x0000017644075280 nmethod 2175 0x000001760e807e10 code [0x000001760e8081a0, 0x000001760e809618]
Event: 14.725 Thread 0x0000017644075280 2177       3       java.lang.invoke.LambdaForm$NamedFunction::member (26 bytes)
Event: 14.725 Thread 0x0000017644075280 nmethod 2177 0x000001760e809e10 code [0x000001760e809fa0, 0x000001760e80a0b8]
Event: 14.725 Thread 0x0000017644075280 2178       3       java.lang.invoke.LambdaForm$BasicType::basicType (187 bytes)
Event: 14.726 Thread 0x0000017644075280 nmethod 2178 0x000001760e80a190 code [0x000001760e80a420, 0x000001760e80af48]
Event: 14.776 Thread 0x0000017644006d20 nmethod 2162 0x0000017615fab990 code [0x0000017615fabbe0, 0x0000017615fad5d0]
Event: 14.776 Thread 0x0000017644006d20 2179       4       jdk.internal.org.objectweb.asm.Frame::execute (2305 bytes)
Event: 14.786 Thread 0x0000017644075280 2180   !   3       java.lang.invoke.MemberName::getFieldType (176 bytes)
Event: 14.788 Thread 0x0000017644075280 nmethod 2180 0x000001760e80b210 code [0x000001760e80b540, 0x000001760e80cab8]
Event: 14.789 Thread 0x0000017644075280 2181       3       java.lang.invoke.LambdaForm::useCount (61 bytes)
Event: 14.789 Thread 0x0000017644075280 nmethod 2181 0x000001760e80d190 code [0x000001760e80d360, 0x000001760e80d6c8]
Event: 14.792 Thread 0x0000017644075280 2182       3       java.lang.invoke.InvokerBytecodeGenerator::storeInsnOpcode (98 bytes)
Event: 14.793 Thread 0x0000017644075280 nmethod 2182 0x000001760e80d890 code [0x000001760e80db00, 0x000001760e80e4f8]
Event: 14.795 Thread 0x0000017644075280 2184       3       java.lang.invoke.LambdaForm$Name::replaceNames (175 bytes)

GC Heap History (4 events):
Event: 2.747 GC heap before
{Heap before GC invocations=0 (full 0):
 garbage-first heap   total 260096K, used 26624K [0x0000000080000000, 0x0000000100000000)
  region size 1024K, 23 young (23552K), 0 survivors (0K)
 Metaspace       used 1989K, committed 2112K, reserved 491520K
  class space    used 211K, committed 320K, reserved 425984K
}
Event: 2.976 GC heap after
{Heap after GC invocations=1 (full 0):
 garbage-first heap   total 260096K, used 10931K [0x0000000080000000, 0x0000000100000000)
  region size 1024K, 3 young (3072K), 3 survivors (3072K)
 Metaspace       used 1989K, committed 2112K, reserved 491520K
  class space    used 211K, committed 320K, reserved 425984K
}
Event: 6.331 GC heap before
{Heap before GC invocations=1 (full 0):
 garbage-first heap   total 260096K, used 38579K [0x0000000080000000, 0x0000000100000000)
  region size 1024K, 30 young (30720K), 3 survivors (3072K)
 Metaspace       used 4047K, committed 4224K, reserved 491520K
  class space    used 503K, committed 640K, reserved 425984K
}
Event: 6.335 GC heap after
{Heap after GC invocations=2 (full 0):
 garbage-first heap   total 260096K, used 12022K [0x0000000080000000, 0x0000000100000000)
  region size 1024K, 2 young (2048K), 2 survivors (2048K)
 Metaspace       used 4047K, committed 4224K, reserved 491520K
  class space    used 503K, committed 640K, reserved 425984K
}

Dll operation events (15 events):
Event: 0.075 Loaded shared library C:\Program Files\Microsoft\jdk-17.0.12.7-hotspot\bin\java.dll
Event: 0.305 Loaded shared library C:\Program Files\Microsoft\jdk-17.0.12.7-hotspot\bin\jsvml.dll
Event: 0.549 Loaded shared library C:\Program Files\Microsoft\jdk-17.0.12.7-hotspot\bin\zip.dll
Event: 0.558 Loaded shared library C:\Program Files\Microsoft\jdk-17.0.12.7-hotspot\bin\instrument.dll
Event: 0.570 Loaded shared library C:\Program Files\Microsoft\jdk-17.0.12.7-hotspot\bin\net.dll
Event: 0.575 Loaded shared library C:\Program Files\Microsoft\jdk-17.0.12.7-hotspot\bin\nio.dll
Event: 0.583 Loaded shared library C:\Program Files\Microsoft\jdk-17.0.12.7-hotspot\bin\zip.dll
Event: 1.611 Loaded shared library C:\Program Files\Microsoft\jdk-17.0.12.7-hotspot\bin\jimage.dll
Event: 1.981 Loaded shared library C:\Program Files\Microsoft\jdk-17.0.12.7-hotspot\bin\verify.dll
Event: 3.129 Loaded shared library C:\Users\tiliw\.gradle\native\c067742578af261105cb4f569cf0c3c89f3d7b1fecec35dd04571415982c5e48\windows-amd64\native-platform.dll
Event: 3.155 Loaded shared library C:\Users\tiliw\.gradle\native\100fb08df4bc3b14c8652ba06237920a3bd2aa13389f12d3474272988ae205f9\windows-amd64\native-platform-file-events.dll
Event: 8.978 Loaded shared library C:\Program Files\Microsoft\jdk-17.0.12.7-hotspot\bin\management.dll
Event: 8.985 Loaded shared library C:\Program Files\Microsoft\jdk-17.0.12.7-hotspot\bin\management_ext.dll
Event: 10.304 Loaded shared library C:\Program Files\Microsoft\jdk-17.0.12.7-hotspot\bin\extnet.dll
Event: 13.100 Loaded shared library C:\Program Files\Microsoft\jdk-17.0.12.7-hotspot\bin\sunmscapi.dll

Deoptimization events (20 events):
Event: 13.278 Thread 0x0000017645015de0 Uncommon trap: trap_request=0xffffff45 fr.pc=0x0000017615f2eac4 relative=0x0000000000000984
Event: 13.278 Thread 0x0000017645015de0 Uncommon trap: reason=unstable_if action=reinterpret pc=0x0000017615f2eac4 method=java.util.regex.Matcher.reset()Ljava/util/regex/Matcher; @ 47 c2
Event: 13.278 Thread 0x0000017645015de0 DEOPT PACKING pc=0x0000017615f2eac4 sp=0x000000563cdfdeb0
Event: 13.278 Thread 0x0000017645015de0 DEOPT UNPACKING pc=0x000001761595a1a3 sp=0x000000563cdfddf8 mode 2
Event: 13.278 Thread 0x0000017645015de0 Uncommon trap: trap_request=0xffffff45 fr.pc=0x0000017615ebe27c relative=0x000000000000041c
Event: 13.278 Thread 0x0000017645015de0 Uncommon trap: reason=unstable_if action=reinterpret pc=0x0000017615ebe27c method=java.util.regex.Matcher.match(II)Z @ 76 c2
Event: 13.278 Thread 0x0000017645015de0 DEOPT PACKING pc=0x0000017615ebe27c sp=0x000000563cdfdeb0
Event: 13.278 Thread 0x0000017645015de0 DEOPT UNPACKING pc=0x000001761595a1a3 sp=0x000000563cdfde80 mode 2
Event: 13.480 Thread 0x0000017645017730 Uncommon trap: trap_request=0xffffff45 fr.pc=0x0000017615f5ac60 relative=0x0000000000001520
Event: 13.480 Thread 0x0000017645017730 Uncommon trap: reason=unstable_if action=reinterpret pc=0x0000017615f5ac60 method=java.util.concurrent.ConcurrentHashMap.putVal(Ljava/lang/Object;Ljava/lang/Object;Z)Ljava/lang/Object; @ 256 c2
Event: 13.480 Thread 0x0000017645017730 DEOPT PACKING pc=0x0000017615f5ac60 sp=0x000000563cffee70
Event: 13.480 Thread 0x0000017645017730 DEOPT UNPACKING pc=0x000001761595a1a3 sp=0x000000563cffedf8 mode 2
Event: 14.062 Thread 0x0000017645017730 Uncommon trap: trap_request=0xffffff45 fr.pc=0x0000017615f3d0ac relative=0x000000000000024c
Event: 14.062 Thread 0x0000017645017730 Uncommon trap: reason=unstable_if action=reinterpret pc=0x0000017615f3d0ac method=java.util.HashMap.getNode(Ljava/lang/Object;)Ljava/util/HashMap$Node; @ 66 c2
Event: 14.062 Thread 0x0000017645017730 DEOPT PACKING pc=0x0000017615f3d0ac sp=0x000000563cffc3c0
Event: 14.062 Thread 0x0000017645017730 DEOPT UNPACKING pc=0x000001761595a1a3 sp=0x000000563cffc2f0 mode 2
Event: 14.129 Thread 0x0000017645017730 Uncommon trap: trap_request=0xffffff45 fr.pc=0x0000017615f4ca68 relative=0x0000000000000248
Event: 14.129 Thread 0x0000017645017730 Uncommon trap: reason=unstable_if action=reinterpret pc=0x0000017615f4ca68 method=java.util.concurrent.ConcurrentHashMap.get(Ljava/lang/Object;)Ljava/lang/Object; @ 76 c2
Event: 14.129 Thread 0x0000017645017730 DEOPT PACKING pc=0x0000017615f4ca68 sp=0x000000563cffb850
Event: 14.129 Thread 0x0000017645017730 DEOPT UNPACKING pc=0x000001761595a1a3 sp=0x000000563cffb7b8 mode 2

Classes loaded (20 events):
Event: 14.128 Loading class jdk/internal/vm/annotation/IntrinsicCandidate
Event: 14.129 Loading class jdk/internal/vm/annotation/IntrinsicCandidate done
Event: 14.133 Loading class java/util/stream/MatchOps$MatchKind
Event: 14.134 Loading class java/util/stream/MatchOps$MatchKind done
Event: 14.134 Loading class java/util/stream/MatchOps
Event: 14.135 Loading class java/util/stream/MatchOps done
Event: 14.135 Loading class java/util/stream/MatchOps$MatchOp
Event: 14.135 Loading class java/util/stream/MatchOps$MatchOp done
Event: 14.135 Loading class java/util/stream/MatchOps$BooleanTerminalSink
Event: 14.135 Loading class java/util/stream/MatchOps$BooleanTerminalSink done
Event: 14.137 Loading class java/util/stream/MatchOps$1MatchSink
Event: 14.138 Loading class java/util/stream/MatchOps$1MatchSink done
Event: 14.347 Loading class java/lang/invoke/MethodHandle$1
Event: 14.348 Loading class java/lang/invoke/MethodHandle$1 done
Event: 14.436 Loading class java/util/ConcurrentModificationException
Event: 14.436 Loading class java/util/ConcurrentModificationException done
Event: 14.597 Loading class sun/reflect/generics/scope/ConstructorScope
Event: 14.598 Loading class sun/reflect/generics/scope/ConstructorScope done
Event: 14.598 Loading class sun/reflect/generics/tree/VoidDescriptor
Event: 14.598 Loading class sun/reflect/generics/tree/VoidDescriptor done

Classes unloaded (0 events):
No events

Classes redefined (0 events):
No events

Internal exceptions (20 events):
Event: 9.708 Thread 0x00000176068b3b10 Exception <a 'java/lang/NoSuchMethodError'{0x000000008d3929e0}: 'java.lang.Object java.lang.invoke.DirectMethodHandle$Holder.invokeStaticInit(java.lang.Object, int, int, int, int)'> (0x000000008d3929e0) 
thrown [s\src\hotspot\share\interpreter\linkResolver.cpp, line 759]
Event: 10.240 Thread 0x00000176068b3b10 Exception <a 'java/lang/NoSuchMethodError'{0x000000008d20e588}: 'java.lang.Object java.lang.invoke.DirectMethodHandle$Holder.invokeStaticInit(java.lang.Object, java.lang.Object, int, int, int, int)'> (0x000000008d20e588) 
thrown [s\src\hotspot\share\interpreter\linkResolver.cpp, line 759]
Event: 12.797 Thread 0x00000176068b3b10 Exception <a 'java/lang/NoSuchMethodError'{0x000000008d176350}: 'void java.lang.invoke.DirectMethodHandle$Holder.invokeStatic(java.lang.Object, java.lang.Object, java.lang.Object)'> (0x000000008d176350) 
thrown [s\src\hotspot\share\interpreter\linkResolver.cpp, line 759]
Event: 12.897 Thread 0x00000176068b3b10 Exception <a 'java/io/IOException'{0x000000008d0bf9f0}> (0x000000008d0bf9f0) 
thrown [s\src\hotspot\share\prims\jni.cpp, line 516]
Event: 12.905 Thread 0x00000176068b3b10 Implicit null exception at 0x0000017615efdb72 to 0x0000017615efe1b0
Event: 13.379 Thread 0x0000017645015de0 Exception <a 'java/lang/NoSuchMethodError'{0x000000008cbd0178}: static Lorg/gradle/tooling/internal/provider/serialization/ClassLoaderDetails;.<clinit>()V> (0x000000008cbd0178) 
thrown [s\src\hotspot\share\prims\jni.cpp, line 1112]
Event: 13.386 Thread 0x0000017645015de0 Exception <a 'java/lang/NoSuchMethodError'{0x000000008cbe8de0}: static Lorg/gradle/internal/classloader/ClassLoaderSpec;.<clinit>()V> (0x000000008cbe8de0) 
thrown [s\src\hotspot\share\prims\jni.cpp, line 1112]
Event: 13.387 Thread 0x0000017645015de0 Exception <a 'java/lang/NoSuchMethodError'{0x000000008cbf25a0}: static Lorg/gradle/tooling/internal/provider/serialization/WellKnownClassLoaderRegistry$KnownClassLoaderSpec;.<clinit>()V> (0x000000008cbf25a0) 
thrown [s\src\hotspot\share\prims\jni.cpp, line 1112]
Event: 13.392 Thread 0x0000017645015de0 Exception <a 'java/lang/NoSuchMethodError'{0x000000008ca13b30}: static Lorg/gradle/tooling/internal/provider/serialization/ClientOwnedClassLoaderSpec;.<clinit>()V> (0x000000008ca13b30) 
thrown [s\src\hotspot\share\prims\jni.cpp, line 1112]
Event: 13.629 Thread 0x0000017645017730 Exception <a 'java/lang/NoSuchMethodError'{0x000000008c8730c8}: 'void java.lang.invoke.DirectMethodHandle$Holder.invokeSpecial(java.lang.Object, java.lang.Object, java.lang.Object)'> (0x000000008c8730c8) 
thrown [s\src\hotspot\share\interpreter\linkResolver.cpp, line 759]
Event: 13.685 Thread 0x0000017645017730 Exception <a 'java/lang/NoSuchMethodError'{0x000000008c7baf60}: 'long java.lang.invoke.DirectMethodHandle$Holder.invokeInterface(java.lang.Object, java.lang.Object)'> (0x000000008c7baf60) 
thrown [s\src\hotspot\share\interpreter\linkResolver.cpp, line 759]
Event: 13.970 Thread 0x0000017645017730 Exception <a 'java/lang/NoSuchMethodError'{0x000000008c206b60}: 'void java.lang.invoke.DirectMethodHandle$Holder.invokeStatic(java.lang.Object, java.lang.Object)'> (0x000000008c206b60) 
thrown [s\src\hotspot\share\interpreter\linkResolver.cpp, line 759]
Event: 14.118 Thread 0x0000017645017730 Exception <a 'java/lang/NoSuchMethodError'{0x000000008c1c32c8}: 'java.lang.Object java.lang.invoke.DirectMethodHandle$Holder.newInvokeSpecial(java.lang.Object, java.lang.Object, java.lang.Object, java.lang.Object, java.lang.Object)'> (0x000000008c1c32c8) 
thrown [s\src\hotspot\share\interpreter\linkResolver.cpp, line 759]
Event: 14.355 Thread 0x0000017645017730 Exception <a 'java/lang/NoSuchMethodError'{0x000000008beae470}: 'java.lang.Object java.lang.invoke.DirectMethodHandle$Holder.newInvokeSpecial(java.lang.Object, java.lang.Object, java.lang.Object, java.lang.Object, java.lang.Object, java.lang.Object)'> (0x000000008beae470) 
thrown [s\src\hotspot\share\interpreter\linkResolver.cpp, line 759]
Event: 14.361 Thread 0x0000017645017730 Exception <a 'java/lang/NoSuchMethodError'{0x000000008bec6a70}: 'void java.lang.invoke.DirectMethodHandle$Holder.invokeSpecial(java.lang.Object, java.lang.Object, java.lang.Object, java.lang.Object, java.lang.Object)'> (0x000000008bec6a70) 
thrown [s\src\hotspot\share\interpreter\linkResolver.cpp, line 759]
Event: 14.368 Thread 0x0000017645017730 Exception <a 'java/lang/NoSuchMethodError'{0x000000008bedb220}: 'void java.lang.invoke.DirectMethodHandle$Holder.invokeStaticInit(java.lang.Object, java.lang.Object)'> (0x000000008bedb220) 
thrown [s\src\hotspot\share\interpreter\linkResolver.cpp, line 759]
Event: 14.719 Thread 0x0000017645017730 Exception <a 'java/lang/NoSuchMethodError'{0x000000008bbaedd8}: 'void java.lang.invoke.DelegatingMethodHandle$Holder.reinvoke_L(java.lang.Object, java.lang.Object, java.lang.Object, java.lang.Object, java.lang.Object, java.lang.Object, java.lang.Object, java.lang.Object, java.lang.Object, java.lang.Object)'> (0x000000008bbaedd8) 
thrown [s\src\hotspot\share\interpreter\linkResolver.cpp, line 759]
Event: 14.721 Thread 0x0000017645017730 Exception <a 'java/lang/NoSuchMethodError'{0x000000008bbb7248}: 'java.lang.Object java.lang.invoke.DirectMethodHandle$Holder.invokeSpecial(java.lang.Object, java.lang.Object, java.lang.Object, java.lang.Object, java.lang.Object, java.lang.Object, java.lang.Object, java.lang.Object, java.lang.Object, java.lang.Object)'> (0x000000008bbb7248) 
thrown [s\src\hotspot\share\interpreter\linkResolver.cpp, line 759]
Event: 14.721 Thread 0x0000017645017730 Exception <a 'java/lang/NoSuchMethodError'{0x000000008bbbbb18}: 'java.lang.Object java.lang.invoke.Invokers$Holder.invoker(java.lang.Object, java.lang.Object, java.lang.Object, java.lang.Object, java.lang.Object, java.lang.Object, java.lang.Object, java.lang.Object, java.lang.Object, java.lang.Object)'> (0x000000008bbbbb18) 
thrown [s\src\hotspot\share\interpreter\linkResolver.cpp, line 759]
Event: 14.722 Thread 0x0000017645017730 Exception <a 'java/lang/NoSuchMethodError'{0x000000008bbc16a0}: 'java.lang.Object java.lang.invoke.DirectMethodHandle$Holder.invokeSpecial(java.lang.Object, java.lang.Object, java.lang.Object, java.lang.Object, java.lang.Object, java.lang.Object, java.lang.Object, java.lang.Object, java.lang.Object, java.lang.Object, java.lang.Object)'> (0x000000008bbc16a0) 
thrown [s\src\hotspot\share\interpreter\linkResolver.cpp, line 759]

VM Operations (20 events):
Event: 9.281 Executing VM operation: HandshakeAllThreads
Event: 9.281 Executing VM operation: HandshakeAllThreads done
Event: 9.662 Executing VM operation: HandshakeAllThreads
Event: 9.662 Executing VM operation: HandshakeAllThreads done
Event: 9.662 Executing VM operation: Cleanup
Event: 9.662 Executing VM operation: Cleanup done
Event: 10.230 Executing VM operation: HandshakeAllThreads
Event: 10.230 Executing VM operation: HandshakeAllThreads done
Event: 11.237 Executing VM operation: Cleanup
Event: 11.237 Executing VM operation: Cleanup done
Event: 12.240 Executing VM operation: Cleanup
Event: 12.240 Executing VM operation: Cleanup done
Event: 12.764 Executing VM operation: HandshakeAllThreads
Event: 12.794 Executing VM operation: HandshakeAllThreads done
Event: 12.983 Executing VM operation: HandshakeAllThreads
Event: 12.983 Executing VM operation: HandshakeAllThreads done
Event: 13.983 Executing VM operation: Cleanup
Event: 13.984 Executing VM operation: Cleanup done
Event: 14.594 Executing VM operation: HandshakeAllThreads
Event: 14.594 Executing VM operation: HandshakeAllThreads done

Events (20 events):
Event: 0.401 Thread 0x0000017644075280 Thread added: 0x0000017644075280
Event: 0.414 Thread 0x0000017644077040 Thread added: 0x0000017644077040
Event: 0.485 Thread 0x00000176440a6b50 Thread added: 0x00000176440a6b50
Event: 0.611 Thread 0x0000017644281da0 Thread added: 0x0000017644281da0
Event: 1.613 Thread 0x000001764437bf70 Thread added: 0x000001764437bf70
Event: 2.107 Thread 0x000001764437bf70 Thread exited: 0x000001764437bf70
Event: 2.238 Thread 0x00000176442bcdd0 Thread added: 0x00000176442bcdd0
Event: 2.735 Thread 0x00000176442bcdd0 Thread exited: 0x00000176442bcdd0
Event: 7.676 Thread 0x000001764503b080 Thread added: 0x000001764503b080
Event: 8.489 Thread 0x000001764503b080 Thread exited: 0x000001764503b080
Event: 9.171 Thread 0x0000017645017c40 Thread added: 0x0000017645017c40
Event: 12.729 Thread 0x0000017645014490 Thread added: 0x0000017645014490
Event: 12.992 Thread 0x0000017645014eb0 Thread added: 0x0000017645014eb0
Event: 13.194 Thread 0x00000176450149a0 Thread added: 0x00000176450149a0
Event: 13.208 Thread 0x0000017645015de0 Thread added: 0x0000017645015de0
Event: 13.438 Thread 0x0000017645017220 Thread added: 0x0000017645017220
Event: 13.452 Thread 0x0000017645017730 Thread added: 0x0000017645017730
Event: 13.499 Thread 0x00000176450153c0 Thread added: 0x00000176450153c0
Event: 13.551 Thread 0x0000017645016d10 Thread added: 0x0000017645016d10
Event: 13.557 Thread 0x0000017645016800 Thread added: 0x0000017645016800


Dynamic libraries:
0x00007ff722b70000 - 0x00007ff722b7e000 	C:\Program Files\Microsoft\jdk-17.0.12.7-hotspot\bin\java.exe
0x00007ffd0a3b0000 - 0x00007ffd0a5c7000 	C:\WINDOWS\SYSTEM32\ntdll.dll
0x00007ffcc1e50000 - 0x00007ffcc1e6a000 	C:\Program Files\Avast Software\Avast\aswhook.dll
0x00007ffd08550000 - 0x00007ffd08614000 	C:\WINDOWS\System32\KERNEL32.DLL
0x00007ffd076d0000 - 0x00007ffd07a7d000 	C:\WINDOWS\System32\KERNELBASE.dll
0x00007ffd07bf0000 - 0x00007ffd07d01000 	C:\WINDOWS\System32\ucrtbase.dll
0x00007ffcc28b0000 - 0x00007ffcc28c7000 	C:\Program Files\Microsoft\jdk-17.0.12.7-hotspot\bin\jli.dll
0x00007ffd09e30000 - 0x00007ffd09fde000 	C:\WINDOWS\System32\USER32.dll
0x00007ffd07e30000 - 0x00007ffd07e56000 	C:\WINDOWS\System32\win32u.dll
0x00007ffd09fe0000 - 0x00007ffd0a009000 	C:\WINDOWS\System32\GDI32.dll
0x00007ffd07d10000 - 0x00007ffd07e29000 	C:\WINDOWS\System32\gdi32full.dll
0x00007ffd07fd0000 - 0x00007ffd0806a000 	C:\WINDOWS\System32\msvcp_win.dll
0x00007ffcc2890000 - 0x00007ffcc28ad000 	C:\Program Files\Microsoft\jdk-17.0.12.7-hotspot\bin\VCRUNTIME140.dll
0x00007ffcebcd0000 - 0x00007ffcebf63000 	C:\WINDOWS\WinSxS\amd64_microsoft.windows.common-controls_6595b64144ccf1df_6.0.22621.3672_none_2713b9d173822955\COMCTL32.dll
0x00007ffd087c0000 - 0x00007ffd08867000 	C:\WINDOWS\System32\msvcrt.dll
0x00007ffd08720000 - 0x00007ffd08751000 	C:\WINDOWS\System32\IMM32.DLL
0x00007ffcd19a0000 - 0x00007ffcd19ac000 	C:\Program Files\Microsoft\jdk-17.0.12.7-hotspot\bin\vcruntime140_1.dll
0x00007ffc73400000 - 0x00007ffc7348d000 	C:\Program Files\Microsoft\jdk-17.0.12.7-hotspot\bin\msvcp140.dll
0x00007ffc6a7f0000 - 0x00007ffc6b460000 	C:\Program Files\Microsoft\jdk-17.0.12.7-hotspot\bin\server\jvm.dll
0x00007ffd080e0000 - 0x00007ffd08192000 	C:\WINDOWS\System32\ADVAPI32.dll
0x00007ffd095d0000 - 0x00007ffd09679000 	C:\WINDOWS\System32\sechost.dll
0x00007ffd07f20000 - 0x00007ffd07f48000 	C:\WINDOWS\System32\bcrypt.dll
0x00007ffd0a010000 - 0x00007ffd0a124000 	C:\WINDOWS\System32\RPCRT4.dll
0x00007ffd09280000 - 0x00007ffd092f1000 	C:\WINDOWS\System32\WS2_32.dll
0x00007ffd01230000 - 0x00007ffd01264000 	C:\WINDOWS\SYSTEM32\WINMM.dll
0x00007ffcfb4d0000 - 0x00007ffcfb4da000 	C:\WINDOWS\SYSTEM32\VERSION.dll
0x00007ffd075a0000 - 0x00007ffd075ed000 	C:\WINDOWS\SYSTEM32\POWRPROF.dll
0x00007ffd074d0000 - 0x00007ffd074e3000 	C:\WINDOWS\SYSTEM32\UMPDC.dll
0x00007ffd066e0000 - 0x00007ffd066f8000 	C:\WINDOWS\SYSTEM32\kernel.appcore.dll
0x00007ffccf100000 - 0x00007ffccf10a000 	C:\Program Files\Microsoft\jdk-17.0.12.7-hotspot\bin\jimage.dll
0x00007ffcfc1d0000 - 0x00007ffcfc402000 	C:\WINDOWS\SYSTEM32\DBGHELP.DLL
0x00007ffd081a0000 - 0x00007ffd0852e000 	C:\WINDOWS\System32\combase.dll
0x00007ffd094e0000 - 0x00007ffd095b7000 	C:\WINDOWS\System32\OLEAUT32.dll
0x00007ffcfb630000 - 0x00007ffcfb662000 	C:\WINDOWS\SYSTEM32\dbgcore.DLL
0x00007ffd07f50000 - 0x00007ffd07fcb000 	C:\WINDOWS\System32\bcryptPrimitives.dll
0x00007ffcce860000 - 0x00007ffcce86e000 	C:\Program Files\Microsoft\jdk-17.0.12.7-hotspot\bin\instrument.dll
0x00007ffcbc1f0000 - 0x00007ffcbc215000 	C:\Program Files\Microsoft\jdk-17.0.12.7-hotspot\bin\java.dll
0x00007ffc6f4b0000 - 0x00007ffc6f587000 	C:\Program Files\Microsoft\jdk-17.0.12.7-hotspot\bin\jsvml.dll
0x00007ffd089f0000 - 0x00007ffd09257000 	C:\WINDOWS\System32\SHELL32.dll
0x00007ffd055d0000 - 0x00007ffd05ecf000 	C:\WINDOWS\SYSTEM32\windows.storage.dll
0x00007ffd05490000 - 0x00007ffd055cf000 	C:\WINDOWS\SYSTEM32\wintypes.dll
0x00007ffd08620000 - 0x00007ffd08719000 	C:\WINDOWS\System32\SHCORE.dll
0x00007ffd09680000 - 0x00007ffd096de000 	C:\WINDOWS\System32\shlwapi.dll
0x00007ffd07600000 - 0x00007ffd07627000 	C:\WINDOWS\SYSTEM32\profapi.dll
0x00007ffc8b730000 - 0x00007ffc8b748000 	C:\Program Files\Microsoft\jdk-17.0.12.7-hotspot\bin\zip.dll
0x00007ffc8a860000 - 0x00007ffc8a87a000 	C:\Program Files\Microsoft\jdk-17.0.12.7-hotspot\bin\net.dll
0x00007ffd03480000 - 0x00007ffd035b6000 	C:\WINDOWS\SYSTEM32\WINHTTP.dll
0x00007ffd06b50000 - 0x00007ffd06bb9000 	C:\WINDOWS\system32\mswsock.dll
0x00007ffc8a840000 - 0x00007ffc8a856000 	C:\Program Files\Microsoft\jdk-17.0.12.7-hotspot\bin\nio.dll
0x00007ffcce5a0000 - 0x00007ffcce5b0000 	C:\Program Files\Microsoft\jdk-17.0.12.7-hotspot\bin\verify.dll
0x00007ffcc28f0000 - 0x00007ffcc2917000 	C:\Users\tiliw\.gradle\native\c067742578af261105cb4f569cf0c3c89f3d7b1fecec35dd04571415982c5e48\windows-amd64\native-platform.dll
0x00007ffc6f360000 - 0x00007ffc6f4a4000 	C:\Users\tiliw\.gradle\native\100fb08df4bc3b14c8652ba06237920a3bd2aa13389f12d3474272988ae205f9\windows-amd64\native-platform-file-events.dll
0x00007ffccd630000 - 0x00007ffccd63a000 	C:\Program Files\Microsoft\jdk-17.0.12.7-hotspot\bin\management.dll
0x00007ffccb4d0000 - 0x00007ffccb4db000 	C:\Program Files\Microsoft\jdk-17.0.12.7-hotspot\bin\management_ext.dll
0x00007ffd09260000 - 0x00007ffd09268000 	C:\WINDOWS\System32\PSAPI.DLL
0x00007ffd06d80000 - 0x00007ffd06d9b000 	C:\WINDOWS\SYSTEM32\CRYPTSP.dll
0x00007ffd06640000 - 0x00007ffd06675000 	C:\WINDOWS\system32\rsaenh.dll
0x00007ffd06bf0000 - 0x00007ffd06c18000 	C:\WINDOWS\SYSTEM32\USERENV.dll
0x00007ffd06d70000 - 0x00007ffd06d7c000 	C:\WINDOWS\SYSTEM32\CRYPTBASE.dll
0x00007ffd06170000 - 0x00007ffd0619d000 	C:\WINDOWS\SYSTEM32\IPHLPAPI.DLL
0x00007ffd09270000 - 0x00007ffd09279000 	C:\WINDOWS\System32\NSI.dll
0x00007ffd033c0000 - 0x00007ffd033d9000 	C:\WINDOWS\SYSTEM32\dhcpcsvc6.DLL
0x00007ffd033a0000 - 0x00007ffd033bf000 	C:\WINDOWS\SYSTEM32\dhcpcsvc.DLL
0x00007ffd061a0000 - 0x00007ffd06298000 	C:\WINDOWS\SYSTEM32\DNSAPI.dll
0x00007ffcc9ca0000 - 0x00007ffcc9ca9000 	C:\Program Files\Microsoft\jdk-17.0.12.7-hotspot\bin\extnet.dll
0x00007ffcc9c10000 - 0x00007ffcc9c1e000 	C:\Program Files\Microsoft\jdk-17.0.12.7-hotspot\bin\sunmscapi.dll
0x00007ffd07a80000 - 0x00007ffd07be6000 	C:\WINDOWS\System32\CRYPT32.dll
0x00007ffd06f80000 - 0x00007ffd06fae000 	C:\WINDOWS\SYSTEM32\ncrypt.dll
0x00007ffd06f40000 - 0x00007ffd06f77000 	C:\WINDOWS\SYSTEM32\NTASN1.dll
0x00007ffd01220000 - 0x00007ffd01228000 	C:\WINDOWS\system32\wshunix.dll

dbghelp: loaded successfully - version: 4.0.5 - missing functions: none
symbol engine: initialized successfully - sym options: 0x614 - pdb path: .;C:\Program Files\Microsoft\jdk-17.0.12.7-hotspot\bin;C:\WINDOWS\SYSTEM32;C:\Program Files\Avast Software\Avast;C:\WINDOWS\WinSxS\amd64_microsoft.windows.common-controls_6595b64144ccf1df_6.0.22621.3672_none_2713b9d173822955;C:\Program Files\Microsoft\jdk-17.0.12.7-hotspot\bin\server;C:\Users\tiliw\.gradle\native\c067742578af261105cb4f569cf0c3c89f3d7b1fecec35dd04571415982c5e48\windows-amd64;C:\Users\tiliw\.gradle\native\100fb08df4bc3b14c8652ba06237920a3bd2aa13389f12d3474272988ae205f9\windows-amd64

VM Arguments:
jvm_args: -XX:MaxMetaspaceSize=512m --add-opens=java.base/java.util=ALL-UNNAMED --add-opens=java.base/java.lang=ALL-UNNAMED --add-opens=java.base/java.lang.invoke=ALL-UNNAMED --add-opens=java.prefs/java.util.prefs=ALL-UNNAMED --add-opens=java.base/java.nio.charset=ALL-UNNAMED --add-opens=java.base/java.net=ALL-UNNAMED --add-opens=java.base/java.util.concurrent.atomic=ALL-UNNAMED -Xmx2048m -Dfile.encoding=utf8 -Duser.country=MX -Duser.language=es -Duser.variant -javaagent:C:\Users\tiliw\.gradle\wrapper\dists\gradle-8.8-all\6gdy1pgp427xkqcjbxw3ylt6h\gradle-8.8\lib\agents\gradle-instrumentation-agent-8.8.jar 
java_command: org.gradle.launcher.daemon.bootstrap.GradleDaemon 8.8
java_class_path (initial): C:\Users\tiliw\.gradle\wrapper\dists\gradle-8.8-all\6gdy1pgp427xkqcjbxw3ylt6h\gradle-8.8\lib\gradle-launcher-8.8.jar
Launcher Type: SUN_STANDARD

[Global flags]
     intx CICompilerCount                          = 4                                         {product} {ergonomic}
   size_t CompressedClassSpaceSize                 = 436207616                                 {product} {ergonomic}
     uint ConcGCThreads                            = 2                                         {product} {ergonomic}
     uint G1ConcRefinementThreads                  = 8                                         {product} {ergonomic}
   size_t G1HeapRegionSize                         = 1048576                                   {product} {ergonomic}
    uintx GCDrainStackTargetSize                   = 64                                        {product} {ergonomic}
   size_t InitialHeapSize                          = 266338304                                 {product} {ergonomic}
   size_t MarkStackSize                            = 4194304                                   {product} {ergonomic}
   size_t MaxHeapSize                              = 2147483648                                {product} {command line}
   size_t MaxMetaspaceSize                         = 536870912                                 {product} {command line}
   size_t MaxNewSize                               = 1287651328                                {product} {ergonomic}
   size_t MinHeapDeltaBytes                        = 1048576                                   {product} {ergonomic}
   size_t MinHeapSize                              = 8388608                                   {product} {ergonomic}
    uintx NonNMethodCodeHeapSize                   = 5839372                                {pd product} {ergonomic}
    uintx NonProfiledCodeHeapSize                  = 122909434                              {pd product} {ergonomic}
    uintx ProfiledCodeHeapSize                     = 122909434                              {pd product} {ergonomic}
    uintx ReservedCodeCacheSize                    = 251658240                              {pd product} {ergonomic}
     bool SegmentedCodeCache                       = true                                      {product} {ergonomic}
   size_t SoftMaxHeapSize                          = 2147483648                             {manageable} {ergonomic}
     bool UseCompressedClassPointers               = true                           {product lp64_product} {ergonomic}
     bool UseCompressedOops                        = true                           {product lp64_product} {ergonomic}
     bool UseG1GC                                  = true                                      {product} {ergonomic}
     bool UseLargePagesIndividualAllocation        = false                                  {pd product} {ergonomic}

Logging:
Log output configuration:
 #0: stdout all=warning uptime,level,tags
 #1: stderr all=off uptime,level,tags

Environment Variables:
JAVA_HOME=C:\Program Files\Microsoft\jdk-17.0.12.7-hotspot\
PATH=C:\Program Files\Microsoft\jdk-17.0.12.7-hotspot\bin;C:\Program Files\Common Files\Oracle\Java\javapath;C:\Program Files\Microsoft\jdk-11.0.18.10-hotspot\bin;C:\WINDOWS\system32;C:\WINDOWS;C:\WINDOWS\System32\Wbem;C:\WINDOWS\System32\WindowsPowerShell\v1.0\;C:\WINDOWS\System32\OpenSSH\;C:\xampp\php;C:\Program Files\Git\cmd;C:\ProgramData\chocolatey\bin;C:\Users\tiliw\AppData\Roaming\nvm;C:\Program Files\nodejs;C:\Program Files\dotnet\;C:\Program Files\nodejs\;C:\laragon\bin\php\php-8.1.10-Win32-vs16-x64;C:\composer;C:\Workspace\apache-maven-3.9.6\bin;C:\Mongo\mongodb-database-tools-windows-x86_64-100.9.4\bin;C:\Program Files\Microsoft SQL Server\150\Tools\Binn\;C:\Program Files\Microsoft SQL Server\Client SDK\ODBC\170\Tools\Binn\;C:\Program Files (x86)\Microsoft SQL Server\160\Tools\Binn\;C:\Program Files\Microsoft SQL Server\160\Tools\Binn\;C:\Program Files\Microsoft SQL Server\160\DTS\Binn\;C:\Program Files (x86)\Microsoft SQL Server\160\DTS\Binn\;C:\Program Files (x86)\Microsoft SQL Server\150\Tools\Binn\;C:\Program Files\Microsoft SQL Server\150\DTS\Binn\;C:\laragon\bin\php\php-8.2.22;C:\Program Files\Java\jdk-17\bin;%LOCALAPPDATA%\Android\Sdk\platform-tools;C:\laragon\bin;C:\laragon\bin\apache\httpd-2.4.54-win64-VS16\bin;C:\laragon\bin\composer;C:\laragon\bin\git\bin;C:\laragon\bin\git\cmd;C:\laragon\bin\git\mingw64\bin;C:\laragon\bin\git\usr\bin;C:\laragon\bin\laragon\utils;C:\laragon\bin\mysql\mysql-8.0.30-winx64\bin;C:\laragon\bin\nginx\nginx-1.22.0;C:\laragon\bin\ngrok;C:\laragon\bin\nodejs\node-v18;C:\laragon\bin\notepad++;C:\laragon\bin\php\php-8.1.10-Win32-vs16-x64;C:\laragon\bin\python\python-3.10;C:\laragon\bin\python\python-3.10\Scripts;C:\laragon\bin\redis\redis-x64-5.0.14.1;C:\laragon\bin\telnet;C:\laragon\usr\bin;C:\Users\tiliw\AppData\Local\Yarn\config\global\node_modules\.bin;C:\Users\tiliw\AppData\Roaming\Composer\vendor\bin;C:\Users\tiliw\AppData\Roaming\npm;C:\Users\tiliw\AppData\Local\Programs\Python\Python312\Scripts\;C:\Users\tiliw\AppDat
USERNAME=angeel §
OS=Windows_NT
PROCESSOR_IDENTIFIER=Intel64 Family 6 Model 126 Stepping 5, GenuineIntel
TMP=C:\Users\tiliw\AppData\Local\Temp
TEMP=C:\Users\tiliw\AppData\Local\Temp



Periodic native trim disabled


---------------  S Y S T E M  ---------------

OS:
 Windows 11 , 64 bit Build 22621 (10.0.22621.3958)
OS uptime: 4 days 16:30 hours
Hyper-V role detected

CPU: total 8 (initial active 8) (4 cores per cpu, 2 threads per core) family 6 model 126 stepping 5 microcode 0xa6, cx8, cmov, fxsr, ht, mmx, 3dnowpref, sse, sse2, sse3, ssse3, sse4.1, sse4.2, popcnt, lzcnt, tsc, tscinvbit, avx, avx2, aes, erms, clmul, bmi1, bmi2, adx, avx512f, avx512dq, avx512cd, avx512bw, avx512vl, sha, fma, vzeroupper, avx512_vpopcntdq, avx512_vpclmulqdq, avx512_vaes, avx512_vnni, clflush, clflushopt, avx512_vbmi2, avx512_vbmi, hv
Processor Information for the first 8 processors :
  Max Mhz: 1190, Current Mhz: 991, Mhz Limit: 987

Memory: 4k page, system-wide physical 16165M (190M free)
TotalPageFile size 23035M (AvailPageFile size 23M)
current process WorkingSet (physical memory assigned to process): 158M, peak: 158M
current process commit charge ("private bytes"): 387M, peak: 387M

vm_info: OpenJDK 64-Bit Server VM (17.0.12+7-LTS) for windows-amd64 JRE (17.0.12+7-LTS), built on Jul 16 2024 18:11:44 by "MicrosoftCorporation" with unknown MS VC++:1939

END.
