#
# There is insufficient memory for the Java Runtime Environment to continue.
# Native memory allocation (malloc) failed to allocate 1446736 bytes. Error detail: Chunk::new
# Possible reasons:
#   The system is out of physical RAM or swap space
#   This process is running with CompressedOops enabled, and the Java Heap may be blocking the growth of the native heap
# Possible solutions:
#   Reduce memory load on the system
#   Increase physical memory or swap space
#   Check if swap backing store is full
#   Decrease Java heap size (-Xmx/-Xms)
#   Decrease number of Java threads
#   Decrease Java thread stack sizes (-Xss)
#   Set larger code cache with -XX:ReservedCodeCacheSize=
#   JVM is running with Unscaled Compressed Oops mode in which the Java heap is
#     placed in the first 4GB address space. The Java Heap base address is the
#     maximum limit for the native heap growth. Please use -XX:HeapBaseMinAddress
#     to set the Java Heap base and to place the Java Heap above 4GB virtual address.
# This output file may be truncated or incomplete.
#
#  Out of Memory Error (arena.cpp:191), pid=17876, tid=8892
#
# JRE version: OpenJDK Runtime Environment Microsoft-9889599 (17.0.12+7) (build 17.0.12+7-LTS)
# Java VM: OpenJDK 64-Bit Server VM Microsoft-9889599 (17.0.12+7-LTS, mixed mode, sharing, tiered, compressed oops, compressed class ptrs, g1 gc, windows-amd64)
# No core dump will be written. Minidumps are not enabled by default on client versions of Windows
#

---------------  S U M M A R Y ------------

Command Line: -XX:MaxMetaspaceSize=512m --add-opens=java.base/java.util=ALL-UNNAMED --add-opens=java.base/java.lang=ALL-UNNAMED --add-opens=java.base/java.lang.invoke=ALL-UNNAMED --add-opens=java.prefs/java.util.prefs=ALL-UNNAMED --add-opens=java.base/java.nio.charset=ALL-UNNAMED --add-opens=java.base/java.net=ALL-UNNAMED --add-opens=java.base/java.util.concurrent.atomic=ALL-UNNAMED -Xmx2048m -Dfile.encoding=utf8 -Duser.country=MX -Duser.language=es -Duser.variant -javaagent:C:\Users\tiliw\.gradle\wrapper\dists\gradle-8.8-all\6gdy1pgp427xkqcjbxw3ylt6h\gradle-8.8\lib\agents\gradle-instrumentation-agent-8.8.jar org.gradle.launcher.daemon.bootstrap.GradleDaemon 8.8

Host: Intel(R) Core(TM) i5-1035G1 CPU @ 1.00GHz, 8 cores, 15G,  Windows 11 , 64 bit Build 22621 (10.0.22621.3958)
Time: Fri Oct  4 11:25:56 2024 Hora estándar central (México) elapsed time: 55.401531 seconds (0d 0h 0m 55s)

---------------  T H R E A D  ---------------

Current thread (0x000002056a007ff0):  JavaThread "C2 CompilerThread0" daemon [_thread_in_native, id=8892, stack(0x00000008b5f00000,0x00000008b6000000)]


Current CompileTask:
C2:  55401 11697   !   4       java.net.URLClassLoader::findClass (47 bytes)

Stack: [0x00000008b5f00000,0x00000008b6000000]
Native frames: (J=compiled Java code, j=interpreted, Vv=VM code, C=native code)
V  [jvm.dll+0x686d99]
V  [jvm.dll+0x83daf8]
V  [jvm.dll+0x83f5a3]
V  [jvm.dll+0x83fc13]
V  [jvm.dll+0x2492ef]
V  [jvm.dll+0xad0a4]
V  [jvm.dll+0xad73c]
V  [jvm.dll+0x36a3ff]
V  [jvm.dll+0x1bd015]
V  [jvm.dll+0x21a6ac]
V  [jvm.dll+0x21996f]
V  [jvm.dll+0x1a53e6]
V  [jvm.dll+0x229faa]
V  [jvm.dll+0x2280fb]
V  [jvm.dll+0x7f3508]
V  [jvm.dll+0x7ed87c]
V  [jvm.dll+0x685c77]
C  [ucrtbase.dll+0x29333]
C  [KERNEL32.DLL+0x1257d]
C  [ntdll.dll+0x5af28]


---------------  P R O C E S S  ---------------

Threads class SMR info:
_java_thread_list=0x000002056cbedce0, length=143, elements={
0x000002052c954a50, 0x000002054ae18f10, 0x000002054ae1aee0, 0x000002056a0030b0,
0x000002056a003b70, 0x000002056a006940, 0x000002056a007300, 0x000002056a007ff0,
0x000002056a008aa0, 0x000002056a06f780, 0x000002056a10d3f0, 0x000002056a1ad4f0,
0x000002056aceb930, 0x000002056ab6bb00, 0x000002056a19ab20, 0x000002056b4b3b70,
0x000002056b4be390, 0x000002056b81e6d0, 0x000002056b80d440, 0x000002056b83dd30,
0x000002056b845f60, 0x000002056b85d7b0, 0x000002056b85f610, 0x000002056b85fb20,
0x000002056b85e1d0, 0x000002056b85e6e0, 0x000002056b85ebf0, 0x000002056b860030,
0x000002056b85c880, 0x000002056b85cd90, 0x000002056b85d2a0, 0x000002056b85f100,
0x000002056ba608f0, 0x000002056ba62240, 0x000002056ba603e0, 0x000002056ba63680,
0x000002056ba66410, 0x000002056ba61d30, 0x000002056ba62c60, 0x000002056ba62750,
0x000002056ba63b90, 0x000002056ba640a0, 0x000002056ba61310, 0x000002056ba61820,
0x000002056ba645b0, 0x000002056ba64ac0, 0x000002056ba654e0, 0x000002056ba65f00,
0x000002056ba5efa0, 0x000002056ba5f4b0, 0x000002056ba5f9c0, 0x000002056ba5fed0,
0x000002056c9cff50, 0x000002056c9d0460, 0x000002056c9d4b40, 0x000002056c9d0e80,
0x000002056c9d22c0, 0x000002056c9d0970, 0x000002056c9d3700, 0x000002056c9ceb10,
0x000002056c9d27d0, 0x000002056c9d3c10, 0x000002056c9d1390, 0x000002056c9cfa40,
0x000002056c9d1db0, 0x000002056c9d4630, 0x000002056c9d2ce0, 0x000002056c9ce600,
0x000002056c9cf530, 0x000002056c9cd6d0, 0x000002056c9d31f0, 0x000002056c9d5050,
0x000002056c9cf020, 0x000002056e44dfa0, 0x000002056e448990, 0x000002056e447f70,
0x000002056e44eed0, 0x000002056e4498c0, 0x000002056e44f3e0, 0x000002056e449dd0,
0x000002056e44e9c0, 0x000002056e44a2e0, 0x000002056e44bc30, 0x000002056e44f8f0,
0x000002056e44d580, 0x000002056e44e4b0, 0x000002056e44d070, 0x000002056e448480,
0x000002056e448ea0, 0x000002056e4493b0, 0x000002056e44a7f0, 0x000002056e44ad00,
0x000002056e44c140, 0x000002056e44b210, 0x000002056e44c650, 0x000002056e44da90,
0x000002056e44b720, 0x000002056e44cb60, 0x000002056e3b4d20, 0x000002056e3b6b80,
0x000002056e3b1f90, 0x000002056e3b6160, 0x000002056e3b38e0, 0x000002056e3b4810,
0x000002056e3b3df0, 0x000002056e3b7fc0, 0x000002056e3b5230, 0x000002056e3b7ab0,
0x000002056e3b2ec0, 0x000002056e3b5740, 0x000002056e3b84d0, 0x000002056e3b5c50,
0x000002056e3b1060, 0x000002056e3b4300, 0x000002056e3b6670, 0x000002056e3b89e0,
0x000002056e3b7090, 0x000002056e3b1570, 0x000002056e3b1a80, 0x000002056e3b75a0,
0x000002056e3b24a0, 0x000002056e3b33d0, 0x000002056d3ad8e0, 0x000002056d3b1ab0,
0x000002056d3addf0, 0x000002056d3aed20, 0x000002056d3af230, 0x000002056d3ab060,
0x000002056d3ac9b0, 0x000002056d3abf90, 0x000002056d3af740, 0x000002056d3ac4a0,
0x000002056d3b24d0, 0x000002056d3afc50, 0x000002056d3ae810, 0x000002056d3b29e0,
0x000002056d3b0b80, 0x000002056d3ae300, 0x000002056d3ab570, 0x000002056d3b1fc0,
0x000002056d3aba80, 0x000002056d3acec0, 0x000002056d3b1090
}

Java Threads: ( => current thread )
  0x000002052c954a50 JavaThread "main" [_thread_blocked, id=11504, stack(0x00000008b5200000,0x00000008b5300000)]
  0x000002054ae18f10 JavaThread "Reference Handler" daemon [_thread_blocked, id=22992, stack(0x00000008b5900000,0x00000008b5a00000)]
  0x000002054ae1aee0 JavaThread "Finalizer" daemon [_thread_blocked, id=8380, stack(0x00000008b5a00000,0x00000008b5b00000)]
  0x000002056a0030b0 JavaThread "Signal Dispatcher" daemon [_thread_blocked, id=5092, stack(0x00000008b5b00000,0x00000008b5c00000)]
  0x000002056a003b70 JavaThread "Attach Listener" daemon [_thread_blocked, id=4588, stack(0x00000008b5c00000,0x00000008b5d00000)]
  0x000002056a006940 JavaThread "Service Thread" daemon [_thread_blocked, id=972, stack(0x00000008b5d00000,0x00000008b5e00000)]
  0x000002056a007300 JavaThread "Monitor Deflation Thread" daemon [_thread_blocked, id=19504, stack(0x00000008b5e00000,0x00000008b5f00000)]
=>0x000002056a007ff0 JavaThread "C2 CompilerThread0" daemon [_thread_in_native, id=8892, stack(0x00000008b5f00000,0x00000008b6000000)]
  0x000002056a008aa0 JavaThread "C1 CompilerThread0" daemon [_thread_blocked, id=23788, stack(0x00000008b6000000,0x00000008b6100000)]
  0x000002056a06f780 JavaThread "Sweeper thread" daemon [_thread_blocked, id=17780, stack(0x00000008b6100000,0x00000008b6200000)]
  0x000002056a10d3f0 JavaThread "Common-Cleaner" daemon [_thread_blocked, id=22660, stack(0x00000008b6200000,0x00000008b6300000)]
  0x000002056a1ad4f0 JavaThread "Notification Thread" daemon [_thread_blocked, id=10584, stack(0x00000008b6300000,0x00000008b6400000)]
  0x000002056aceb930 JavaThread "Daemon health stats" [_thread_blocked, id=6752, stack(0x00000008b6b00000,0x00000008b6c00000)]
  0x000002056ab6bb00 JavaThread "Incoming local TCP Connector on port 50819" [_thread_in_native, id=22472, stack(0x00000008b6a00000,0x00000008b6b00000)]
  0x000002056a19ab20 JavaThread "Daemon periodic checks" [_thread_blocked, id=9080, stack(0x00000008b6c00000,0x00000008b6d00000)]
  0x000002056b4b3b70 JavaThread "Daemon" [_thread_blocked, id=25352, stack(0x00000008b6e00000,0x00000008b6f00000)]
  0x000002056b4be390 JavaThread "Handler for socket connection from /127.0.0.1:50819 to /127.0.0.1:50820" [_thread_in_native, id=696, stack(0x00000008b6f00000,0x00000008b7000000)]
  0x000002056b81e6d0 JavaThread "Cancel handler" [_thread_blocked, id=13828, stack(0x00000008b6d00000,0x00000008b6e00000)]
  0x000002056b80d440 JavaThread "Daemon worker" [_thread_in_native, id=18480, stack(0x00000008b7000000,0x00000008b7100000)]
  0x000002056b83dd30 JavaThread "Asynchronous log dispatcher for DefaultDaemonConnection: socket connection from /127.0.0.1:50819 to /127.0.0.1:50820" [_thread_blocked, id=15972, stack(0x00000008b7100000,0x00000008b7200000)]
  0x000002056b845f60 JavaThread "Stdin handler" [_thread_blocked, id=17964, stack(0x00000008b7200000,0x00000008b7300000)]
  0x000002056b85d7b0 JavaThread "Daemon client event forwarder" [_thread_blocked, id=19480, stack(0x00000008b7300000,0x00000008b7400000)]
  0x000002056b85f610 JavaThread "Cache worker for journal cache (C:\Users\tiliw\.gradle\caches\journal-1)" [_thread_blocked, id=6804, stack(0x00000008b7400000,0x00000008b7500000)]
  0x000002056b85fb20 JavaThread "File lock request listener" [_thread_in_native, id=10824, stack(0x00000008b7500000,0x00000008b7600000)]
  0x000002056b85e1d0 JavaThread "Cache worker for file hash cache (C:\Users\tiliw\.gradle\caches\8.8\fileHashes)" [_thread_blocked, id=3948, stack(0x00000008b7600000,0x00000008b7700000)]
  0x000002056b85e6e0 JavaThread "Cache worker for file hash cache (D:\D10_Cuatrimestre\Vinicio\autoCar\android\.gradle\8.8\fileHashes)" [_thread_blocked, id=12452, stack(0x00000008b7a00000,0x00000008b7b00000)]
  0x000002056b85ebf0 JavaThread "File watcher server" daemon [_thread_in_native, id=13780, stack(0x00000008b7b00000,0x00000008b7c00000)]
  0x000002056b860030 JavaThread "File watcher consumer" daemon [_thread_blocked, id=12696, stack(0x00000008b7c00000,0x00000008b7d00000)]
  0x000002056b85c880 JavaThread "Cache worker for checksums cache (D:\D10_Cuatrimestre\Vinicio\autoCar\android\.gradle\8.8\checksums)" [_thread_blocked, id=17320, stack(0x00000008b7900000,0x00000008b7a00000)]
  0x000002056b85cd90 JavaThread "Cache worker for file content cache (C:\Users\tiliw\.gradle\caches\8.8\fileContent)" [_thread_blocked, id=3412, stack(0x00000008b7e00000,0x00000008b7f00000)]
  0x000002056b85d2a0 JavaThread "Cache worker for cache directory md-rule (C:\Users\tiliw\.gradle\caches\8.8\md-rule)" [_thread_blocked, id=8488, stack(0x00000008b8000000,0x00000008b8100000)]
  0x000002056b85f100 JavaThread "Cache worker for cache directory md-supplier (C:\Users\tiliw\.gradle\caches\8.8\md-supplier)" [_thread_blocked, id=25212, stack(0x00000008b8100000,0x00000008b8200000)]
  0x000002056ba608f0 JavaThread "jar transforms" [_thread_blocked, id=16804, stack(0x00000008b8400000,0x00000008b8500000)]
  0x000002056ba62240 JavaThread "jar transforms Thread 2" [_thread_blocked, id=11100, stack(0x00000008b8500000,0x00000008b8600000)]
  0x000002056ba603e0 JavaThread "jar transforms Thread 3" [_thread_blocked, id=22376, stack(0x00000008b8600000,0x00000008b8700000)]
  0x000002056ba63680 JavaThread "Unconstrained build operations" [_thread_blocked, id=17580, stack(0x00000008b7f00000,0x00000008b8000000)]
  0x000002056ba66410 JavaThread "Unconstrained build operations Thread 2" [_thread_blocked, id=12512, stack(0x00000008b8700000,0x00000008b8800000)]
  0x000002056ba61d30 JavaThread "Unconstrained build operations Thread 3" [_thread_blocked, id=10652, stack(0x00000008b8800000,0x00000008b8900000)]
  0x000002056ba62c60 JavaThread "Unconstrained build operations Thread 4" [_thread_blocked, id=19580, stack(0x00000008b8900000,0x00000008b8a00000)]
  0x000002056ba62750 JavaThread "Unconstrained build operations Thread 5" [_thread_blocked, id=2652, stack(0x00000008b8a00000,0x00000008b8b00000)]
  0x000002056ba63b90 JavaThread "Unconstrained build operations Thread 6" [_thread_blocked, id=16220, stack(0x00000008b8b00000,0x00000008b8c00000)]
  0x000002056ba640a0 JavaThread "Cache worker for Build Output Cleanup Cache (D:\D10_Cuatrimestre\Vinicio\autoCar\node_modules\@react-native\gradle-plugin\.gradle\buildOutputCleanup)" [_thread_blocked, id=7900, stack(0x00000008b8c00000,0x00000008b8d00000)]
  0x000002056ba61310 JavaThread "Unconstrained build operations Thread 7" [_thread_blocked, id=11380, stack(0x00000008b8d00000,0x00000008b8e00000)]
  0x000002056ba61820 JavaThread "Unconstrained build operations Thread 8" [_thread_blocked, id=23584, stack(0x00000008b8e00000,0x00000008b8f00000)]
  0x000002056ba645b0 JavaThread "Unconstrained build operations Thread 9" [_thread_blocked, id=9476, stack(0x00000008b8f00000,0x00000008b9000000)]
  0x000002056ba64ac0 JavaThread "Unconstrained build operations Thread 10" [_thread_blocked, id=1908, stack(0x00000008b9000000,0x00000008b9100000)]
  0x000002056ba654e0 JavaThread "Unconstrained build operations Thread 11" [_thread_blocked, id=21380, stack(0x00000008b9100000,0x00000008b9200000)]
  0x000002056ba65f00 JavaThread "Unconstrained build operations Thread 12" [_thread_blocked, id=25192, stack(0x00000008b9200000,0x00000008b9300000)]
  0x000002056ba5efa0 JavaThread "Unconstrained build operations Thread 13" [_thread_blocked, id=22884, stack(0x00000008b9300000,0x00000008b9400000)]
  0x000002056ba5f4b0 JavaThread "Unconstrained build operations Thread 14" [_thread_blocked, id=23872, stack(0x00000008b9400000,0x00000008b9500000)]
  0x000002056ba5f9c0 JavaThread "Unconstrained build operations Thread 15" [_thread_blocked, id=13616, stack(0x00000008b9500000,0x00000008b9600000)]
  0x000002056ba5fed0 JavaThread "Unconstrained build operations Thread 16" [_thread_blocked, id=22504, stack(0x00000008b9600000,0x00000008b9700000)]
  0x000002056c9cff50 JavaThread "Unconstrained build operations Thread 17" [_thread_blocked, id=23976, stack(0x00000008b9700000,0x00000008b9800000)]
  0x000002056c9d0460 JavaThread "Unconstrained build operations Thread 18" [_thread_blocked, id=9916, stack(0x00000008b9800000,0x00000008b9900000)]
  0x000002056c9d4b40 JavaThread "Unconstrained build operations Thread 19" [_thread_blocked, id=23260, stack(0x00000008b9900000,0x00000008b9a00000)]
  0x000002056c9d0e80 JavaThread "Unconstrained build operations Thread 20" [_thread_blocked, id=820, stack(0x00000008b9a00000,0x00000008b9b00000)]
  0x000002056c9d22c0 JavaThread "Unconstrained build operations Thread 21" [_thread_blocked, id=23800, stack(0x00000008b9b00000,0x00000008b9c00000)]
  0x000002056c9d0970 JavaThread "Unconstrained build operations Thread 22" [_thread_blocked, id=25580, stack(0x00000008b9c00000,0x00000008b9d00000)]
  0x000002056c9d3700 JavaThread "Unconstrained build operations Thread 23" [_thread_blocked, id=8884, stack(0x00000008b9d00000,0x00000008b9e00000)]
  0x000002056c9ceb10 JavaThread "Unconstrained build operations Thread 24" [_thread_blocked, id=19148, stack(0x00000008b9e00000,0x00000008b9f00000)]
  0x000002056c9d27d0 JavaThread "Unconstrained build operations Thread 25" [_thread_blocked, id=3816, stack(0x00000008b9f00000,0x00000008ba000000)]
  0x000002056c9d3c10 JavaThread "Unconstrained build operations Thread 26" [_thread_blocked, id=5512, stack(0x00000008ba000000,0x00000008ba100000)]
  0x000002056c9d1390 JavaThread "Unconstrained build operations Thread 27" [_thread_blocked, id=24340, stack(0x00000008ba100000,0x00000008ba200000)]
  0x000002056c9cfa40 JavaThread "Memory manager" [_thread_blocked, id=19064, stack(0x00000008ba200000,0x00000008ba300000)]
  0x000002056c9d1db0 JavaThread "build event listener" [_thread_blocked, id=21436, stack(0x00000008ba300000,0x00000008ba400000)]
  0x000002056c9d4630 JavaThread "ForkJoinPool.commonPool-worker-1" daemon [_thread_blocked, id=13216, stack(0x00000008ba600000,0x00000008ba700000)]
  0x000002056c9d2ce0 JavaThread "ForkJoinPool.commonPool-worker-2" daemon [_thread_blocked, id=19088, stack(0x00000008ba700000,0x00000008ba800000)]
  0x000002056c9ce600 JavaThread "ForkJoinPool.commonPool-worker-3" daemon [_thread_blocked, id=10644, stack(0x00000008ba800000,0x00000008ba900000)]
  0x000002056c9cf530 JavaThread "ForkJoinPool.commonPool-worker-4" daemon [_thread_blocked, id=18444, stack(0x00000008ba900000,0x00000008baa00000)]
  0x000002056c9cd6d0 JavaThread "ForkJoinPool.commonPool-worker-5" daemon [_thread_blocked, id=7956, stack(0x00000008baa00000,0x00000008bab00000)]
  0x000002056c9d31f0 JavaThread "ForkJoinPool.commonPool-worker-6" daemon [_thread_blocked, id=21208, stack(0x00000008bab00000,0x00000008bac00000)]
  0x000002056c9d5050 JavaThread "ForkJoinPool.commonPool-worker-7" daemon [_thread_blocked, id=13336, stack(0x00000008bac00000,0x00000008bad00000)]
  0x000002056c9cf020 JavaThread "Exec process" daemon [_thread_blocked, id=13960, stack(0x00000008bad00000,0x00000008bae00000)]
  0x000002056e44dfa0 JavaThread "Exec process Thread 2" daemon [_thread_blocked, id=12020, stack(0x00000008bae00000,0x00000008baf00000)]
  0x000002056e448990 JavaThread "Exec process Thread 3" daemon [_thread_blocked, id=13000, stack(0x00000008baf00000,0x00000008bb000000)]
  0x000002056e447f70 JavaThread "included builds" [_thread_blocked, id=9728, stack(0x00000008bb100000,0x00000008bb200000)]
  0x000002056e44eed0 JavaThread "Execution worker" [_thread_blocked, id=16240, stack(0x00000008bb000000,0x00000008bb100000)]
  0x000002056e4498c0 JavaThread "Execution worker Thread 2" [_thread_blocked, id=1612, stack(0x00000008bb200000,0x00000008bb300000)]
  0x000002056e44f3e0 JavaThread "Execution worker Thread 3" [_thread_blocked, id=14400, stack(0x00000008bb300000,0x00000008bb400000)]
  0x000002056e449dd0 JavaThread "Execution worker Thread 4" [_thread_blocked, id=20836, stack(0x00000008bb400000,0x00000008bb500000)]
  0x000002056e44e9c0 JavaThread "Execution worker Thread 5" [_thread_blocked, id=20804, stack(0x00000008bb500000,0x00000008bb600000)]
  0x000002056e44a2e0 JavaThread "Execution worker Thread 6" [_thread_blocked, id=11032, stack(0x00000008bb600000,0x00000008bb700000)]
  0x000002056e44bc30 JavaThread "Execution worker Thread 7" [_thread_blocked, id=13836, stack(0x00000008bb700000,0x00000008bb800000)]
  0x000002056e44f8f0 JavaThread "Cache worker for execution history cache (D:\D10_Cuatrimestre\Vinicio\autoCar\node_modules\@react-native\gradle-plugin\.gradle\8.8\executionHistory)" [_thread_blocked, id=320, stack(0x00000008bb800000,0x00000008bb900000)]
  0x000002056e44d580 JavaThread "Unconstrained build operations Thread 28" [_thread_blocked, id=9176, stack(0x00000008bba00000,0x00000008bbb00000)]
  0x000002056e44e4b0 JavaThread "Unconstrained build operations Thread 29" [_thread_blocked, id=5224, stack(0x00000008bbb00000,0x00000008bbc00000)]
  0x000002056e44d070 JavaThread "Unconstrained build operations Thread 30" [_thread_blocked, id=22172, stack(0x00000008bbc00000,0x00000008bbd00000)]
  0x000002056e448480 JavaThread "Unconstrained build operations Thread 31" [_thread_blocked, id=21296, stack(0x00000008bbd00000,0x00000008bbe00000)]
  0x000002056e448ea0 JavaThread "Unconstrained build operations Thread 32" [_thread_blocked, id=7964, stack(0x00000008bbe00000,0x00000008bbf00000)]
  0x000002056e4493b0 JavaThread "Unconstrained build operations Thread 33" [_thread_blocked, id=9816, stack(0x00000008bbf00000,0x00000008bc000000)]
  0x000002056e44a7f0 JavaThread "Unconstrained build operations Thread 34" [_thread_blocked, id=23784, stack(0x00000008bc000000,0x00000008bc100000)]
  0x000002056e44ad00 JavaThread "Unconstrained build operations Thread 35" [_thread_blocked, id=15252, stack(0x00000008bc100000,0x00000008bc200000)]
  0x000002056e44c140 JavaThread "Unconstrained build operations Thread 36" [_thread_blocked, id=23900, stack(0x00000008bc200000,0x00000008bc300000)]
  0x000002056e44b210 JavaThread "Unconstrained build operations Thread 37" [_thread_blocked, id=14472, stack(0x00000008bc300000,0x00000008bc400000)]
  0x000002056e44c650 JavaThread "Unconstrained build operations Thread 38" [_thread_blocked, id=19264, stack(0x00000008bc400000,0x00000008bc500000)]
  0x000002056e44da90 JavaThread "Unconstrained build operations Thread 39" [_thread_blocked, id=6824, stack(0x00000008bc500000,0x00000008bc600000)]
  0x000002056e44b720 JavaThread "Unconstrained build operations Thread 40" [_thread_blocked, id=4808, stack(0x00000008bc600000,0x00000008bc700000)]
  0x000002056e44cb60 JavaThread "Unconstrained build operations Thread 41" [_thread_blocked, id=24548, stack(0x00000008bc700000,0x00000008bc800000)]
  0x000002056e3b4d20 JavaThread "Unconstrained build operations Thread 42" [_thread_blocked, id=23448, stack(0x00000008bc800000,0x00000008bc900000)]
  0x000002056e3b6b80 JavaThread "Unconstrained build operations Thread 43" [_thread_blocked, id=14748, stack(0x00000008bc900000,0x00000008bca00000)]
  0x000002056e3b1f90 JavaThread "Unconstrained build operations Thread 44" [_thread_blocked, id=24088, stack(0x00000008bb900000,0x00000008bba00000)]
  0x000002056e3b6160 JavaThread "Unconstrained build operations Thread 45" [_thread_blocked, id=22352, stack(0x00000008bca00000,0x00000008bcb00000)]
  0x000002056e3b38e0 JavaThread "Unconstrained build operations Thread 46" [_thread_blocked, id=15136, stack(0x00000008bcb00000,0x00000008bcc00000)]
  0x000002056e3b4810 JavaThread "Unconstrained build operations Thread 47" [_thread_blocked, id=4740, stack(0x00000008bcc00000,0x00000008bcd00000)]
  0x000002056e3b3df0 JavaThread "Unconstrained build operations Thread 48" [_thread_blocked, id=17972, stack(0x00000008bcd00000,0x00000008bce00000)]
  0x000002056e3b7fc0 JavaThread "Unconstrained build operations Thread 49" [_thread_blocked, id=21764, stack(0x00000008bce00000,0x00000008bcf00000)]
  0x000002056e3b5230 JavaThread "Unconstrained build operations Thread 50" [_thread_blocked, id=15880, stack(0x00000008bcf00000,0x00000008bd000000)]
  0x000002056e3b7ab0 JavaThread "Unconstrained build operations Thread 51" [_thread_blocked, id=12640, stack(0x00000008bd000000,0x00000008bd100000)]
  0x000002056e3b2ec0 JavaThread "Unconstrained build operations Thread 52" [_thread_blocked, id=14300, stack(0x00000008bd100000,0x00000008bd200000)]
  0x000002056e3b5740 JavaThread "Unconstrained build operations Thread 53" [_thread_blocked, id=24160, stack(0x00000008bd200000,0x00000008bd300000)]
  0x000002056e3b84d0 JavaThread "Unconstrained build operations Thread 54" [_thread_blocked, id=25060, stack(0x00000008bd300000,0x00000008bd400000)]
  0x000002056e3b5c50 JavaThread "Unconstrained build operations Thread 55" [_thread_blocked, id=19728, stack(0x00000008bd400000,0x00000008bd500000)]
  0x000002056e3b1060 JavaThread "Unconstrained build operations Thread 56" [_thread_blocked, id=9444, stack(0x00000008bd500000,0x00000008bd600000)]
  0x000002056e3b4300 JavaThread "Unconstrained build operations Thread 57" [_thread_blocked, id=22764, stack(0x00000008bd600000,0x00000008bd700000)]
  0x000002056e3b6670 JavaThread "Unconstrained build operations Thread 58" [_thread_blocked, id=22888, stack(0x00000008bd700000,0x00000008bd800000)]
  0x000002056e3b89e0 JavaThread "Unconstrained build operations Thread 59" [_thread_blocked, id=10900, stack(0x00000008bd800000,0x00000008bd900000)]
  0x000002056e3b7090 JavaThread "Unconstrained build operations Thread 60" [_thread_blocked, id=11552, stack(0x00000008bd900000,0x00000008bda00000)]
  0x000002056e3b1570 JavaThread "Unconstrained build operations Thread 61" [_thread_blocked, id=10260, stack(0x00000008bda00000,0x00000008bdb00000)]
  0x000002056e3b1a80 JavaThread "Unconstrained build operations Thread 62" [_thread_blocked, id=12168, stack(0x00000008bdb00000,0x00000008bdc00000)]
  0x000002056e3b75a0 JavaThread "Unconstrained build operations Thread 63" [_thread_blocked, id=2936, stack(0x00000008bdc00000,0x00000008bdd00000)]
  0x000002056e3b24a0 JavaThread "Unconstrained build operations Thread 64" [_thread_blocked, id=22612, stack(0x00000008bdd00000,0x00000008bde00000)]
  0x000002056e3b33d0 JavaThread "Unconstrained build operations Thread 65" [_thread_blocked, id=18752, stack(0x00000008bde00000,0x00000008bdf00000)]
  0x000002056d3ad8e0 JavaThread "Unconstrained build operations Thread 66" [_thread_blocked, id=12868, stack(0x00000008bdf00000,0x00000008be000000)]
  0x000002056d3b1ab0 JavaThread "Unconstrained build operations Thread 67" [_thread_blocked, id=19828, stack(0x00000008be000000,0x00000008be100000)]
  0x000002056d3addf0 JavaThread "Unconstrained build operations Thread 68" [_thread_blocked, id=8932, stack(0x00000008be100000,0x00000008be200000)]
  0x000002056d3aed20 JavaThread "Unconstrained build operations Thread 69" [_thread_blocked, id=19984, stack(0x00000008be200000,0x00000008be300000)]
  0x000002056d3af230 JavaThread "Unconstrained build operations Thread 70" [_thread_blocked, id=21112, stack(0x00000008be300000,0x00000008be400000)]
  0x000002056d3ab060 JavaThread "Unconstrained build operations Thread 71" [_thread_blocked, id=2752, stack(0x00000008be400000,0x00000008be500000)]
  0x000002056d3ac9b0 JavaThread "Unconstrained build operations Thread 72" [_thread_blocked, id=9012, stack(0x00000008be500000,0x00000008be600000)]
  0x000002056d3abf90 JavaThread "jar transforms Thread 4" [_thread_blocked, id=5720, stack(0x00000008be600000,0x00000008be700000)]
  0x000002056d3af740 JavaThread "Cache worker for Build Output Cleanup Cache (D:\D10_Cuatrimestre\Vinicio\autoCar\android\.gradle\buildOutputCleanup)" [_thread_blocked, id=14568, stack(0x00000008be700000,0x00000008be800000)]
  0x000002056d3ac4a0 JavaThread "jar transforms Thread 5" [_thread_blocked, id=19796, stack(0x00000008be800000,0x00000008be900000)]
  0x000002056d3b24d0 JavaThread "Unconstrained build operations Thread 73" [_thread_blocked, id=24196, stack(0x00000008be900000,0x00000008bea00000)]
  0x000002056d3afc50 JavaThread "Unconstrained build operations Thread 74" [_thread_blocked, id=20328, stack(0x00000008bea00000,0x00000008beb00000)]
  0x000002056d3ae810 JavaThread "Unconstrained build operations Thread 75" [_thread_blocked, id=20664, stack(0x00000008beb00000,0x00000008bec00000)]
  0x000002056d3b29e0 JavaThread "Unconstrained build operations Thread 76" [_thread_blocked, id=12776, stack(0x00000008bec00000,0x00000008bed00000)]
  0x000002056d3b0b80 JavaThread "Unconstrained build operations Thread 77" [_thread_blocked, id=18040, stack(0x00000008bed00000,0x00000008bee00000)]
  0x000002056d3ae300 JavaThread "Unconstrained build operations Thread 78" [_thread_blocked, id=15364, stack(0x00000008bee00000,0x00000008bef00000)]
  0x000002056d3ab570 JavaThread "Unconstrained build operations Thread 79" [_thread_blocked, id=5336, stack(0x00000008bef00000,0x00000008bf000000)]
  0x000002056d3b1fc0 JavaThread "Unconstrained build operations Thread 80" [_thread_blocked, id=12620, stack(0x00000008bf000000,0x00000008bf100000)]
  0x000002056d3aba80 JavaThread "jar transforms Thread 6" [_thread_blocked, id=14080, stack(0x00000008bf100000,0x00000008bf200000)]
  0x000002056d3acec0 JavaThread "jar transforms Thread 7" [_thread_blocked, id=20388, stack(0x00000008bf200000,0x00000008bf300000)]
  0x000002056d3b1090 JavaThread "jar transforms Thread 8" [_thread_blocked, id=9628, stack(0x00000008bf300000,0x00000008bf400000)]

Other Threads:
  0x000002054ae14970 VMThread "VM Thread" [stack: 0x00000008b5800000,0x00000008b5900000] [id=20876]
  0x000002052c9556e0 WatcherThread [stack: 0x00000008b6400000,0x00000008b6500000] [id=448]
  0x000002052c9b09c0 GCTaskThread "GC Thread#0" [stack: 0x00000008b5300000,0x00000008b5400000] [id=5220]
  0x000002056ac1e8f0 GCTaskThread "GC Thread#1" [stack: 0x00000008b6500000,0x00000008b6600000] [id=22512]
  0x000002056a3fe840 GCTaskThread "GC Thread#2" [stack: 0x00000008b6600000,0x00000008b6700000] [id=2444]
  0x000002056a3feb00 GCTaskThread "GC Thread#3" [stack: 0x00000008b6700000,0x00000008b6800000] [id=24816]
  0x000002056a30a450 GCTaskThread "GC Thread#4" [stack: 0x00000008b6800000,0x00000008b6900000] [id=5892]
  0x000002056a30a710 GCTaskThread "GC Thread#5" [stack: 0x00000008b6900000,0x00000008b6a00000] [id=15036]
  0x000002056c08c410 GCTaskThread "GC Thread#6" [stack: 0x00000008b7700000,0x00000008b7800000] [id=6064]
  0x000002056c08bbd0 GCTaskThread "GC Thread#7" [stack: 0x00000008b7800000,0x00000008b7900000] [id=22596]
  0x000002052c9c1910 ConcurrentGCThread "G1 Main Marker" [stack: 0x00000008b5400000,0x00000008b5500000] [id=4312]
  0x000002052c9c3340 ConcurrentGCThread "G1 Conc#0" [stack: 0x00000008b5500000,0x00000008b5600000] [id=19696]
  0x000002056c08be90 ConcurrentGCThread "G1 Conc#1" [stack: 0x00000008b7d00000,0x00000008b7e00000] [id=1008]
  0x000002052c9fd7e0 ConcurrentGCThread "G1 Refine#0" [stack: 0x00000008b5600000,0x00000008b5700000] [id=532]
  0x000002056c8f0180 ConcurrentGCThread "G1 Refine#1" [stack: 0x00000008b8200000,0x00000008b8300000] [id=17708]
  0x000002056c43e040 ConcurrentGCThread "G1 Refine#2" [stack: 0x00000008b8300000,0x00000008b8400000] [id=14256]
  0x000002052c9fe210 ConcurrentGCThread "G1 Service" [stack: 0x00000008b5700000,0x00000008b5800000] [id=10392]

Threads with active compile tasks:
C2 CompilerThread0    55506 11697   !   4       java.net.URLClassLoader::findClass (47 bytes)

VM state: not at safepoint (normal execution)

VM Mutex/Monitor currently owned by a thread: None

Heap address: 0x0000000080000000, size: 2048 MB, Compressed Oops mode: 32-bit

CDS archive(s) mapped at: [0x000002054b000000-0x000002054bbb0000-0x000002054bbb0000), size 12255232, SharedBaseAddress: 0x000002054b000000, ArchiveRelocationMode: 1.
Compressed class space mapped at: 0x000002054c000000-0x0000020566000000, reserved size: 436207616
Narrow klass base: 0x000002054b000000, Narrow klass shift: 0, Narrow klass range: 0x100000000

GC Precious Log:
 CPUs: 8 total, 8 available
 Memory: 16165M
 Large Page Support: Disabled
 NUMA Support: Disabled
 Compressed Oops: Enabled (32-bit)
 Heap Region Size: 1M
 Heap Min Capacity: 8M
 Heap Initial Capacity: 254M
 Heap Max Capacity: 2G
 Pre-touch: Disabled
 Parallel Workers: 8
 Concurrent Workers: 2
 Concurrent Refinement Workers: 8
 Periodic GC: Disabled

Heap:
 garbage-first heap   total 165888K, used 119313K [0x0000000080000000, 0x0000000100000000)
  region size 1024K, 24 young (24576K), 6 survivors (6144K)
 Metaspace       used 77243K, committed 78080K, reserved 557056K
  class space    used 10788K, committed 11200K, reserved 425984K

Heap Regions: E=young(eden), S=young(survivor), O=old, HS=humongous(starts), HC=humongous(continues), CS=collection set, F=free, OA=open archive, CA=closed archive, TAMS=top-at-mark-start (previous, next)
|   0|0x0000000080000000, 0x0000000080100000, 0x0000000080100000|100%|HS|  |TAMS 0x0000000080100000, 0x0000000080000000| Complete 
|   1|0x0000000080100000, 0x0000000080200000, 0x0000000080200000|100%|HC|  |TAMS 0x0000000080200000, 0x0000000080100000| Complete 
|   2|0x0000000080200000, 0x0000000080300000, 0x0000000080300000|100%|HC|  |TAMS 0x0000000080300000, 0x0000000080200000| Complete 
|   3|0x0000000080300000, 0x0000000080400000, 0x0000000080400000|100%|HC|  |TAMS 0x0000000080400000, 0x0000000080300000| Complete 
|   4|0x0000000080400000, 0x0000000080500000, 0x0000000080500000|100%| O|  |TAMS 0x0000000080500000, 0x0000000080400000| Untracked 
|   5|0x0000000080500000, 0x0000000080600000, 0x0000000080600000|100%| O|  |TAMS 0x0000000080600000, 0x0000000080500000| Untracked 
|   6|0x0000000080600000, 0x0000000080700000, 0x0000000080700000|100%| O|  |TAMS 0x0000000080700000, 0x0000000080600000| Untracked 
|   7|0x0000000080700000, 0x0000000080800000, 0x0000000080800000|100%| O|  |TAMS 0x0000000080800000, 0x0000000080700000| Untracked 
|   8|0x0000000080800000, 0x0000000080900000, 0x0000000080900000|100%| O|  |TAMS 0x0000000080900000, 0x0000000080800000| Untracked 
|   9|0x0000000080900000, 0x0000000080a00000, 0x0000000080a00000|100%| O|  |TAMS 0x0000000080a00000, 0x0000000080900000| Untracked 
|  10|0x0000000080a00000, 0x0000000080b00000, 0x0000000080b00000|100%| O|  |TAMS 0x0000000080b00000, 0x0000000080a00000| Untracked 
|  11|0x0000000080b00000, 0x0000000080c00000, 0x0000000080c00000|100%|HS|  |TAMS 0x0000000080c00000, 0x0000000080b00000| Complete 
|  12|0x0000000080c00000, 0x0000000080d00000, 0x0000000080d00000|100%| O|  |TAMS 0x0000000080c00000, 0x0000000080c00000| Untracked 
|  13|0x0000000080d00000, 0x0000000080e00000, 0x0000000080e00000|100%| O|  |TAMS 0x0000000080e00000, 0x0000000080d00000| Untracked 
|  14|0x0000000080e00000, 0x0000000080f00000, 0x0000000080f00000|100%| O|  |TAMS 0x0000000080f00000, 0x0000000080e00000| Untracked 
|  15|0x0000000080f00000, 0x0000000081000000, 0x0000000081000000|100%| O|  |TAMS 0x0000000081000000, 0x0000000080f00000| Untracked 
|  16|0x0000000081000000, 0x0000000081100000, 0x0000000081100000|100%| O|  |TAMS 0x0000000081100000, 0x0000000081000000| Untracked 
|  17|0x0000000081100000, 0x0000000081200000, 0x0000000081200000|100%| O|  |TAMS 0x0000000081200000, 0x0000000081100000| Untracked 
|  18|0x0000000081200000, 0x0000000081300000, 0x0000000081300000|100%| O|  |TAMS 0x0000000081300000, 0x0000000081200000| Untracked 
|  19|0x0000000081300000, 0x0000000081400000, 0x0000000081400000|100%| O|  |TAMS 0x0000000081400000, 0x0000000081300000| Untracked 
|  20|0x0000000081400000, 0x0000000081500000, 0x0000000081500000|100%| O|  |TAMS 0x0000000081500000, 0x0000000081400000| Untracked 
|  21|0x0000000081500000, 0x0000000081600000, 0x0000000081600000|100%| O|  |TAMS 0x0000000081600000, 0x0000000081500000| Untracked 
|  22|0x0000000081600000, 0x0000000081700000, 0x0000000081700000|100%| O|  |TAMS 0x0000000081700000, 0x0000000081600000| Untracked 
|  23|0x0000000081700000, 0x0000000081800000, 0x0000000081800000|100%| O|  |TAMS 0x0000000081800000, 0x0000000081700000| Untracked 
|  24|0x0000000081800000, 0x0000000081900000, 0x0000000081900000|100%| O|  |TAMS 0x0000000081900000, 0x0000000081800000| Untracked 
|  25|0x0000000081900000, 0x0000000081a00000, 0x0000000081a00000|100%| O|  |TAMS 0x0000000081a00000, 0x0000000081900000| Untracked 
|  26|0x0000000081a00000, 0x0000000081b00000, 0x0000000081b00000|100%| O|  |TAMS 0x0000000081b00000, 0x0000000081a00000| Untracked 
|  27|0x0000000081b00000, 0x0000000081c00000, 0x0000000081c00000|100%| O|  |TAMS 0x0000000081c00000, 0x0000000081b00000| Untracked 
|  28|0x0000000081c00000, 0x0000000081d00000, 0x0000000081d00000|100%| O|  |TAMS 0x0000000081d00000, 0x0000000081c00000| Untracked 
|  29|0x0000000081d00000, 0x0000000081e00000, 0x0000000081e00000|100%| O|  |TAMS 0x0000000081e00000, 0x0000000081d00000| Untracked 
|  30|0x0000000081e00000, 0x0000000081f00000, 0x0000000081f00000|100%| O|  |TAMS 0x0000000081f00000, 0x0000000081e00000| Untracked 
|  31|0x0000000081f00000, 0x0000000082000000, 0x0000000082000000|100%| O|  |TAMS 0x0000000082000000, 0x0000000081f00000| Untracked 
|  32|0x0000000082000000, 0x0000000082100000, 0x0000000082100000|100%| O|  |TAMS 0x0000000082100000, 0x0000000082000000| Untracked 
|  33|0x0000000082100000, 0x0000000082200000, 0x0000000082200000|100%| O|  |TAMS 0x0000000082200000, 0x0000000082100000| Untracked 
|  34|0x0000000082200000, 0x0000000082300000, 0x0000000082300000|100%| O|  |TAMS 0x0000000082200000, 0x0000000082200000| Untracked 
|  35|0x0000000082300000, 0x0000000082400000, 0x0000000082400000|100%| O|  |TAMS 0x0000000082400000, 0x0000000082300000| Untracked 
|  36|0x0000000082400000, 0x0000000082500000, 0x0000000082500000|100%| O|  |TAMS 0x0000000082500000, 0x0000000082400000| Untracked 
|  37|0x0000000082500000, 0x0000000082600000, 0x0000000082600000|100%| O|  |TAMS 0x0000000082600000, 0x0000000082500000| Untracked 
|  38|0x0000000082600000, 0x0000000082700000, 0x0000000082700000|100%| O|  |TAMS 0x0000000082700000, 0x0000000082600000| Untracked 
|  39|0x0000000082700000, 0x0000000082800000, 0x0000000082800000|100%| O|  |TAMS 0x0000000082800000, 0x0000000082700000| Untracked 
|  40|0x0000000082800000, 0x0000000082900000, 0x0000000082900000|100%| O|  |TAMS 0x0000000082900000, 0x0000000082800000| Untracked 
|  41|0x0000000082900000, 0x0000000082a00000, 0x0000000082a00000|100%| O|  |TAMS 0x0000000082a00000, 0x0000000082900000| Untracked 
|  42|0x0000000082a00000, 0x0000000082b00000, 0x0000000082b00000|100%| O|  |TAMS 0x0000000082b00000, 0x0000000082a00000| Untracked 
|  43|0x0000000082b00000, 0x0000000082c00000, 0x0000000082c00000|100%| O|  |TAMS 0x0000000082c00000, 0x0000000082b00000| Untracked 
|  44|0x0000000082c00000, 0x0000000082d00000, 0x0000000082d00000|100%| O|  |TAMS 0x0000000082d00000, 0x0000000082c00000| Untracked 
|  45|0x0000000082d00000, 0x0000000082e00000, 0x0000000082e00000|100%| O|  |TAMS 0x0000000082e00000, 0x0000000082d00000| Untracked 
|  46|0x0000000082e00000, 0x0000000082f00000, 0x0000000082f00000|100%| O|  |TAMS 0x0000000082f00000, 0x0000000082e00000| Untracked 
|  47|0x0000000082f00000, 0x0000000083000000, 0x0000000083000000|100%| O|  |TAMS 0x0000000083000000, 0x0000000082f00000| Untracked 
|  48|0x0000000083000000, 0x0000000083100000, 0x0000000083100000|100%| O|  |TAMS 0x0000000083100000, 0x0000000083000000| Untracked 
|  49|0x0000000083100000, 0x0000000083200000, 0x0000000083200000|100%|HS|  |TAMS 0x0000000083200000, 0x0000000083100000| Complete 
|  50|0x0000000083200000, 0x0000000083300000, 0x0000000083300000|100%|HC|  |TAMS 0x0000000083300000, 0x0000000083200000| Complete 
|  51|0x0000000083300000, 0x0000000083400000, 0x0000000083400000|100%|HS|  |TAMS 0x0000000083400000, 0x0000000083300000| Complete 
|  52|0x0000000083400000, 0x0000000083500000, 0x0000000083500000|100%|HC|  |TAMS 0x0000000083500000, 0x0000000083400000| Complete 
|  53|0x0000000083500000, 0x0000000083600000, 0x0000000083600000|100%|HS|  |TAMS 0x0000000083600000, 0x0000000083500000| Complete 
|  54|0x0000000083600000, 0x0000000083700000, 0x0000000083700000|100%|HC|  |TAMS 0x0000000083700000, 0x0000000083600000| Complete 
|  55|0x0000000083700000, 0x0000000083800000, 0x0000000083800000|100%|HC|  |TAMS 0x0000000083800000, 0x0000000083700000| Complete 
|  56|0x0000000083800000, 0x0000000083900000, 0x0000000083900000|100%|HC|  |TAMS 0x0000000083900000, 0x0000000083800000| Complete 
|  57|0x0000000083900000, 0x0000000083a00000, 0x0000000083a00000|100%|HS|  |TAMS 0x0000000083a00000, 0x0000000083900000| Complete 
|  58|0x0000000083a00000, 0x0000000083b00000, 0x0000000083b00000|100%|HC|  |TAMS 0x0000000083b00000, 0x0000000083a00000| Complete 
|  59|0x0000000083b00000, 0x0000000083c00000, 0x0000000083c00000|100%|HC|  |TAMS 0x0000000083c00000, 0x0000000083b00000| Complete 
|  60|0x0000000083c00000, 0x0000000083d00000, 0x0000000083d00000|100%|HC|  |TAMS 0x0000000083d00000, 0x0000000083c00000| Complete 
|  61|0x0000000083d00000, 0x0000000083e00000, 0x0000000083e00000|100%| O|  |TAMS 0x0000000083e00000, 0x0000000083d00000| Untracked 
|  62|0x0000000083e00000, 0x0000000083f00000, 0x0000000083f00000|100%| O|  |TAMS 0x0000000083f00000, 0x0000000083e00000| Untracked 
|  63|0x0000000083f00000, 0x0000000084000000, 0x0000000084000000|100%| O|  |TAMS 0x0000000084000000, 0x0000000083f00000| Untracked 
|  64|0x0000000084000000, 0x0000000084100000, 0x0000000084100000|100%| O|  |TAMS 0x0000000084033200, 0x0000000084000000| Untracked 
|  65|0x0000000084100000, 0x0000000084200000, 0x0000000084200000|100%| O|  |TAMS 0x0000000084100000, 0x0000000084100000| Untracked 
|  66|0x0000000084200000, 0x0000000084300000, 0x0000000084300000|100%| O|  |TAMS 0x0000000084200000, 0x0000000084200000| Untracked 
|  67|0x0000000084300000, 0x0000000084400000, 0x0000000084400000|100%| O|  |TAMS 0x0000000084300000, 0x0000000084300000| Untracked 
|  68|0x0000000084400000, 0x0000000084500000, 0x0000000084500000|100%| O|  |TAMS 0x0000000084400000, 0x0000000084400000| Untracked 
|  69|0x0000000084500000, 0x0000000084600000, 0x0000000084600000|100%| O|  |TAMS 0x0000000084500000, 0x0000000084500000| Untracked 
|  70|0x0000000084600000, 0x0000000084700000, 0x0000000084700000|100%| O|  |TAMS 0x0000000084600000, 0x0000000084600000| Untracked 
|  71|0x0000000084700000, 0x0000000084800000, 0x0000000084800000|100%| O|  |TAMS 0x0000000084700000, 0x0000000084700000| Untracked 
|  72|0x0000000084800000, 0x0000000084900000, 0x0000000084900000|100%| O|  |TAMS 0x0000000084800000, 0x0000000084800000| Untracked 
|  73|0x0000000084900000, 0x0000000084a00000, 0x0000000084a00000|100%| O|  |TAMS 0x0000000084900000, 0x0000000084900000| Untracked 
|  74|0x0000000084a00000, 0x0000000084b00000, 0x0000000084b00000|100%| O|  |TAMS 0x0000000084a00000, 0x0000000084a00000| Untracked 
|  75|0x0000000084b00000, 0x0000000084c00000, 0x0000000084c00000|100%| O|  |TAMS 0x0000000084b00000, 0x0000000084b00000| Untracked 
|  76|0x0000000084c00000, 0x0000000084d00000, 0x0000000084d00000|100%| O|  |TAMS 0x0000000084c00000, 0x0000000084c00000| Untracked 
|  77|0x0000000084d00000, 0x0000000084e00000, 0x0000000084e00000|100%| O|  |TAMS 0x0000000084d00000, 0x0000000084d00000| Untracked 
|  78|0x0000000084e00000, 0x0000000084f00000, 0x0000000084f00000|100%| O|  |TAMS 0x0000000084e00000, 0x0000000084e00000| Untracked 
|  79|0x0000000084f00000, 0x0000000085000000, 0x0000000085000000|100%| O|  |TAMS 0x0000000084f00000, 0x0000000084f00000| Untracked 
|  80|0x0000000085000000, 0x0000000085100000, 0x0000000085100000|100%| O|  |TAMS 0x0000000085000000, 0x0000000085000000| Untracked 
|  81|0x0000000085100000, 0x0000000085200000, 0x0000000085200000|100%| O|  |TAMS 0x0000000085100000, 0x0000000085100000| Untracked 
|  82|0x0000000085200000, 0x0000000085300000, 0x0000000085300000|100%| O|  |TAMS 0x0000000085200000, 0x0000000085200000| Untracked 
|  83|0x0000000085300000, 0x0000000085400000, 0x0000000085400000|100%| O|  |TAMS 0x0000000085300000, 0x0000000085300000| Untracked 
|  84|0x0000000085400000, 0x0000000085500000, 0x0000000085500000|100%| O|  |TAMS 0x0000000085400000, 0x0000000085400000| Untracked 
|  85|0x0000000085500000, 0x0000000085600000, 0x0000000085600000|100%|HS|  |TAMS 0x0000000085500000, 0x0000000085500000| Complete 
|  86|0x0000000085600000, 0x0000000085700000, 0x0000000085700000|100%|HS|  |TAMS 0x0000000085600000, 0x0000000085600000| Complete 
|  87|0x0000000085700000, 0x0000000085800000, 0x0000000085800000|100%|HS|  |TAMS 0x0000000085700000, 0x0000000085700000| Complete 
|  88|0x0000000085800000, 0x0000000085900000, 0x0000000085900000|100%|HS|  |TAMS 0x0000000085800000, 0x0000000085800000| Complete 
|  89|0x0000000085900000, 0x0000000085900000, 0x0000000085a00000|  0%| F|  |TAMS 0x0000000085900000, 0x0000000085900000| Untracked 
|  90|0x0000000085a00000, 0x0000000085b00000, 0x0000000085b00000|100%|HS|  |TAMS 0x0000000085a00000, 0x0000000085a00000| Complete 
|  91|0x0000000085b00000, 0x0000000085c00000, 0x0000000085c00000|100%|HS|  |TAMS 0x0000000085b00000, 0x0000000085b00000| Complete 
|  92|0x0000000085c00000, 0x0000000085d00000, 0x0000000085d00000|100%| O|  |TAMS 0x0000000085c00000, 0x0000000085c00000| Untracked 
|  93|0x0000000085d00000, 0x0000000085e00000, 0x0000000085e00000|100%| O|  |TAMS 0x0000000085d00000, 0x0000000085d00000| Untracked 
|  94|0x0000000085e00000, 0x0000000085f00000, 0x0000000085f00000|100%| O|  |TAMS 0x0000000085e00000, 0x0000000085e00000| Untracked 
|  95|0x0000000085f00000, 0x0000000085f84600, 0x0000000086000000| 51%| O|  |TAMS 0x0000000085f00000, 0x0000000085f00000| Untracked 
|  96|0x0000000086000000, 0x0000000086000000, 0x0000000086100000|  0%| F|  |TAMS 0x0000000086000000, 0x0000000086000000| Untracked 
|  97|0x0000000086100000, 0x0000000086100000, 0x0000000086200000|  0%| F|  |TAMS 0x0000000086100000, 0x0000000086100000| Untracked 
|  98|0x0000000086200000, 0x0000000086200000, 0x0000000086300000|  0%| F|  |TAMS 0x0000000086200000, 0x0000000086200000| Untracked 
|  99|0x0000000086300000, 0x0000000086300000, 0x0000000086400000|  0%| F|  |TAMS 0x0000000086300000, 0x0000000086300000| Untracked 
| 100|0x0000000086400000, 0x0000000086400000, 0x0000000086500000|  0%| F|  |TAMS 0x0000000086400000, 0x0000000086400000| Untracked 
| 101|0x0000000086500000, 0x0000000086500000, 0x0000000086600000|  0%| F|  |TAMS 0x0000000086500000, 0x0000000086500000| Untracked 
| 102|0x0000000086600000, 0x0000000086600000, 0x0000000086700000|  0%| F|  |TAMS 0x0000000086600000, 0x0000000086600000| Untracked 
| 103|0x0000000086700000, 0x0000000086700000, 0x0000000086800000|  0%| F|  |TAMS 0x0000000086700000, 0x0000000086700000| Untracked 
| 104|0x0000000086800000, 0x0000000086800000, 0x0000000086900000|  0%| F|  |TAMS 0x0000000086800000, 0x0000000086800000| Untracked 
| 105|0x0000000086900000, 0x0000000086900000, 0x0000000086a00000|  0%| F|  |TAMS 0x0000000086900000, 0x0000000086900000| Untracked 
| 106|0x0000000086a00000, 0x0000000086a00000, 0x0000000086b00000|  0%| F|  |TAMS 0x0000000086a00000, 0x0000000086a00000| Untracked 
| 107|0x0000000086b00000, 0x0000000086b00000, 0x0000000086c00000|  0%| F|  |TAMS 0x0000000086b00000, 0x0000000086b00000| Untracked 
| 108|0x0000000086c00000, 0x0000000086d00000, 0x0000000086d00000|100%| S|CS|TAMS 0x0000000086c00000, 0x0000000086c00000| Complete 
| 109|0x0000000086d00000, 0x0000000086e00000, 0x0000000086e00000|100%| S|CS|TAMS 0x0000000086d00000, 0x0000000086d00000| Complete 
| 110|0x0000000086e00000, 0x0000000086e00000, 0x0000000086f00000|  0%| F|  |TAMS 0x0000000086e00000, 0x0000000086e00000| Untracked 
| 111|0x0000000086f00000, 0x0000000086f00000, 0x0000000087000000|  0%| F|  |TAMS 0x0000000086f00000, 0x0000000086f00000| Untracked 
| 112|0x0000000087000000, 0x0000000087000000, 0x0000000087100000|  0%| F|  |TAMS 0x0000000087000000, 0x0000000087000000| Untracked 
| 113|0x0000000087100000, 0x0000000087100000, 0x0000000087200000|  0%| F|  |TAMS 0x0000000087100000, 0x0000000087100000| Untracked 
| 114|0x0000000087200000, 0x0000000087300000, 0x0000000087300000|100%| S|CS|TAMS 0x0000000087200000, 0x0000000087200000| Complete 
| 115|0x0000000087300000, 0x0000000087400000, 0x0000000087400000|100%| S|CS|TAMS 0x0000000087300000, 0x0000000087300000| Complete 
| 116|0x0000000087400000, 0x0000000087500000, 0x0000000087500000|100%| S|CS|TAMS 0x0000000087400000, 0x0000000087400000| Complete 
| 117|0x0000000087500000, 0x0000000087600000, 0x0000000087600000|100%| S|CS|TAMS 0x0000000087500000, 0x0000000087500000| Complete 
| 118|0x0000000087600000, 0x0000000087600000, 0x0000000087700000|  0%| F|  |TAMS 0x0000000087600000, 0x0000000087600000| Untracked 
| 119|0x0000000087700000, 0x0000000087700000, 0x0000000087800000|  0%| F|  |TAMS 0x0000000087700000, 0x0000000087700000| Untracked 
| 120|0x0000000087800000, 0x0000000087800000, 0x0000000087900000|  0%| F|  |TAMS 0x0000000087800000, 0x0000000087800000| Untracked 
| 121|0x0000000087900000, 0x0000000087900000, 0x0000000087a00000|  0%| F|  |TAMS 0x0000000087900000, 0x0000000087900000| Untracked 
| 122|0x0000000087a00000, 0x0000000087a00000, 0x0000000087b00000|  0%| F|  |TAMS 0x0000000087a00000, 0x0000000087a00000| Untracked 
| 123|0x0000000087b00000, 0x0000000087b00000, 0x0000000087c00000|  0%| F|  |TAMS 0x0000000087b00000, 0x0000000087b00000| Untracked 
| 124|0x0000000087c00000, 0x0000000087c00000, 0x0000000087d00000|  0%| F|  |TAMS 0x0000000087c00000, 0x0000000087c00000| Untracked 
| 125|0x0000000087d00000, 0x0000000087d00000, 0x0000000087e00000|  0%| F|  |TAMS 0x0000000087d00000, 0x0000000087d00000| Untracked 
| 126|0x0000000087e00000, 0x0000000087e00000, 0x0000000087f00000|  0%| F|  |TAMS 0x0000000087e00000, 0x0000000087e00000| Untracked 
| 127|0x0000000087f00000, 0x0000000087f00000, 0x0000000088000000|  0%| F|  |TAMS 0x0000000087f00000, 0x0000000087f00000| Untracked 
| 128|0x0000000088000000, 0x0000000088000000, 0x0000000088100000|  0%| F|  |TAMS 0x0000000088000000, 0x0000000088000000| Untracked 
| 129|0x0000000088100000, 0x0000000088100000, 0x0000000088200000|  0%| F|  |TAMS 0x0000000088100000, 0x0000000088100000| Untracked 
| 130|0x0000000088200000, 0x0000000088200000, 0x0000000088300000|  0%| F|  |TAMS 0x0000000088200000, 0x0000000088200000| Untracked 
| 131|0x0000000088300000, 0x0000000088300000, 0x0000000088400000|  0%| F|  |TAMS 0x0000000088300000, 0x0000000088300000| Untracked 
| 132|0x0000000088400000, 0x0000000088400000, 0x0000000088500000|  0%| F|  |TAMS 0x0000000088400000, 0x0000000088400000| Untracked 
| 133|0x0000000088500000, 0x0000000088500000, 0x0000000088600000|  0%| F|  |TAMS 0x0000000088500000, 0x0000000088500000| Untracked 
| 134|0x0000000088600000, 0x0000000088600000, 0x0000000088700000|  0%| F|  |TAMS 0x0000000088600000, 0x0000000088600000| Untracked 
| 135|0x0000000088700000, 0x0000000088700000, 0x0000000088800000|  0%| F|  |TAMS 0x0000000088700000, 0x0000000088700000| Untracked 
| 136|0x0000000088800000, 0x0000000088800000, 0x0000000088900000|  0%| F|  |TAMS 0x0000000088800000, 0x0000000088800000| Untracked 
| 137|0x0000000088900000, 0x0000000088900000, 0x0000000088a00000|  0%| F|  |TAMS 0x0000000088900000, 0x0000000088900000| Untracked 
| 138|0x0000000088a00000, 0x0000000088a00000, 0x0000000088b00000|  0%| F|  |TAMS 0x0000000088a00000, 0x0000000088a00000| Untracked 
| 139|0x0000000088b00000, 0x0000000088b00000, 0x0000000088c00000|  0%| F|  |TAMS 0x0000000088b00000, 0x0000000088b00000| Untracked 
| 140|0x0000000088c00000, 0x0000000088c00000, 0x0000000088d00000|  0%| F|  |TAMS 0x0000000088c00000, 0x0000000088c00000| Untracked 
| 141|0x0000000088d00000, 0x0000000088d00000, 0x0000000088e00000|  0%| F|  |TAMS 0x0000000088d00000, 0x0000000088d00000| Untracked 
| 142|0x0000000088e00000, 0x0000000088e00000, 0x0000000088f00000|  0%| F|  |TAMS 0x0000000088e00000, 0x0000000088e00000| Untracked 
| 143|0x0000000088f00000, 0x0000000088f00000, 0x0000000089000000|  0%| F|  |TAMS 0x0000000088f00000, 0x0000000088f00000| Untracked 
| 144|0x0000000089000000, 0x00000000890f9f70, 0x0000000089100000| 97%| E|  |TAMS 0x0000000089000000, 0x0000000089000000| Complete 
| 145|0x0000000089100000, 0x0000000089200000, 0x0000000089200000|100%| E|CS|TAMS 0x0000000089100000, 0x0000000089100000| Complete 
| 146|0x0000000089200000, 0x0000000089300000, 0x0000000089300000|100%| E|CS|TAMS 0x0000000089200000, 0x0000000089200000| Complete 
| 147|0x0000000089300000, 0x0000000089400000, 0x0000000089400000|100%| E|CS|TAMS 0x0000000089300000, 0x0000000089300000| Complete 
| 148|0x0000000089400000, 0x0000000089500000, 0x0000000089500000|100%| E|CS|TAMS 0x0000000089400000, 0x0000000089400000| Complete 
| 149|0x0000000089500000, 0x0000000089600000, 0x0000000089600000|100%| E|CS|TAMS 0x0000000089500000, 0x0000000089500000| Complete 
| 220|0x000000008dc00000, 0x000000008dd00000, 0x000000008dd00000|100%| E|CS|TAMS 0x000000008dc00000, 0x000000008dc00000| Complete 
| 221|0x000000008dd00000, 0x000000008de00000, 0x000000008de00000|100%| E|CS|TAMS 0x000000008dd00000, 0x000000008dd00000| Complete 
| 222|0x000000008de00000, 0x000000008df00000, 0x000000008df00000|100%| E|CS|TAMS 0x000000008de00000, 0x000000008de00000| Complete 
| 223|0x000000008df00000, 0x000000008e000000, 0x000000008e000000|100%| E|CS|TAMS 0x000000008df00000, 0x000000008df00000| Complete 
| 224|0x000000008e000000, 0x000000008e100000, 0x000000008e100000|100%| E|CS|TAMS 0x000000008e000000, 0x000000008e000000| Complete 
| 225|0x000000008e100000, 0x000000008e200000, 0x000000008e200000|100%| E|CS|TAMS 0x000000008e100000, 0x000000008e100000| Complete 
| 226|0x000000008e200000, 0x000000008e300000, 0x000000008e300000|100%| E|CS|TAMS 0x000000008e200000, 0x000000008e200000| Complete 
| 227|0x000000008e300000, 0x000000008e400000, 0x000000008e400000|100%| E|  |TAMS 0x000000008e300000, 0x000000008e300000| Complete 
| 228|0x000000008e400000, 0x000000008e500000, 0x000000008e500000|100%| E|CS|TAMS 0x000000008e400000, 0x000000008e400000| Complete 
| 229|0x000000008e500000, 0x000000008e600000, 0x000000008e600000|100%| E|CS|TAMS 0x000000008e500000, 0x000000008e500000| Complete 
| 230|0x000000008e600000, 0x000000008e700000, 0x000000008e700000|100%| E|CS|TAMS 0x000000008e600000, 0x000000008e600000| Complete 
| 253|0x000000008fd00000, 0x000000008fe00000, 0x000000008fe00000|100%| E|CS|TAMS 0x000000008fd00000, 0x000000008fd00000| Complete 

Card table byte_map: [0x0000020543ba0000,0x0000020543fa0000] _byte_map_base: 0x00000205437a0000

Marking Bits (Prev, Next): (CMBitMap*) 0x000002052c9b1020, (CMBitMap*) 0x000002052c9b0fe0
 Prev Bits: [0x00000205463a0000, 0x00000205483a0000)
 Next Bits: [0x00000205443a0000, 0x00000205463a0000)

Polling page: 0x000002052a640000

Metaspace:

Usage:
  Non-class:     64.94 MB used.
      Class:     10.54 MB used.
       Both:     75.48 MB used.

Virtual space:
  Non-class space:      128.00 MB reserved,      65.38 MB ( 51%) committed,  2 nodes.
      Class space:      416.00 MB reserved,      10.94 MB (  3%) committed,  1 nodes.
             Both:      544.00 MB reserved,      76.31 MB ( 14%) committed. 

Chunk freelists:
   Non-Class:  14.53 MB
       Class:  4.95 MB
        Both:  19.48 MB

MaxMetaspaceSize: 512.00 MB
CompressedClassSpaceSize: 416.00 MB
Initial GC threshold: 21.00 MB
Current GC threshold: 100.62 MB
CDS: on
MetaspaceReclaimPolicy: balanced
 - commit_granule_bytes: 65536.
 - commit_granule_words: 8192.
 - virtual_space_node_default_size: 8388608.
 - enlarge_chunks_in_place: 1.
 - new_chunks_are_fully_committed: 0.
 - uncommit_free_chunks: 1.
 - use_allocation_guard: 0.
 - handle_deallocations: 1.


Internal statistics:

num_allocs_failed_limit: 6.
num_arena_births: 1170.
num_arena_deaths: 0.
num_vsnodes_births: 3.
num_vsnodes_deaths: 0.
num_space_committed: 1221.
num_space_uncommitted: 0.
num_chunks_returned_to_freelist: 6.
num_chunks_taken_from_freelist: 4609.
num_chunk_merges: 6.
num_chunk_splits: 2941.
num_chunks_enlarged: 1841.
num_inconsistent_stats: 0.

CodeHeap 'non-profiled nmethods': size=120000Kb used=5764Kb max_used=5764Kb free=114235Kb
 bounds [0x000002053bf40000, 0x000002053c4f0000, 0x0000020543470000]
CodeHeap 'profiled nmethods': size=120000Kb used=18718Kb max_used=18849Kb free=101281Kb
 bounds [0x0000020534470000, 0x00000205356e0000, 0x000002053b9a0000]
CodeHeap 'non-nmethods': size=5760Kb used=2393Kb max_used=2440Kb free=3366Kb
 bounds [0x000002053b9a0000, 0x000002053bc10000, 0x000002053bf40000]
 total_blobs=10898 nmethods=9988 adapters=822
 compilation: enabled
              stopped_count=0, restarted_count=0
 full_count=0

Compilation events (20 events):
Event: 54.604 Thread 0x000002056a008aa0 11692       3       java.util.Locale::equals (75 bytes)
Event: 54.605 Thread 0x000002056a008aa0 nmethod 11692 0x0000020534d6a010 code [0x0000020534d6a220, 0x0000020534d6a998]
Event: 54.605 Thread 0x000002056a008aa0 11693       3       java.util.Locale::hasExtensions (13 bytes)
Event: 54.605 Thread 0x000002056a008aa0 nmethod 11693 0x0000020534d69a90 code [0x0000020534d69c20, 0x0000020534d69d98]
Event: 54.605 Thread 0x000002056a008aa0 11694       3       sun.util.locale.BaseLocale::equals (71 bytes)
Event: 54.606 Thread 0x000002056a008aa0 nmethod 11694 0x0000020534edab10 code [0x0000020534edace0, 0x0000020534edb1d8]
Event: 54.606 Thread 0x000002056a008aa0 11695       3       java.util.Locale::stripExtensions (20 bytes)
Event: 54.606 Thread 0x000002056a008aa0 nmethod 11695 0x0000020534eda610 code [0x0000020534eda7c0, 0x0000020534edaa48]
Event: 54.606 Thread 0x000002056a007ff0 nmethod 11672 0x000002053c4da010 code [0x000002053c4da320, 0x000002053c4dc658]
Event: 54.607 Thread 0x000002056a007ff0 11691       4       sun.util.locale.LocaleUtils::toLowerString (95 bytes)
Event: 54.626 Thread 0x000002056a007ff0 nmethod 11691 0x000002053c4dd890 code [0x000002053c4dda40, 0x000002053c4de1d8]
Event: 54.626 Thread 0x000002056a007ff0 11683       4       java.lang.invoke.MethodType::checkPtypes (76 bytes)
Event: 54.628 Thread 0x000002056a008aa0 11696       3       org.gradle.model.internal.asm.MethodVisitorScope::_ANEWARRAY (12 bytes)
Event: 54.629 Thread 0x000002056a008aa0 nmethod 11696 0x0000020534ed9f90 code [0x0000020534eda160, 0x0000020534eda498]
Event: 54.631 Thread 0x000002056a007ff0 nmethod 11683 0x000002053c4de590 code [0x000002053c4de720, 0x000002053c4de898]
Event: 54.631 Thread 0x000002056a007ff0 11685       4       java.util.zip.ZipFile$ZipFileInflaterInputStream::<init> (14 bytes)
Event: 54.670 Thread 0x000002056a007ff0 nmethod 11685 0x000002053c4dea10 code [0x000002053c4dec00, 0x000002053c4dfde8]
Event: 54.670 Thread 0x000002056a007ff0 11686       4       java.util.zip.ZipFile$ZipFileInflaterInputStream::<init> (41 bytes)
Event: 54.691 Thread 0x000002056a007ff0 nmethod 11686 0x000002053c4e0410 code [0x000002053c4e05c0, 0x000002053c4e1068]
Event: 54.760 Thread 0x000002056a007ff0 11697   !   4       java.net.URLClassLoader::findClass (47 bytes)

GC Heap History (20 events):
Event: 30.591 GC heap before
{Heap before GC invocations=29 (full 0):
 garbage-first heap   total 111616K, used 88264K [0x0000000080000000, 0x0000000100000000)
  region size 1024K, 24 young (24576K), 1 survivors (1024K)
 Metaspace       used 61017K, committed 61632K, reserved 491520K
  class space    used 8653K, committed 8960K, reserved 425984K
}
Event: 30.594 GC heap after
{Heap after GC invocations=30 (full 0):
 garbage-first heap   total 165888K, used 65124K [0x0000000080000000, 0x0000000100000000)
  region size 1024K, 1 young (1024K), 1 survivors (1024K)
 Metaspace       used 61017K, committed 61632K, reserved 491520K
  class space    used 8653K, committed 8960K, reserved 425984K
}
Event: 34.237 GC heap before
{Heap before GC invocations=31 (full 0):
 garbage-first heap   total 165888K, used 122468K [0x0000000080000000, 0x0000000100000000)
  region size 1024K, 58 young (59392K), 1 survivors (1024K)
 Metaspace       used 63596K, committed 64256K, reserved 491520K
  class space    used 9002K, committed 9344K, reserved 425984K
}
Event: 34.245 GC heap after
{Heap after GC invocations=32 (full 0):
 garbage-first heap   total 165888K, used 69800K [0x0000000080000000, 0x0000000100000000)
  region size 1024K, 6 young (6144K), 6 survivors (6144K)
 Metaspace       used 63596K, committed 64256K, reserved 491520K
  class space    used 9002K, committed 9344K, reserved 425984K
}
Event: 34.403 GC heap before
{Heap before GC invocations=32 (full 0):
 garbage-first heap   total 165888K, used 71848K [0x0000000080000000, 0x0000000100000000)
  region size 1024K, 8 young (8192K), 6 survivors (6144K)
 Metaspace       used 63597K, committed 64256K, reserved 491520K
  class space    used 9002K, committed 9344K, reserved 425984K
}
Event: 34.410 GC heap after
{Heap after GC invocations=33 (full 0):
 garbage-first heap   total 165888K, used 70521K [0x0000000080000000, 0x0000000100000000)
  region size 1024K, 1 young (1024K), 1 survivors (1024K)
 Metaspace       used 63597K, committed 64256K, reserved 491520K
  class space    used 9002K, committed 9344K, reserved 425984K
}
Event: 40.484 GC heap before
{Heap before GC invocations=33 (full 0):
 garbage-first heap   total 165888K, used 126841K [0x0000000080000000, 0x0000000100000000)
  region size 1024K, 56 young (57344K), 1 survivors (1024K)
 Metaspace       used 67013K, committed 67776K, reserved 491520K
  class space    used 9520K, committed 9920K, reserved 425984K
}
Event: 40.491 GC heap after
{Heap after GC invocations=34 (full 0):
 garbage-first heap   total 165888K, used 74542K [0x0000000080000000, 0x0000000100000000)
  region size 1024K, 5 young (5120K), 5 survivors (5120K)
 Metaspace       used 67013K, committed 67776K, reserved 491520K
  class space    used 9520K, committed 9920K, reserved 425984K
}
Event: 43.031 GC heap before
{Heap before GC invocations=34 (full 0):
 garbage-first heap   total 165888K, used 128814K [0x0000000080000000, 0x0000000100000000)
  region size 1024K, 58 young (59392K), 5 survivors (5120K)
 Metaspace       used 71685K, committed 72512K, reserved 491520K
  class space    used 10211K, committed 10624K, reserved 425984K
}
Event: 43.038 GC heap after
{Heap after GC invocations=35 (full 0):
 garbage-first heap   total 165888K, used 77293K [0x0000000080000000, 0x0000000100000000)
  region size 1024K, 4 young (4096K), 4 survivors (4096K)
 Metaspace       used 71685K, committed 72512K, reserved 491520K
  class space    used 10211K, committed 10624K, reserved 425984K
}
Event: 46.771 GC heap before
{Heap before GC invocations=35 (full 0):
 garbage-first heap   total 165888K, used 130541K [0x0000000080000000, 0x0000000100000000)
  region size 1024K, 56 young (57344K), 4 survivors (4096K)
 Metaspace       used 73494K, committed 74368K, reserved 491520K
  class space    used 10410K, committed 10816K, reserved 425984K
}
Event: 46.782 GC heap after
{Heap after GC invocations=36 (full 0):
 garbage-first heap   total 165888K, used 83485K [0x0000000080000000, 0x0000000100000000)
  region size 1024K, 7 young (7168K), 7 survivors (7168K)
 Metaspace       used 73494K, committed 74368K, reserved 491520K
  class space    used 10410K, committed 10816K, reserved 425984K
}
Event: 49.491 GC heap before
{Heap before GC invocations=36 (full 0):
 garbage-first heap   total 165888K, used 131613K [0x0000000080000000, 0x0000000100000000)
  region size 1024K, 55 young (56320K), 7 survivors (7168K)
 Metaspace       used 73775K, committed 74624K, reserved 491520K
  class space    used 10413K, committed 10816K, reserved 425984K
}
Event: 49.501 GC heap after
{Heap after GC invocations=37 (full 0):
 garbage-first heap   total 165888K, used 87673K [0x0000000080000000, 0x0000000100000000)
  region size 1024K, 5 young (5120K), 5 survivors (5120K)
 Metaspace       used 73775K, committed 74624K, reserved 491520K
  class space    used 10413K, committed 10816K, reserved 425984K
}
Event: 50.410 GC heap before
{Heap before GC invocations=37 (full 0):
 garbage-first heap   total 165888K, used 131705K [0x0000000080000000, 0x0000000100000000)
  region size 1024K, 49 young (50176K), 5 survivors (5120K)
 Metaspace       used 73790K, committed 74624K, reserved 491520K
  class space    used 10413K, committed 10816K, reserved 425984K
}
Event: 50.417 GC heap after
{Heap after GC invocations=38 (full 0):
 garbage-first heap   total 165888K, used 89066K [0x0000000080000000, 0x0000000100000000)
  region size 1024K, 4 young (4096K), 4 survivors (4096K)
 Metaspace       used 73790K, committed 74624K, reserved 491520K
  class space    used 10413K, committed 10816K, reserved 425984K
}
Event: 51.388 GC heap before
{Heap before GC invocations=38 (full 0):
 garbage-first heap   total 165888K, used 133098K [0x0000000080000000, 0x0000000100000000)
  region size 1024K, 48 young (49152K), 4 survivors (4096K)
 Metaspace       used 73792K, committed 74624K, reserved 491520K
  class space    used 10413K, committed 10816K, reserved 425984K
}
Event: 51.393 GC heap after
{Heap after GC invocations=39 (full 0):
 garbage-first heap   total 165888K, used 90518K [0x0000000080000000, 0x0000000100000000)
  region size 1024K, 4 young (4096K), 4 survivors (4096K)
 Metaspace       used 73792K, committed 74624K, reserved 491520K
  class space    used 10413K, committed 10816K, reserved 425984K
}
Event: 54.088 GC heap before
{Heap before GC invocations=39 (full 0):
 garbage-first heap   total 165888K, used 141718K [0x0000000080000000, 0x0000000100000000)
  region size 1024K, 48 young (49152K), 4 survivors (4096K)
 Metaspace       used 75642K, committed 76544K, reserved 557056K
  class space    used 10644K, committed 11072K, reserved 425984K
}
Event: 54.094 GC heap after
{Heap after GC invocations=40 (full 0):
 garbage-first heap   total 165888K, used 102929K [0x0000000080000000, 0x0000000100000000)
  region size 1024K, 6 young (6144K), 6 survivors (6144K)
 Metaspace       used 75642K, committed 76544K, reserved 557056K
  class space    used 10644K, committed 11072K, reserved 425984K
}

Dll operation events (15 events):
Event: 0.023 Loaded shared library C:\Program Files\Microsoft\jdk-17.0.12.7-hotspot\bin\java.dll
Event: 0.172 Loaded shared library C:\Program Files\Microsoft\jdk-17.0.12.7-hotspot\bin\jsvml.dll
Event: 0.406 Loaded shared library C:\Program Files\Microsoft\jdk-17.0.12.7-hotspot\bin\zip.dll
Event: 0.412 Loaded shared library C:\Program Files\Microsoft\jdk-17.0.12.7-hotspot\bin\instrument.dll
Event: 0.444 Loaded shared library C:\Program Files\Microsoft\jdk-17.0.12.7-hotspot\bin\net.dll
Event: 0.452 Loaded shared library C:\Program Files\Microsoft\jdk-17.0.12.7-hotspot\bin\nio.dll
Event: 0.459 Loaded shared library C:\Program Files\Microsoft\jdk-17.0.12.7-hotspot\bin\zip.dll
Event: 1.872 Loaded shared library C:\Program Files\Microsoft\jdk-17.0.12.7-hotspot\bin\jimage.dll
Event: 2.478 Loaded shared library C:\Program Files\Microsoft\jdk-17.0.12.7-hotspot\bin\verify.dll
Event: 3.248 Loaded shared library C:\Users\tiliw\.gradle\native\c067742578af261105cb4f569cf0c3c89f3d7b1fecec35dd04571415982c5e48\windows-amd64\native-platform.dll
Event: 3.267 Loaded shared library C:\Users\tiliw\.gradle\native\100fb08df4bc3b14c8652ba06237920a3bd2aa13389f12d3474272988ae205f9\windows-amd64\native-platform-file-events.dll
Event: 7.011 Loaded shared library C:\Program Files\Microsoft\jdk-17.0.12.7-hotspot\bin\management.dll
Event: 7.017 Loaded shared library C:\Program Files\Microsoft\jdk-17.0.12.7-hotspot\bin\management_ext.dll
Event: 7.415 Loaded shared library C:\Program Files\Microsoft\jdk-17.0.12.7-hotspot\bin\extnet.dll
Event: 8.138 Loaded shared library C:\Program Files\Microsoft\jdk-17.0.12.7-hotspot\bin\sunmscapi.dll

Deoptimization events (20 events):
Event: 54.375 Thread 0x000002056b80d440 Uncommon trap: trap_request=0xffffffd6 fr.pc=0x000002053c4ca7f0 relative=0x0000000000002af0
Event: 54.375 Thread 0x000002056b80d440 Uncommon trap: reason=array_check action=maybe_recompile pc=0x000002053c4ca7f0 method=java.util.TimSort.reverseRange([Ljava/lang/Object;II)V @ 27 c2
Event: 54.375 Thread 0x000002056b80d440 DEOPT PACKING pc=0x000002053c4ca7f0 sp=0x00000008b70f3e10
Event: 54.375 Thread 0x000002056b80d440 DEOPT UNPACKING pc=0x000002053b9fa1a3 sp=0x00000008b70f3ce8 mode 2
Event: 54.502 Thread 0x000002056b80d440 Uncommon trap: trap_request=0xffffffde fr.pc=0x000002053c07059c relative=0x000000000000657c
Event: 54.502 Thread 0x000002056b80d440 Uncommon trap: reason=class_check action=maybe_recompile pc=0x000002053c07059c method=java.util.jar.JarFile.getManifestFromReference()Ljava/util/jar/Manifest; @ 152 c2
Event: 54.502 Thread 0x000002056b80d440 DEOPT PACKING pc=0x000002053c07059c sp=0x00000008b70f3860
Event: 54.502 Thread 0x000002056b80d440 DEOPT UNPACKING pc=0x000002053b9fa1a3 sp=0x00000008b70f3500 mode 2
Event: 54.611 Thread 0x000002056b80d440 Uncommon trap: trap_request=0xffffffde fr.pc=0x000002053c09b450 relative=0x0000000000000370
Event: 54.611 Thread 0x000002056b80d440 Uncommon trap: reason=class_check action=maybe_recompile pc=0x000002053c09b450 method=java.util.stream.AbstractPipeline.copyIntoWithCancel(Ljava/util/stream/Sink;Ljava/util/Spliterator;)Z @ 32 c2
Event: 54.611 Thread 0x000002056b80d440 DEOPT PACKING pc=0x000002053c09b450 sp=0x00000008b70f3130
Event: 54.611 Thread 0x000002056b80d440 DEOPT UNPACKING pc=0x000002053b9fa1a3 sp=0x00000008b70f2ff0 mode 2
Event: 54.611 Thread 0x000002056b80d440 Uncommon trap: trap_request=0xffffffde fr.pc=0x000002053c09b450 relative=0x0000000000000370
Event: 54.611 Thread 0x000002056b80d440 Uncommon trap: reason=class_check action=maybe_recompile pc=0x000002053c09b450 method=java.util.stream.AbstractPipeline.copyIntoWithCancel(Ljava/util/stream/Sink;Ljava/util/Spliterator;)Z @ 32 c2
Event: 54.611 Thread 0x000002056b80d440 DEOPT PACKING pc=0x000002053c09b450 sp=0x00000008b70f3130
Event: 54.611 Thread 0x000002056b80d440 DEOPT UNPACKING pc=0x000002053b9fa1a3 sp=0x00000008b70f2ff0 mode 2
Event: 54.611 Thread 0x000002056b80d440 Uncommon trap: trap_request=0xffffffde fr.pc=0x000002053c09b450 relative=0x0000000000000370
Event: 54.611 Thread 0x000002056b80d440 Uncommon trap: reason=class_check action=maybe_recompile pc=0x000002053c09b450 method=java.util.stream.AbstractPipeline.copyIntoWithCancel(Ljava/util/stream/Sink;Ljava/util/Spliterator;)Z @ 32 c2
Event: 54.611 Thread 0x000002056b80d440 DEOPT PACKING pc=0x000002053c09b450 sp=0x00000008b70f3130
Event: 54.611 Thread 0x000002056b80d440 DEOPT UNPACKING pc=0x000002053b9fa1a3 sp=0x00000008b70f2ff0 mode 2

Classes loaded (20 events):
Event: 44.457 Loading class java/util/Currency
Event: 44.458 Loading class java/util/Currency done
Event: 44.467 Loading class java/util/concurrent/atomic/AtomicLongArray
Event: 44.468 Loading class java/util/concurrent/atomic/AtomicLongArray done
Event: 44.563 Loading class sun/reflect/generics/repository/FieldRepository
Event: 44.564 Loading class sun/reflect/generics/repository/FieldRepository done
Event: 44.575 Loading class jdk/internal/vm/annotation/ForceInline
Event: 44.576 Loading class jdk/internal/vm/annotation/ForceInline done
Event: 44.623 Loading class java/util/AbstractMap$2
Event: 44.623 Loading class java/util/AbstractMap$2 done
Event: 44.624 Loading class java/util/AbstractMap$2$1
Event: 44.624 Loading class java/util/AbstractMap$2$1 done
Event: 45.142 Loading class jdk/internal/reflect/UnsafeObjectFieldAccessorImpl
Event: 45.143 Loading class jdk/internal/reflect/UnsafeObjectFieldAccessorImpl done
Event: 47.396 Loading class jdk/internal/misc/ScopedMemoryAccess$Scope$Handle
Event: 47.397 Loading class jdk/internal/misc/ScopedMemoryAccess$Scope$Handle done
Event: 54.606 Loading class sun/text/resources/cldr/FormatData_en
Event: 54.609 Loading class sun/text/resources/cldr/FormatData_en done
Event: 54.610 Loading class sun/text/resources/cldr/FormatData_en_US
Event: 54.610 Loading class sun/text/resources/cldr/FormatData_en_US done

Classes unloaded (0 events):
No events

Classes redefined (0 events):
No events

Internal exceptions (20 events):
Event: 45.220 Thread 0x000002056b80d440 Exception <a 'java/lang/ClassNotFoundException'{0x0000000087d7b608}: org/gradle/api/internal/DefaultNamedDomainObjectCollectionCustomizer> (0x0000000087d7b608) 
thrown [s\src\hotspot\share\classfile\systemDictionary.cpp, line 256]
Event: 45.225 Thread 0x000002056b80d440 Exception <a 'java/lang/ClassNotFoundException'{0x0000000087dba3b8}: org/gradle/api/internal/DefaultNamedDomainObjectListCustomizer> (0x0000000087dba3b8) 
thrown [s\src\hotspot\share\classfile\systemDictionary.cpp, line 256]
Event: 45.229 Thread 0x000002056b80d440 Exception <a 'java/lang/ClassNotFoundException'{0x0000000087defe40}: org/gradle/api/internal/artifacts/DefaultArtifactRepositoryContainerCustomizer> (0x0000000087defe40) 
thrown [s\src\hotspot\share\classfile\systemDictionary.cpp, line 256]
Event: 45.259 Thread 0x000002056b80d440 Exception <a 'java/lang/ClassNotFoundException'{0x0000000087c1a550}: org/gradle/api/internal/artifacts/dsl/DefaultRepositoryHandlerCustomizer> (0x0000000087c1a550) 
thrown [s\src\hotspot\share\classfile\systemDictionary.cpp, line 256]
Event: 45.274 Thread 0x000002056b80d440 Exception <a 'java/lang/ClassNotFoundException'{0x0000000087c520b0}: org/gradle/api/internal/artifacts/dsl/DefaultRepositoryHandler_DecoratedCustomizer> (0x0000000087c520b0) 
thrown [s\src\hotspot\share\classfile\systemDictionary.cpp, line 256]
Event: 45.345 Thread 0x000002056b80d440 Exception <a 'java/lang/ClassNotFoundException'{0x0000000087cf98a0}: org/gradle/api/internal/artifacts/dsl/dependencies/DefaultDependencyHandler_DecoratedBeanInfo> (0x0000000087cf98a0) 
thrown [s\src\hotspot\share\classfile\systemDictionary.cpp, line 256]
Event: 45.346 Thread 0x000002056b80d440 Exception <a 'java/lang/ClassNotFoundException'{0x0000000087b11db8}: org/gradle/api/internal/artifacts/dsl/dependencies/DefaultDependencyHandlerBeanInfo> (0x0000000087b11db8) 
thrown [s\src\hotspot\share\classfile\systemDictionary.cpp, line 256]
Event: 45.348 Thread 0x000002056b80d440 Exception <a 'java/lang/ClassNotFoundException'{0x0000000087b292c0}: org/gradle/api/internal/artifacts/dsl/dependencies/DefaultDependencyHandlerCustomizer> (0x0000000087b292c0) 
thrown [s\src\hotspot\share\classfile\systemDictionary.cpp, line 256]
Event: 45.352 Thread 0x000002056b80d440 Exception <a 'java/lang/ClassNotFoundException'{0x0000000087b68c20}: org/gradle/api/internal/artifacts/dsl/dependencies/DefaultDependencyHandler_DecoratedCustomizer> (0x0000000087b68c20) 
thrown [s\src\hotspot\share\classfile\systemDictionary.cpp, line 256]
Event: 47.428 Thread 0x000002056e44f3e0 Exception <a 'sun/nio/fs/WindowsException'{0x000000008e08f7c8}> (0x000000008e08f7c8) 
thrown [s\src\hotspot\share\prims\jni.cpp, line 516]
Event: 47.430 Thread 0x000002056e44f3e0 Exception <a 'sun/nio/fs/WindowsException'{0x000000008e091fe8}> (0x000000008e091fe8) 
thrown [s\src\hotspot\share\prims\jni.cpp, line 516]
Event: 47.430 Thread 0x000002056e44f3e0 Exception <a 'sun/nio/fs/WindowsException'{0x000000008e0945b8}> (0x000000008e0945b8) 
thrown [s\src\hotspot\share\prims\jni.cpp, line 516]
Event: 47.432 Thread 0x000002056e44f3e0 Exception <a 'sun/nio/fs/WindowsException'{0x000000008e0a5cf8}> (0x000000008e0a5cf8) 
thrown [s\src\hotspot\share\prims\jni.cpp, line 516]
Event: 49.364 Thread 0x000002056b85d7b0 Exception <a 'java/lang/NoSuchMethodError'{0x0000000087a8b6b8}: static Lorg/gradle/internal/build/event/types/DefaultTransformDescriptor;.<clinit>()V> (0x0000000087a8b6b8) 
thrown [s\src\hotspot\share\prims\jni.cpp, line 1112]
Event: 51.941 Thread 0x000002056b80d440 Exception <a 'java/lang/ClassNotFoundException'{0x000000008dfb4eb0}: build_8zl42urnoaizkuvul2qa2b2k5BeanInfo> (0x000000008dfb4eb0) 
thrown [s\src\hotspot\share\classfile\systemDictionary.cpp, line 256]
Event: 51.942 Thread 0x000002056b80d440 Exception <a 'java/lang/ClassNotFoundException'{0x000000008dfbc0f0}: build_8zl42urnoaizkuvul2qa2b2k5Customizer> (0x000000008dfbc0f0) 
thrown [s\src\hotspot\share\classfile\systemDictionary.cpp, line 256]
Event: 52.663 Thread 0x000002056b80d440 Exception <a 'java/lang/ClassNotFoundException'{0x00000000892e0268}: org/gradle/api/internal/plugins/DefaultObjectConfigurationActionBeanInfo> (0x00000000892e0268) 
thrown [s\src\hotspot\share\classfile\systemDictionary.cpp, line 256]
Event: 52.665 Thread 0x000002056b80d440 Exception <a 'java/lang/ClassNotFoundException'{0x00000000892f4280}: org/gradle/api/internal/plugins/DefaultObjectConfigurationActionCustomizer> (0x00000000892f4280) 
thrown [s\src\hotspot\share\classfile\systemDictionary.cpp, line 256]
Event: 52.908 Thread 0x000002056b80d440 Exception <a 'java/lang/ClassNotFoundException'{0x00000000890950e0}: build_332dr7mgh7w07ljwj5jdlqe3dBeanInfo> (0x00000000890950e0) 
thrown [s\src\hotspot\share\classfile\systemDictionary.cpp, line 256]
Event: 52.909 Thread 0x000002056b80d440 Exception <a 'java/lang/ClassNotFoundException'{0x00000000890a2038}: build_332dr7mgh7w07ljwj5jdlqe3dCustomizer> (0x00000000890a2038) 
thrown [s\src\hotspot\share\classfile\systemDictionary.cpp, line 256]

VM Operations (20 events):
Event: 46.770 Executing VM operation: G1CollectForAllocation
Event: 46.786 Executing VM operation: G1CollectForAllocation done
Event: 47.800 Executing VM operation: Cleanup
Event: 47.800 Executing VM operation: Cleanup done
Event: 48.811 Executing VM operation: Cleanup
Event: 48.827 Executing VM operation: Cleanup done
Event: 49.468 Executing VM operation: G1CollectForAllocation
Event: 49.505 Executing VM operation: G1CollectForAllocation done
Event: 50.410 Executing VM operation: G1CollectForAllocation
Event: 50.418 Executing VM operation: G1CollectForAllocation done
Event: 51.388 Executing VM operation: G1CollectForAllocation
Event: 51.398 Executing VM operation: G1CollectForAllocation done
Event: 52.221 Executing VM operation: HandshakeAllThreads
Event: 52.221 Executing VM operation: HandshakeAllThreads done
Event: 53.223 Executing VM operation: Cleanup
Event: 53.230 Executing VM operation: Cleanup done
Event: 54.088 Executing VM operation: G1CollectForAllocation
Event: 54.094 Executing VM operation: G1CollectForAllocation done
Event: 55.101 Executing VM operation: Cleanup
Event: 55.102 Executing VM operation: Cleanup done

Events (20 events):
Event: 46.464 Thread 0x000002056a06f780 flushing nmethod 0x0000020535466290
Event: 46.464 Thread 0x000002056a06f780 flushing nmethod 0x0000020535472c10
Event: 46.464 Thread 0x000002056a06f780 flushing nmethod 0x00000205354d3710
Event: 46.464 Thread 0x000002056a06f780 flushing nmethod 0x00000205354d3b10
Event: 46.464 Thread 0x000002056a06f780 flushing nmethod 0x00000205354d5110
Event: 46.464 Thread 0x000002056a06f780 flushing nmethod 0x00000205354d6610
Event: 46.464 Thread 0x000002056a06f780 flushing nmethod 0x00000205354d8e90
Event: 46.465 Thread 0x000002056a06f780 flushing nmethod 0x00000205355b7f90
Event: 46.465 Thread 0x000002056a06f780 flushing nmethod 0x00000205355bd110
Event: 47.043 Thread 0x000002056d3b24d0 Thread added: 0x000002056d3b24d0
Event: 47.043 Thread 0x000002056d3afc50 Thread added: 0x000002056d3afc50
Event: 47.044 Thread 0x000002056d3ae810 Thread added: 0x000002056d3ae810
Event: 47.045 Thread 0x000002056d3b29e0 Thread added: 0x000002056d3b29e0
Event: 47.046 Thread 0x000002056d3b0b80 Thread added: 0x000002056d3b0b80
Event: 47.046 Thread 0x000002056d3ae300 Thread added: 0x000002056d3ae300
Event: 47.046 Thread 0x000002056d3ab570 Thread added: 0x000002056d3ab570
Event: 47.150 Thread 0x000002056d3b1fc0 Thread added: 0x000002056d3b1fc0
Event: 51.911 Thread 0x000002056d3aba80 Thread added: 0x000002056d3aba80
Event: 52.725 Thread 0x000002056d3acec0 Thread added: 0x000002056d3acec0
Event: 52.749 Thread 0x000002056d3b1090 Thread added: 0x000002056d3b1090


Dynamic libraries:
0x00007ff722b70000 - 0x00007ff722b7e000 	C:\Program Files\Microsoft\jdk-17.0.12.7-hotspot\bin\java.exe
0x00007ffd0a3b0000 - 0x00007ffd0a5c7000 	C:\WINDOWS\SYSTEM32\ntdll.dll
0x00007ffcc1e50000 - 0x00007ffcc1e6a000 	C:\Program Files\Avast Software\Avast\aswhook.dll
0x00007ffd08550000 - 0x00007ffd08614000 	C:\WINDOWS\System32\KERNEL32.DLL
0x00007ffd076d0000 - 0x00007ffd07a7d000 	C:\WINDOWS\System32\KERNELBASE.dll
0x00007ffd07bf0000 - 0x00007ffd07d01000 	C:\WINDOWS\System32\ucrtbase.dll
0x00007ffcc28b0000 - 0x00007ffcc28c7000 	C:\Program Files\Microsoft\jdk-17.0.12.7-hotspot\bin\jli.dll
0x00007ffd09e30000 - 0x00007ffd09fde000 	C:\WINDOWS\System32\USER32.dll
0x00007ffd07e30000 - 0x00007ffd07e56000 	C:\WINDOWS\System32\win32u.dll
0x00007ffd09fe0000 - 0x00007ffd0a009000 	C:\WINDOWS\System32\GDI32.dll
0x00007ffd07d10000 - 0x00007ffd07e29000 	C:\WINDOWS\System32\gdi32full.dll
0x00007ffd07fd0000 - 0x00007ffd0806a000 	C:\WINDOWS\System32\msvcp_win.dll
0x00007ffcc2890000 - 0x00007ffcc28ad000 	C:\Program Files\Microsoft\jdk-17.0.12.7-hotspot\bin\VCRUNTIME140.dll
0x00007ffcebcd0000 - 0x00007ffcebf63000 	C:\WINDOWS\WinSxS\amd64_microsoft.windows.common-controls_6595b64144ccf1df_6.0.22621.3672_none_2713b9d173822955\COMCTL32.dll
0x00007ffd087c0000 - 0x00007ffd08867000 	C:\WINDOWS\System32\msvcrt.dll
0x00007ffd08720000 - 0x00007ffd08751000 	C:\WINDOWS\System32\IMM32.DLL
0x00007ffcd19a0000 - 0x00007ffcd19ac000 	C:\Program Files\Microsoft\jdk-17.0.12.7-hotspot\bin\vcruntime140_1.dll
0x00007ffc73400000 - 0x00007ffc7348d000 	C:\Program Files\Microsoft\jdk-17.0.12.7-hotspot\bin\msvcp140.dll
0x00007ffc6a7f0000 - 0x00007ffc6b460000 	C:\Program Files\Microsoft\jdk-17.0.12.7-hotspot\bin\server\jvm.dll
0x00007ffd080e0000 - 0x00007ffd08192000 	C:\WINDOWS\System32\ADVAPI32.dll
0x00007ffd095d0000 - 0x00007ffd09679000 	C:\WINDOWS\System32\sechost.dll
0x00007ffd07f20000 - 0x00007ffd07f48000 	C:\WINDOWS\System32\bcrypt.dll
0x00007ffd0a010000 - 0x00007ffd0a124000 	C:\WINDOWS\System32\RPCRT4.dll
0x00007ffd09280000 - 0x00007ffd092f1000 	C:\WINDOWS\System32\WS2_32.dll
0x00007ffd075a0000 - 0x00007ffd075ed000 	C:\WINDOWS\SYSTEM32\POWRPROF.dll
0x00007ffd01230000 - 0x00007ffd01264000 	C:\WINDOWS\SYSTEM32\WINMM.dll
0x00007ffcfb4d0000 - 0x00007ffcfb4da000 	C:\WINDOWS\SYSTEM32\VERSION.dll
0x00007ffd074d0000 - 0x00007ffd074e3000 	C:\WINDOWS\SYSTEM32\UMPDC.dll
0x00007ffd066e0000 - 0x00007ffd066f8000 	C:\WINDOWS\SYSTEM32\kernel.appcore.dll
0x00007ffccf100000 - 0x00007ffccf10a000 	C:\Program Files\Microsoft\jdk-17.0.12.7-hotspot\bin\jimage.dll
0x00007ffcfc1d0000 - 0x00007ffcfc402000 	C:\WINDOWS\SYSTEM32\DBGHELP.DLL
0x00007ffd081a0000 - 0x00007ffd0852e000 	C:\WINDOWS\System32\combase.dll
0x00007ffd094e0000 - 0x00007ffd095b7000 	C:\WINDOWS\System32\OLEAUT32.dll
0x00007ffcfb630000 - 0x00007ffcfb662000 	C:\WINDOWS\SYSTEM32\dbgcore.DLL
0x00007ffd07f50000 - 0x00007ffd07fcb000 	C:\WINDOWS\System32\bcryptPrimitives.dll
0x00007ffcce860000 - 0x00007ffcce86e000 	C:\Program Files\Microsoft\jdk-17.0.12.7-hotspot\bin\instrument.dll
0x00007ffcbc1f0000 - 0x00007ffcbc215000 	C:\Program Files\Microsoft\jdk-17.0.12.7-hotspot\bin\java.dll
0x00007ffc6f4b0000 - 0x00007ffc6f587000 	C:\Program Files\Microsoft\jdk-17.0.12.7-hotspot\bin\jsvml.dll
0x00007ffd089f0000 - 0x00007ffd09257000 	C:\WINDOWS\System32\SHELL32.dll
0x00007ffd055d0000 - 0x00007ffd05ecf000 	C:\WINDOWS\SYSTEM32\windows.storage.dll
0x00007ffd05490000 - 0x00007ffd055cf000 	C:\WINDOWS\SYSTEM32\wintypes.dll
0x00007ffd08620000 - 0x00007ffd08719000 	C:\WINDOWS\System32\SHCORE.dll
0x00007ffd09680000 - 0x00007ffd096de000 	C:\WINDOWS\System32\shlwapi.dll
0x00007ffd07600000 - 0x00007ffd07627000 	C:\WINDOWS\SYSTEM32\profapi.dll
0x00007ffc8b730000 - 0x00007ffc8b748000 	C:\Program Files\Microsoft\jdk-17.0.12.7-hotspot\bin\zip.dll
0x00007ffc8a860000 - 0x00007ffc8a87a000 	C:\Program Files\Microsoft\jdk-17.0.12.7-hotspot\bin\net.dll
0x00007ffd03480000 - 0x00007ffd035b6000 	C:\WINDOWS\SYSTEM32\WINHTTP.dll
0x00007ffd06b50000 - 0x00007ffd06bb9000 	C:\WINDOWS\system32\mswsock.dll
0x00007ffc8a840000 - 0x00007ffc8a856000 	C:\Program Files\Microsoft\jdk-17.0.12.7-hotspot\bin\nio.dll
0x00007ffcce5a0000 - 0x00007ffcce5b0000 	C:\Program Files\Microsoft\jdk-17.0.12.7-hotspot\bin\verify.dll
0x00007ffcc28f0000 - 0x00007ffcc2917000 	C:\Users\tiliw\.gradle\native\c067742578af261105cb4f569cf0c3c89f3d7b1fecec35dd04571415982c5e48\windows-amd64\native-platform.dll
0x00007ffc6f360000 - 0x00007ffc6f4a4000 	C:\Users\tiliw\.gradle\native\100fb08df4bc3b14c8652ba06237920a3bd2aa13389f12d3474272988ae205f9\windows-amd64\native-platform-file-events.dll
0x00007ffccd630000 - 0x00007ffccd63a000 	C:\Program Files\Microsoft\jdk-17.0.12.7-hotspot\bin\management.dll
0x00007ffccb4d0000 - 0x00007ffccb4db000 	C:\Program Files\Microsoft\jdk-17.0.12.7-hotspot\bin\management_ext.dll
0x00007ffd09260000 - 0x00007ffd09268000 	C:\WINDOWS\System32\PSAPI.DLL
0x00007ffd06d80000 - 0x00007ffd06d9b000 	C:\WINDOWS\SYSTEM32\CRYPTSP.dll
0x00007ffd06640000 - 0x00007ffd06675000 	C:\WINDOWS\system32\rsaenh.dll
0x00007ffd06bf0000 - 0x00007ffd06c18000 	C:\WINDOWS\SYSTEM32\USERENV.dll
0x00007ffd06d70000 - 0x00007ffd06d7c000 	C:\WINDOWS\SYSTEM32\CRYPTBASE.dll
0x00007ffd06170000 - 0x00007ffd0619d000 	C:\WINDOWS\SYSTEM32\IPHLPAPI.DLL
0x00007ffd09270000 - 0x00007ffd09279000 	C:\WINDOWS\System32\NSI.dll
0x00007ffd033c0000 - 0x00007ffd033d9000 	C:\WINDOWS\SYSTEM32\dhcpcsvc6.DLL
0x00007ffd033a0000 - 0x00007ffd033bf000 	C:\WINDOWS\SYSTEM32\dhcpcsvc.DLL
0x00007ffd061a0000 - 0x00007ffd06298000 	C:\WINDOWS\SYSTEM32\DNSAPI.dll
0x00007ffcc9ca0000 - 0x00007ffcc9ca9000 	C:\Program Files\Microsoft\jdk-17.0.12.7-hotspot\bin\extnet.dll
0x00007ffcc9c10000 - 0x00007ffcc9c1e000 	C:\Program Files\Microsoft\jdk-17.0.12.7-hotspot\bin\sunmscapi.dll
0x00007ffd07a80000 - 0x00007ffd07be6000 	C:\WINDOWS\System32\CRYPT32.dll
0x00007ffd06f80000 - 0x00007ffd06fae000 	C:\WINDOWS\SYSTEM32\ncrypt.dll
0x00007ffd06f40000 - 0x00007ffd06f77000 	C:\WINDOWS\SYSTEM32\NTASN1.dll
0x00007ffd01220000 - 0x00007ffd01228000 	C:\WINDOWS\system32\wshunix.dll
0x00007ffcd26f0000 - 0x00007ffcd2707000 	C:\WINDOWS\system32\napinsp.dll
0x00007ffcd26d0000 - 0x00007ffcd26eb000 	C:\WINDOWS\system32\pnrpnsp.dll
0x00007ffcd26b0000 - 0x00007ffcd26c1000 	C:\WINDOWS\System32\winrnr.dll
0x00007ffce99c0000 - 0x00007ffce99d5000 	C:\WINDOWS\system32\wshbth.dll
0x00007ffcd2680000 - 0x00007ffcd26a7000 	C:\WINDOWS\system32\nlansp_c.dll
0x000000006ee40000 - 0x000000006ee66000 	C:\Program Files\Bonjour\mdnsNSP.dll
0x00007ffcfb510000 - 0x00007ffcfb51a000 	C:\Windows\System32\rasadhlp.dll
0x00007ffd00d60000 - 0x00007ffd00de3000 	C:\WINDOWS\System32\fwpuclnt.dll

dbghelp: loaded successfully - version: 4.0.5 - missing functions: none
symbol engine: initialized successfully - sym options: 0x614 - pdb path: .;C:\Program Files\Microsoft\jdk-17.0.12.7-hotspot\bin;C:\WINDOWS\SYSTEM32;C:\Program Files\Avast Software\Avast;C:\WINDOWS\WinSxS\amd64_microsoft.windows.common-controls_6595b64144ccf1df_6.0.22621.3672_none_2713b9d173822955;C:\Program Files\Microsoft\jdk-17.0.12.7-hotspot\bin\server;C:\Users\tiliw\.gradle\native\c067742578af261105cb4f569cf0c3c89f3d7b1fecec35dd04571415982c5e48\windows-amd64;C:\Users\tiliw\.gradle\native\100fb08df4bc3b14c8652ba06237920a3bd2aa13389f12d3474272988ae205f9\windows-amd64;C:\Program Files\Bonjour

VM Arguments:
jvm_args: -XX:MaxMetaspaceSize=512m --add-opens=java.base/java.util=ALL-UNNAMED --add-opens=java.base/java.lang=ALL-UNNAMED --add-opens=java.base/java.lang.invoke=ALL-UNNAMED --add-opens=java.prefs/java.util.prefs=ALL-UNNAMED --add-opens=java.base/java.nio.charset=ALL-UNNAMED --add-opens=java.base/java.net=ALL-UNNAMED --add-opens=java.base/java.util.concurrent.atomic=ALL-UNNAMED -Xmx2048m -Dfile.encoding=utf8 -Duser.country=MX -Duser.language=es -Duser.variant -javaagent:C:\Users\tiliw\.gradle\wrapper\dists\gradle-8.8-all\6gdy1pgp427xkqcjbxw3ylt6h\gradle-8.8\lib\agents\gradle-instrumentation-agent-8.8.jar 
java_command: org.gradle.launcher.daemon.bootstrap.GradleDaemon 8.8
java_class_path (initial): C:\Users\tiliw\.gradle\wrapper\dists\gradle-8.8-all\6gdy1pgp427xkqcjbxw3ylt6h\gradle-8.8\lib\gradle-launcher-8.8.jar
Launcher Type: SUN_STANDARD

[Global flags]
     intx CICompilerCount                          = 4                                         {product} {ergonomic}
   size_t CompressedClassSpaceSize                 = 436207616                                 {product} {ergonomic}
     uint ConcGCThreads                            = 2                                         {product} {ergonomic}
     uint G1ConcRefinementThreads                  = 8                                         {product} {ergonomic}
   size_t G1HeapRegionSize                         = 1048576                                   {product} {ergonomic}
    uintx GCDrainStackTargetSize                   = 64                                        {product} {ergonomic}
   size_t InitialHeapSize                          = 266338304                                 {product} {ergonomic}
   size_t MarkStackSize                            = 4194304                                   {product} {ergonomic}
   size_t MaxHeapSize                              = 2147483648                                {product} {command line}
   size_t MaxMetaspaceSize                         = 536870912                                 {product} {command line}
   size_t MaxNewSize                               = 1287651328                                {product} {ergonomic}
   size_t MinHeapDeltaBytes                        = 1048576                                   {product} {ergonomic}
   size_t MinHeapSize                              = 8388608                                   {product} {ergonomic}
    uintx NonNMethodCodeHeapSize                   = 5839372                                {pd product} {ergonomic}
    uintx NonProfiledCodeHeapSize                  = 122909434                              {pd product} {ergonomic}
    uintx ProfiledCodeHeapSize                     = 122909434                              {pd product} {ergonomic}
    uintx ReservedCodeCacheSize                    = 251658240                              {pd product} {ergonomic}
     bool SegmentedCodeCache                       = true                                      {product} {ergonomic}
   size_t SoftMaxHeapSize                          = 2147483648                             {manageable} {ergonomic}
     bool UseCompressedClassPointers               = true                           {product lp64_product} {ergonomic}
     bool UseCompressedOops                        = true                           {product lp64_product} {ergonomic}
     bool UseG1GC                                  = true                                      {product} {ergonomic}
     bool UseLargePagesIndividualAllocation        = false                                  {pd product} {ergonomic}

Logging:
Log output configuration:
 #0: stdout all=warning uptime,level,tags
 #1: stderr all=off uptime,level,tags

Environment Variables:
JAVA_HOME=C:\Program Files\Microsoft\jdk-17.0.12.7-hotspot\
PATH=C:\Program Files\Microsoft\jdk-17.0.12.7-hotspot\bin;C:\Program Files\Common Files\Oracle\Java\javapath;C:\Program Files\Microsoft\jdk-11.0.18.10-hotspot\bin;C:\WINDOWS\system32;C:\WINDOWS;C:\WINDOWS\System32\Wbem;C:\WINDOWS\System32\WindowsPowerShell\v1.0\;C:\WINDOWS\System32\OpenSSH\;C:\xampp\php;C:\Program Files\Git\cmd;C:\ProgramData\chocolatey\bin;C:\Users\tiliw\AppData\Roaming\nvm;C:\Program Files\nodejs;C:\Program Files\dotnet\;C:\Program Files\nodejs\;C:\laragon\bin\php\php-8.1.10-Win32-vs16-x64;C:\composer;C:\Workspace\apache-maven-3.9.6\bin;C:\Mongo\mongodb-database-tools-windows-x86_64-100.9.4\bin;C:\Program Files\Microsoft SQL Server\150\Tools\Binn\;C:\Program Files\Microsoft SQL Server\Client SDK\ODBC\170\Tools\Binn\;C:\Program Files (x86)\Microsoft SQL Server\160\Tools\Binn\;C:\Program Files\Microsoft SQL Server\160\Tools\Binn\;C:\Program Files\Microsoft SQL Server\160\DTS\Binn\;C:\Program Files (x86)\Microsoft SQL Server\160\DTS\Binn\;C:\Program Files (x86)\Microsoft SQL Server\150\Tools\Binn\;C:\Program Files\Microsoft SQL Server\150\DTS\Binn\;C:\laragon\bin\php\php-8.2.22;C:\Program Files\Java\jdk-17\bin;%LOCALAPPDATA%\Android\Sdk\platform-tools;C:\laragon\bin;C:\laragon\bin\apache\httpd-2.4.54-win64-VS16\bin;C:\laragon\bin\composer;C:\laragon\bin\git\bin;C:\laragon\bin\git\cmd;C:\laragon\bin\git\mingw64\bin;C:\laragon\bin\git\usr\bin;C:\laragon\bin\laragon\utils;C:\laragon\bin\mysql\mysql-8.0.30-winx64\bin;C:\laragon\bin\nginx\nginx-1.22.0;C:\laragon\bin\ngrok;C:\laragon\bin\nodejs\node-v18;C:\laragon\bin\notepad++;C:\laragon\bin\php\php-8.1.10-Win32-vs16-x64;C:\laragon\bin\python\python-3.10;C:\laragon\bin\python\python-3.10\Scripts;C:\laragon\bin\redis\redis-x64-5.0.14.1;C:\laragon\bin\telnet;C:\laragon\usr\bin;C:\Users\tiliw\AppData\Local\Yarn\config\global\node_modules\.bin;C:\Users\tiliw\AppData\Roaming\Composer\vendor\bin;C:\Users\tiliw\AppData\Roaming\npm;C:\Users\tiliw\AppData\Local\Programs\Python\Python312\Scripts\;C:\Users\tiliw\AppDat
USERNAME=angeel §
OS=Windows_NT
PROCESSOR_IDENTIFIER=Intel64 Family 6 Model 126 Stepping 5, GenuineIntel
TMP=C:\Users\tiliw\AppData\Local\Temp
TEMP=C:\Users\tiliw\AppData\Local\Temp



Periodic native trim disabled


---------------  S Y S T E M  ---------------

OS:
 Windows 11 , 64 bit Build 22621 (10.0.22621.3958)
OS uptime: 4 days 16:31 hours
Hyper-V role detected

CPU: total 8 (initial active 8) (4 cores per cpu, 2 threads per core) family 6 model 126 stepping 5 microcode 0xa6, cx8, cmov, fxsr, ht, mmx, 3dnowpref, sse, sse2, sse3, ssse3, sse4.1, sse4.2, popcnt, lzcnt, tsc, tscinvbit, avx, avx2, aes, erms, clmul, bmi1, bmi2, adx, avx512f, avx512dq, avx512cd, avx512bw, avx512vl, sha, fma, vzeroupper, avx512_vpopcntdq, avx512_vpclmulqdq, avx512_vaes, avx512_vnni, clflush, clflushopt, avx512_vbmi2, avx512_vbmi, hv
Processor Information for the first 8 processors :
  Max Mhz: 1190, Current Mhz: 991, Mhz Limit: 987

Memory: 4k page, system-wide physical 16165M (156M free)
TotalPageFile size 23035M (AvailPageFile size 0M)
current process WorkingSet (physical memory assigned to process): 391M, peak: 393M
current process commit charge ("private bytes"): 438M, peak: 441M

vm_info: OpenJDK 64-Bit Server VM (17.0.12+7-LTS) for windows-amd64 JRE (17.0.12+7-LTS), built on Jul 16 2024 18:11:44 by "MicrosoftCorporation" with unknown MS VC++:1939

END.
